mode: set
github.com/bi0dread/figo/v3/examples/example_usage.go:11.13,116.2 71 0
github.com/bi0dread/figo/v3/cmd/seeder/main.go:66.13,68.28 2 0
github.com/bi0dread/figo/v3/cmd/seeder/main.go:68.28,70.3 1 0
github.com/bi0dread/figo/v3/cmd/seeder/main.go:72.2,75.63 2 0
github.com/bi0dread/figo/v3/cmd/seeder/main.go:75.63,77.3 1 0
github.com/bi0dread/figo/v3/cmd/seeder/main.go:80.2,80.56 1 0
github.com/bi0dread/figo/v3/cmd/seeder/main.go:80.56,82.3 1 0
github.com/bi0dread/figo/v3/cmd/seeder/main.go:85.2,85.52 1 0
github.com/bi0dread/figo/v3/cmd/seeder/main.go:85.52,87.3 1 0
github.com/bi0dread/figo/v3/cmd/seeder/main.go:89.2,89.55 1 0
github.com/bi0dread/figo/v3/cmd/seeder/main.go:89.55,91.3 1 0
github.com/bi0dread/figo/v3/cmd/seeder/main.go:93.2,93.53 1 0
github.com/bi0dread/figo/v3/cmd/seeder/main.go:93.53,95.3 1 0
github.com/bi0dread/figo/v3/cmd/seeder/main.go:97.2,97.53 1 0
github.com/bi0dread/figo/v3/cmd/seeder/main.go:100.45,103.26 2 0
github.com/bi0dread/figo/v3/cmd/seeder/main.go:103.26,105.43 2 0
github.com/bi0dread/figo/v3/cmd/seeder/main.go:105.43,108.4 2 0
github.com/bi0dread/figo/v3/cmd/seeder/main.go:109.3,109.18 1 0
github.com/bi0dread/figo/v3/cmd/seeder/main.go:109.18,111.4 1 0
github.com/bi0dread/figo/v3/cmd/seeder/main.go:112.3,113.30 2 0
github.com/bi0dread/figo/v3/cmd/seeder/main.go:116.2,116.56 1 0
github.com/bi0dread/figo/v3/cmd/seeder/main.go:119.38,122.32 2 0
github.com/bi0dread/figo/v3/cmd/seeder/main.go:122.32,123.49 1 0
github.com/bi0dread/figo/v3/cmd/seeder/main.go:123.49,125.4 1 0
github.com/bi0dread/figo/v3/cmd/seeder/main.go:128.2,128.12 1 0
github.com/bi0dread/figo/v3/cmd/seeder/main.go:131.47,136.42 3 0
github.com/bi0dread/figo/v3/cmd/seeder/main.go:136.42,140.3 3 0
github.com/bi0dread/figo/v3/cmd/seeder/main.go:141.2,141.17 1 0
github.com/bi0dread/figo/v3/cmd/seeder/main.go:141.17,143.3 1 0
github.com/bi0dread/figo/v3/cmd/seeder/main.go:146.2,147.16 2 0
github.com/bi0dread/figo/v3/cmd/seeder/main.go:147.16,149.3 1 0
github.com/bi0dread/figo/v3/cmd/seeder/main.go:150.2,153.16 3 0
github.com/bi0dread/figo/v3/cmd/seeder/main.go:153.16,155.3 1 0
github.com/bi0dread/figo/v3/cmd/seeder/main.go:156.2,158.28 2 0
github.com/bi0dread/figo/v3/cmd/seeder/main.go:158.28,160.3 1 0
github.com/bi0dread/figo/v3/cmd/seeder/main.go:162.2,163.12 2 0
github.com/bi0dread/figo/v3/cmd/seeder/main.go:166.34,169.2 2 0
github.com/bi0dread/figo/v3/cmd/seeder/main.go:171.37,174.2 2 0
github.com/bi0dread/figo/v3/cmd/seeder/main.go:176.35,179.2 2 0
github.com/bi0dread/figo/v3/cmd/seeder/main.go:181.38,192.29 9 0
github.com/bi0dread/figo/v3/cmd/seeder/main.go:192.29,198.27 4 0
github.com/bi0dread/figo/v3/cmd/seeder/main.go:198.27,201.4 2 0
github.com/bi0dread/figo/v3/cmd/seeder/main.go:203.3,224.4 1 0
github.com/bi0dread/figo/v3/cmd/seeder/main.go:227.2,227.14 1 0
github.com/bi0dread/figo/v3/cmd/seeder/main.go:230.44,238.29 6 0
github.com/bi0dread/figo/v3/cmd/seeder/main.go:238.29,255.3 2 0
github.com/bi0dread/figo/v3/cmd/seeder/main.go:257.2,257.17 1 0
github.com/bi0dread/figo/v3/cmd/seeder/main.go:260.40,266.29 4 0
github.com/bi0dread/figo/v3/cmd/seeder/main.go:266.29,277.3 1 0
github.com/bi0dread/figo/v3/cmd/seeder/main.go:279.2,279.15 1 0
github.com/bi0dread/figo/v3/cmd/seeder/main.go:282.68,289.34 3 0
github.com/bi0dread/figo/v3/cmd/seeder/main.go:290.14,291.28 1 0
github.com/bi0dread/figo/v3/cmd/seeder/main.go:291.28,306.4 7 0
github.com/bi0dread/figo/v3/cmd/seeder/main.go:307.3,307.61 1 0
github.com/bi0dread/figo/v3/cmd/seeder/main.go:309.17,310.28 1 0
github.com/bi0dread/figo/v3/cmd/seeder/main.go:310.28,325.4 7 0
github.com/bi0dread/figo/v3/cmd/seeder/main.go:326.3,326.64 1 0
github.com/bi0dread/figo/v3/cmd/seeder/main.go:328.15,329.28 1 0
github.com/bi0dread/figo/v3/cmd/seeder/main.go:329.28,344.4 7 0
github.com/bi0dread/figo/v3/cmd/seeder/main.go:345.3,345.62 1 0
github.com/bi0dread/figo/v3/cmd/seeder/main.go:347.10,348.49 1 0
github.com/bi0dread/figo/v3/cmd/seeder/main.go:352.2,353.16 2 0
github.com/bi0dread/figo/v3/cmd/seeder/main.go:353.16,355.3 1 0
github.com/bi0dread/figo/v3/cmd/seeder/main.go:356.2,358.28 2 0
github.com/bi0dread/figo/v3/cmd/seeder/main.go:358.28,360.3 1 0
github.com/bi0dread/figo/v3/cmd/seeder/main.go:362.2,362.12 1 0
github.com/bi0dread/figo/v3/cmd/elasticsearch-test/main.go:13.13,51.2 19 0
github.com/bi0dread/figo/v3/cmd/elasticsearch-test/main.go:53.37,67.2 9 0
github.com/bi0dread/figo/v3/cmd/elasticsearch-test/main.go:69.33,83.2 9 0
github.com/bi0dread/figo/v3/cmd/elasticsearch-test/main.go:85.36,99.2 9 0
github.com/bi0dread/figo/v3/cmd/elasticsearch-test/main.go:101.33,115.2 9 0
github.com/bi0dread/figo/v3/cmd/elasticsearch-test/main.go:117.35,131.2 9 0
github.com/bi0dread/figo/v3/cmd/elasticsearch-test/main.go:133.34,147.2 9 0
github.com/bi0dread/figo/v3/cmd/elasticsearch-test/main.go:149.35,163.2 9 0
github.com/bi0dread/figo/v3/cmd/elasticsearch-test/main.go:165.43,181.32 10 0
github.com/bi0dread/figo/v3/cmd/elasticsearch-test/main.go:181.32,183.3 1 0
github.com/bi0dread/figo/v3/cmd/elasticsearch-test/main.go:198.91,203.16 3 0
github.com/bi0dread/figo/v3/cmd/elasticsearch-test/main.go:203.16,206.3 2 0
github.com/bi0dread/figo/v3/cmd/elasticsearch-test/main.go:209.2,210.16 2 0
github.com/bi0dread/figo/v3/cmd/elasticsearch-test/main.go:210.16,213.3 2 0
github.com/bi0dread/figo/v3/cmd/elasticsearch-test/main.go:214.2,216.28 2 0
github.com/bi0dread/figo/v3/cmd/elasticsearch-test/main.go:216.28,219.3 2 0
github.com/bi0dread/figo/v3/cmd/elasticsearch-test/main.go:221.2,222.67 2 0
github.com/bi0dread/figo/v3/cmd/elasticsearch-test/main.go:222.67,225.3 2 0
github.com/bi0dread/figo/v3/cmd/elasticsearch-test/main.go:227.2,227.15 1 0
github.com/bi0dread/figo/v3/adapter_elasticsearch.go:13.101,16.16 3 0
github.com/bi0dread/figo/v3/adapter_elasticsearch.go:16.16,18.3 1 0
github.com/bi0dread/figo/v3/adapter_elasticsearch.go:19.2,19.32 1 0
github.com/bi0dread/figo/v3/adapter_elasticsearch.go:23.96,26.2 2 0
github.com/bi0dread/figo/v3/adapter_elasticsearch.go:34.47,34.48 0 0
github.com/bi0dread/figo/v3/adapter_elasticsearch.go:37.52,40.2 2 0
github.com/bi0dread/figo/v3/adapter_elasticsearch.go:43.52,45.2 1 0
github.com/bi0dread/figo/v3/adapter_elasticsearch.go:57.57,64.16 3 1
github.com/bi0dread/figo/v3/adapter_elasticsearch.go:64.16,66.3 1 1
github.com/bi0dread/figo/v3/adapter_elasticsearch.go:67.2,67.16 1 1
github.com/bi0dread/figo/v3/adapter_elasticsearch.go:67.16,69.3 1 1
github.com/bi0dread/figo/v3/adapter_elasticsearch.go:72.2,72.45 1 1
github.com/bi0dread/figo/v3/adapter_elasticsearch.go:72.45,73.36 1 1
github.com/bi0dread/figo/v3/adapter_elasticsearch.go:73.36,79.14 2 1
github.com/bi0dread/figo/v3/adapter_elasticsearch.go:79.14,83.5 1 1
github.com/bi0dread/figo/v3/adapter_elasticsearch.go:84.4,84.46 1 1
github.com/bi0dread/figo/v3/adapter_elasticsearch.go:89.2,89.34 1 1
github.com/bi0dread/figo/v3/adapter_elasticsearch.go:89.34,90.42 1 1
github.com/bi0dread/figo/v3/adapter_elasticsearch.go:90.42,92.4 1 1
github.com/bi0dread/figo/v3/adapter_elasticsearch.go:95.2,95.14 1 1
github.com/bi0dread/figo/v3/adapter_elasticsearch.go:99.76,100.21 1 1
github.com/bi0dread/figo/v3/adapter_elasticsearch.go:100.21,104.3 1 0
github.com/bi0dread/figo/v3/adapter_elasticsearch.go:106.2,106.21 1 1
github.com/bi0dread/figo/v3/adapter_elasticsearch.go:106.21,108.3 1 1
github.com/bi0dread/figo/v3/adapter_elasticsearch.go:111.2,117.29 2 0
github.com/bi0dread/figo/v3/adapter_elasticsearch.go:117.29,123.3 2 0
github.com/bi0dread/figo/v3/adapter_elasticsearch.go:125.2,125.18 1 0
github.com/bi0dread/figo/v3/adapter_elasticsearch.go:129.72,130.26 1 1
github.com/bi0dread/figo/v3/adapter_elasticsearch.go:131.14,136.4 1 1
github.com/bi0dread/figo/v3/adapter_elasticsearch.go:137.15,144.4 1 1
github.com/bi0dread/figo/v3/adapter_elasticsearch.go:145.14,152.4 1 1
github.com/bi0dread/figo/v3/adapter_elasticsearch.go:153.14,160.4 1 0
github.com/bi0dread/figo/v3/adapter_elasticsearch.go:161.15,168.4 1 1
github.com/bi0dread/figo/v3/adapter_elasticsearch.go:169.15,178.4 1 1
github.com/bi0dread/figo/v3/adapter_elasticsearch.go:179.16,186.4 2 1
github.com/bi0dread/figo/v3/adapter_elasticsearch.go:187.17,197.4 2 0
github.com/bi0dread/figo/v3/adapter_elasticsearch.go:198.17,203.4 1 1
github.com/bi0dread/figo/v3/adapter_elasticsearch.go:204.18,213.4 1 1
github.com/bi0dread/figo/v3/adapter_elasticsearch.go:214.19,219.4 1 1
github.com/bi0dread/figo/v3/adapter_elasticsearch.go:220.14,225.4 1 1
github.com/bi0dread/figo/v3/adapter_elasticsearch.go:226.17,235.4 1 0
github.com/bi0dread/figo/v3/adapter_elasticsearch.go:236.19,244.4 1 1
github.com/bi0dread/figo/v3/adapter_elasticsearch.go:245.15,251.33 2 1
github.com/bi0dread/figo/v3/adapter_elasticsearch.go:251.33,252.17 1 1
github.com/bi0dread/figo/v3/adapter_elasticsearch.go:252.17,258.5 2 1
github.com/bi0dread/figo/v3/adapter_elasticsearch.go:260.3,260.19 1 1
github.com/bi0dread/figo/v3/adapter_elasticsearch.go:261.14,267.33 2 1
github.com/bi0dread/figo/v3/adapter_elasticsearch.go:267.33,268.17 1 1
github.com/bi0dread/figo/v3/adapter_elasticsearch.go:268.17,274.5 2 1
github.com/bi0dread/figo/v3/adapter_elasticsearch.go:277.3,278.19 2 1
github.com/bi0dread/figo/v3/adapter_elasticsearch.go:279.15,280.50 1 0
github.com/bi0dread/figo/v3/adapter_elasticsearch.go:280.50,286.4 1 0
github.com/bi0dread/figo/v3/adapter_elasticsearch.go:287.3,289.4 1 0
github.com/bi0dread/figo/v3/adapter_elasticsearch.go:290.10,293.4 1 0
github.com/bi0dread/figo/v3/adapter_elasticsearch.go:298.58,301.16 3 1
github.com/bi0dread/figo/v3/adapter_elasticsearch.go:301.16,303.3 1 0
github.com/bi0dread/figo/v3/adapter_elasticsearch.go:304.2,304.31 1 1
github.com/bi0dread/figo/v3/adapter_elasticsearch.go:308.65,311.16 3 0
github.com/bi0dread/figo/v3/adapter_elasticsearch.go:311.16,313.3 1 0
github.com/bi0dread/figo/v3/adapter_elasticsearch.go:314.2,314.31 1 0
github.com/bi0dread/figo/v3/adapter_elasticsearch.go:323.64,331.2 1 1
github.com/bi0dread/figo/v3/adapter_elasticsearch.go:334.81,337.2 2 1
github.com/bi0dread/figo/v3/adapter_elasticsearch.go:340.102,342.16 2 1
github.com/bi0dread/figo/v3/adapter_elasticsearch.go:342.16,344.3 1 1
github.com/bi0dread/figo/v3/adapter_elasticsearch.go:346.2,353.10 3 1
github.com/bi0dread/figo/v3/adapter_elasticsearch.go:357.94,361.2 3 1
github.com/bi0dread/figo/v3/adapter_elasticsearch.go:364.92,367.2 2 1
github.com/bi0dread/figo/v3/adapter_elasticsearch.go:370.64,372.2 1 1
github.com/bi0dread/figo/v3/adapter_elasticsearch.go:375.62,377.16 2 1
github.com/bi0dread/figo/v3/adapter_elasticsearch.go:377.16,379.3 1 0
github.com/bi0dread/figo/v3/adapter_elasticsearch.go:380.2,380.31 1 1
github.com/bi0dread/figo/v3/adapter_elasticsearch.go:384.69,386.16 2 0
github.com/bi0dread/figo/v3/adapter_elasticsearch.go:386.16,388.3 1 0
github.com/bi0dread/figo/v3/adapter_elasticsearch.go:389.2,389.31 1 0
github.com/bi0dread/figo/v3/adapter_gorm.go:12.45,13.23 1 1
github.com/bi0dread/figo/v3/adapter_gorm.go:14.14,15.52 1 1
github.com/bi0dread/figo/v3/adapter_gorm.go:16.15,17.53 1 0
github.com/bi0dread/figo/v3/adapter_gorm.go:18.14,19.52 1 1
github.com/bi0dread/figo/v3/adapter_gorm.go:20.14,21.52 1 1
github.com/bi0dread/figo/v3/adapter_gorm.go:22.15,23.53 1 0
github.com/bi0dread/figo/v3/adapter_gorm.go:24.15,25.53 1 0
github.com/bi0dread/figo/v3/adapter_gorm.go:26.16,27.54 1 1
github.com/bi0dread/figo/v3/adapter_gorm.go:28.17,30.124 1 1
github.com/bi0dread/figo/v3/adapter_gorm.go:31.17,33.104 1 1
github.com/bi0dread/figo/v3/adapter_gorm.go:34.18,35.48 1 1
github.com/bi0dread/figo/v3/adapter_gorm.go:36.19,37.49 1 1
github.com/bi0dread/figo/v3/adapter_gorm.go:38.14,39.54 1 1
github.com/bi0dread/figo/v3/adapter_gorm.go:40.17,41.66 1 1
github.com/bi0dread/figo/v3/adapter_gorm.go:42.19,43.105 1 1
github.com/bi0dread/figo/v3/adapter_gorm.go:44.15,46.33 2 1
github.com/bi0dread/figo/v3/adapter_gorm.go:46.33,47.17 1 1
github.com/bi0dread/figo/v3/adapter_gorm.go:47.17,48.13 1 0
github.com/bi0dread/figo/v3/adapter_gorm.go:50.4,50.43 1 1
github.com/bi0dread/figo/v3/adapter_gorm.go:52.3,52.30 1 1
github.com/bi0dread/figo/v3/adapter_gorm.go:53.14,55.33 2 1
github.com/bi0dread/figo/v3/adapter_gorm.go:55.33,56.17 1 1
github.com/bi0dread/figo/v3/adapter_gorm.go:56.17,57.13 1 0
github.com/bi0dread/figo/v3/adapter_gorm.go:59.4,59.43 1 1
github.com/bi0dread/figo/v3/adapter_gorm.go:61.3,61.29 1 1
github.com/bi0dread/figo/v3/adapter_gorm.go:62.15,64.33 2 0
github.com/bi0dread/figo/v3/adapter_gorm.go:64.33,65.17 1 0
github.com/bi0dread/figo/v3/adapter_gorm.go:65.17,66.13 1 0
github.com/bi0dread/figo/v3/adapter_gorm.go:68.4,68.43 1 0
github.com/bi0dread/figo/v3/adapter_gorm.go:70.3,70.30 1 0
github.com/bi0dread/figo/v3/adapter_gorm.go:71.15,73.31 2 1
github.com/bi0dread/figo/v3/adapter_gorm.go:73.31,75.4 1 1
github.com/bi0dread/figo/v3/adapter_gorm.go:76.3,76.39 1 1
github.com/bi0dread/figo/v3/adapter_gorm.go:77.10,78.13 1 0
github.com/bi0dread/figo/v3/adapter_gorm.go:83.47,88.34 3 1
github.com/bi0dread/figo/v3/adapter_gorm.go:88.34,90.41 2 1
github.com/bi0dread/figo/v3/adapter_gorm.go:90.41,92.4 1 1
github.com/bi0dread/figo/v3/adapter_gorm.go:93.3,93.27 1 1
github.com/bi0dread/figo/v3/adapter_gorm.go:96.2,96.36 1 1
github.com/bi0dread/figo/v3/adapter_gorm.go:96.36,98.23 2 1
github.com/bi0dread/figo/v3/adapter_gorm.go:98.23,99.16 1 1
github.com/bi0dread/figo/v3/adapter_gorm.go:99.16,100.13 1 0
github.com/bi0dread/figo/v3/adapter_gorm.go:102.4,102.40 1 1
github.com/bi0dread/figo/v3/adapter_gorm.go:104.3,104.29 1 1
github.com/bi0dread/figo/v3/adapter_gorm.go:107.2,107.49 1 1
github.com/bi0dread/figo/v3/adapter_gorm.go:107.49,109.29 2 1
github.com/bi0dread/figo/v3/adapter_gorm.go:109.29,110.16 1 1
github.com/bi0dread/figo/v3/adapter_gorm.go:110.16,111.13 1 0
github.com/bi0dread/figo/v3/adapter_gorm.go:113.4,113.40 1 1
github.com/bi0dread/figo/v3/adapter_gorm.go:115.3,115.29 1 1
github.com/bi0dread/figo/v3/adapter_gorm.go:119.2,119.45 1 1
github.com/bi0dread/figo/v3/adapter_gorm.go:119.45,121.3 1 1
github.com/bi0dread/figo/v3/adapter_gorm.go:123.2,123.12 1 1
github.com/bi0dread/figo/v3/adapter_gorm.go:127.69,144.2 11 1
github.com/bi0dread/figo/v3/adapter_gorm.go:147.81,149.22 2 1
github.com/bi0dread/figo/v3/adapter_gorm.go:149.22,151.3 1 0
github.com/bi0dread/figo/v3/adapter_gorm.go:152.2,152.53 1 1
github.com/bi0dread/figo/v3/adapter_gorm.go:158.90,160.2 1 1
github.com/bi0dread/figo/v3/adapter_gorm.go:162.85,164.22 2 1
github.com/bi0dread/figo/v3/adapter_gorm.go:164.22,166.3 1 0
github.com/bi0dread/figo/v3/adapter_gorm.go:167.2,168.44 2 1
github.com/bi0dread/figo/v3/adapter_mongo.go:22.38,24.2 1 1
github.com/bi0dread/figo/v3/adapter_mongo.go:27.57,31.16 3 1
github.com/bi0dread/figo/v3/adapter_mongo.go:31.16,34.3 2 1
github.com/bi0dread/figo/v3/adapter_mongo.go:35.2,35.16 1 1
github.com/bi0dread/figo/v3/adapter_mongo.go:35.16,38.3 2 0
github.com/bi0dread/figo/v3/adapter_mongo.go:40.2,40.45 1 1
github.com/bi0dread/figo/v3/adapter_mongo.go:40.45,42.36 2 1
github.com/bi0dread/figo/v3/adapter_mongo.go:42.36,44.14 2 1
github.com/bi0dread/figo/v3/adapter_mongo.go:44.14,46.5 1 1
github.com/bi0dread/figo/v3/adapter_mongo.go:47.4,47.54 1 1
github.com/bi0dread/figo/v3/adapter_mongo.go:49.3,49.18 1 1
github.com/bi0dread/figo/v3/adapter_mongo.go:49.18,51.4 1 1
github.com/bi0dread/figo/v3/adapter_mongo.go:53.2,53.13 1 1
github.com/bi0dread/figo/v3/adapter_mongo.go:59.85,64.24 3 1
github.com/bi0dread/figo/v3/adapter_mongo.go:64.24,66.3 1 0
github.com/bi0dread/figo/v3/adapter_mongo.go:69.2,69.46 1 1
github.com/bi0dread/figo/v3/adapter_mongo.go:69.46,71.10 2 1
github.com/bi0dread/figo/v3/adapter_mongo.go:71.10,74.4 1 0
github.com/bi0dread/figo/v3/adapter_mongo.go:75.3,84.21 3 1
github.com/bi0dread/figo/v3/adapter_mongo.go:84.21,86.18 2 1
github.com/bi0dread/figo/v3/adapter_mongo.go:86.18,88.5 1 1
github.com/bi0dread/figo/v3/adapter_mongo.go:92.2,92.17 1 1
github.com/bi0dread/figo/v3/adapter_mongo.go:96.53,97.21 1 1
github.com/bi0dread/figo/v3/adapter_mongo.go:97.21,99.3 1 1
github.com/bi0dread/figo/v3/adapter_mongo.go:101.2,102.26 2 1
github.com/bi0dread/figo/v3/adapter_mongo.go:102.26,103.15 1 1
github.com/bi0dread/figo/v3/adapter_mongo.go:103.15,104.12 1 0
github.com/bi0dread/figo/v3/adapter_mongo.go:106.3,106.36 1 1
github.com/bi0dread/figo/v3/adapter_mongo.go:106.36,108.4 1 1
github.com/bi0dread/figo/v3/adapter_mongo.go:110.2,110.21 1 1
github.com/bi0dread/figo/v3/adapter_mongo.go:110.21,112.3 1 1
github.com/bi0dread/figo/v3/adapter_mongo.go:113.2,113.30 1 1
github.com/bi0dread/figo/v3/adapter_mongo.go:116.80,117.21 1 1
github.com/bi0dread/figo/v3/adapter_mongo.go:117.21,119.3 1 0
github.com/bi0dread/figo/v3/adapter_mongo.go:120.2,121.26 2 1
github.com/bi0dread/figo/v3/adapter_mongo.go:121.26,122.15 1 1
github.com/bi0dread/figo/v3/adapter_mongo.go:122.15,123.12 1 0
github.com/bi0dread/figo/v3/adapter_mongo.go:125.3,125.56 1 1
github.com/bi0dread/figo/v3/adapter_mongo.go:125.56,127.4 1 1
github.com/bi0dread/figo/v3/adapter_mongo.go:129.2,129.21 1 1
github.com/bi0dread/figo/v3/adapter_mongo.go:129.21,131.3 1 1
github.com/bi0dread/figo/v3/adapter_mongo.go:132.2,132.30 1 0
github.com/bi0dread/figo/v3/adapter_mongo.go:136.31,137.23 1 1
github.com/bi0dread/figo/v3/adapter_mongo.go:138.14,139.34 1 1
github.com/bi0dread/figo/v3/adapter_mongo.go:140.15,141.50 1 1
github.com/bi0dread/figo/v3/adapter_mongo.go:142.14,143.49 1 1
github.com/bi0dread/figo/v3/adapter_mongo.go:144.14,145.49 1 1
github.com/bi0dread/figo/v3/adapter_mongo.go:146.15,147.50 1 1
github.com/bi0dread/figo/v3/adapter_mongo.go:148.15,149.49 1 0
github.com/bi0dread/figo/v3/adapter_mongo.go:150.16,151.65 1 1
github.com/bi0dread/figo/v3/adapter_mongo.go:152.17,154.30 1 0
github.com/bi0dread/figo/v3/adapter_mongo.go:155.23,156.47 1 0
github.com/bi0dread/figo/v3/adapter_mongo.go:157.15,159.67 1 0
github.com/bi0dread/figo/v3/adapter_mongo.go:160.11,161.19 1 0
github.com/bi0dread/figo/v3/adapter_mongo.go:163.17,164.82 1 1
github.com/bi0dread/figo/v3/adapter_mongo.go:165.18,166.51 1 1
github.com/bi0dread/figo/v3/adapter_mongo.go:167.19,168.50 1 1
github.com/bi0dread/figo/v3/adapter_mongo.go:169.14,170.50 1 1
github.com/bi0dread/figo/v3/adapter_mongo.go:171.17,172.51 1 1
github.com/bi0dread/figo/v3/adapter_mongo.go:173.19,174.64 1 1
github.com/bi0dread/figo/v3/adapter_mongo.go:175.15,177.33 2 1
github.com/bi0dread/figo/v3/adapter_mongo.go:177.33,178.38 1 1
github.com/bi0dread/figo/v3/adapter_mongo.go:178.38,180.5 1 1
github.com/bi0dread/figo/v3/adapter_mongo.go:182.3,182.31 1 1
github.com/bi0dread/figo/v3/adapter_mongo.go:183.14,185.33 2 1
github.com/bi0dread/figo/v3/adapter_mongo.go:185.33,186.38 1 1
github.com/bi0dread/figo/v3/adapter_mongo.go:186.38,188.5 1 1
github.com/bi0dread/figo/v3/adapter_mongo.go:190.3,190.30 1 1
github.com/bi0dread/figo/v3/adapter_mongo.go:191.15,193.33 2 0
github.com/bi0dread/figo/v3/adapter_mongo.go:193.33,194.38 1 0
github.com/bi0dread/figo/v3/adapter_mongo.go:194.38,196.5 1 0
github.com/bi0dread/figo/v3/adapter_mongo.go:198.3,198.31 1 0
github.com/bi0dread/figo/v3/adapter_mongo.go:199.15,200.18 1 0
github.com/bi0dread/figo/v3/adapter_mongo.go:201.10,202.18 1 0
github.com/bi0dread/figo/v3/adapter_mongo.go:206.58,207.33 1 1
github.com/bi0dread/figo/v3/adapter_mongo.go:207.33,207.67 1 1
github.com/bi0dread/figo/v3/adapter_mongo.go:208.2,208.23 1 1
github.com/bi0dread/figo/v3/adapter_mongo.go:209.14,210.37 1 1
github.com/bi0dread/figo/v3/adapter_mongo.go:211.15,212.53 1 0
github.com/bi0dread/figo/v3/adapter_mongo.go:213.14,214.52 1 0
github.com/bi0dread/figo/v3/adapter_mongo.go:215.14,216.52 1 0
github.com/bi0dread/figo/v3/adapter_mongo.go:217.15,218.53 1 0
github.com/bi0dread/figo/v3/adapter_mongo.go:219.15,220.52 1 0
github.com/bi0dread/figo/v3/adapter_mongo.go:221.16,222.68 1 0
github.com/bi0dread/figo/v3/adapter_mongo.go:223.17,224.30 1 0
github.com/bi0dread/figo/v3/adapter_mongo.go:225.23,226.50 1 0
github.com/bi0dread/figo/v3/adapter_mongo.go:227.15,228.70 1 0
github.com/bi0dread/figo/v3/adapter_mongo.go:229.11,230.19 1 0
github.com/bi0dread/figo/v3/adapter_mongo.go:232.17,233.85 1 0
github.com/bi0dread/figo/v3/adapter_mongo.go:234.18,235.54 1 0
github.com/bi0dread/figo/v3/adapter_mongo.go:236.19,237.53 1 0
github.com/bi0dread/figo/v3/adapter_mongo.go:238.14,239.53 1 0
github.com/bi0dread/figo/v3/adapter_mongo.go:240.17,241.54 1 0
github.com/bi0dread/figo/v3/adapter_mongo.go:242.19,243.67 1 0
github.com/bi0dread/figo/v3/adapter_mongo.go:244.15,246.33 2 0
github.com/bi0dread/figo/v3/adapter_mongo.go:246.33,247.58 1 0
github.com/bi0dread/figo/v3/adapter_mongo.go:247.58,249.5 1 0
github.com/bi0dread/figo/v3/adapter_mongo.go:251.3,251.31 1 0
github.com/bi0dread/figo/v3/adapter_mongo.go:252.14,254.33 2 1
github.com/bi0dread/figo/v3/adapter_mongo.go:254.33,255.58 1 1
github.com/bi0dread/figo/v3/adapter_mongo.go:255.58,257.5 1 1
github.com/bi0dread/figo/v3/adapter_mongo.go:259.3,259.30 1 1
github.com/bi0dread/figo/v3/adapter_mongo.go:260.15,262.33 2 0
github.com/bi0dread/figo/v3/adapter_mongo.go:262.33,263.58 1 0
github.com/bi0dread/figo/v3/adapter_mongo.go:263.58,265.5 1 0
github.com/bi0dread/figo/v3/adapter_mongo.go:267.3,267.31 1 0
github.com/bi0dread/figo/v3/adapter_mongo.go:268.15,269.18 1 0
github.com/bi0dread/figo/v3/adapter_mongo.go:270.10,271.18 1 0
github.com/bi0dread/figo/v3/adapter_mongo.go:275.40,278.23 2 1
github.com/bi0dread/figo/v3/adapter_mongo.go:279.14,280.8 1 1
github.com/bi0dread/figo/v3/adapter_mongo.go:281.10,282.20 1 0
github.com/bi0dread/figo/v3/adapter_mongo.go:285.2,289.36 4 1
github.com/bi0dread/figo/v3/adapter_mongo.go:293.65,295.2 1 1
github.com/bi0dread/figo/v3/adapter_mongo.go:298.111,302.2 3 1
github.com/bi0dread/figo/v3/adapter_mongo.go:307.91,310.2 1 0
github.com/bi0dread/figo/v3/adapter_mongo.go:320.34,320.35 0 0
github.com/bi0dread/figo/v3/adapter_mongo.go:327.39,327.40 0 0
github.com/bi0dread/figo/v3/adapter_mongo.go:329.86,332.35 2 1
github.com/bi0dread/figo/v3/adapter_mongo.go:332.35,334.59 2 1
github.com/bi0dread/figo/v3/adapter_mongo.go:334.59,336.9 2 1
github.com/bi0dread/figo/v3/adapter_mongo.go:339.2,339.11 1 1
github.com/bi0dread/figo/v3/adapter_mongo.go:339.11,341.46 2 1
github.com/bi0dread/figo/v3/adapter_mongo.go:341.46,343.4 1 1
github.com/bi0dread/figo/v3/adapter_mongo.go:344.3,345.66 2 1
github.com/bi0dread/figo/v3/adapter_mongo.go:347.2,348.60 2 1
github.com/bi0dread/figo/v3/adapter_raw.go:17.53,19.42 2 0
github.com/bi0dread/figo/v3/adapter_raw.go:19.42,22.3 2 0
github.com/bi0dread/figo/v3/adapter_raw.go:23.2,23.15 1 0
github.com/bi0dread/figo/v3/adapter_raw.go:27.44,29.2 1 1
github.com/bi0dread/figo/v3/adapter_raw.go:34.78,37.34 2 1
github.com/bi0dread/figo/v3/adapter_raw.go:37.34,39.41 2 0
github.com/bi0dread/figo/v3/adapter_raw.go:39.41,41.4 1 0
github.com/bi0dread/figo/v3/adapter_raw.go:42.3,43.31 2 0
github.com/bi0dread/figo/v3/adapter_raw.go:43.31,45.4 1 0
github.com/bi0dread/figo/v3/adapter_raw.go:46.3,46.36 1 0
github.com/bi0dread/figo/v3/adapter_raw.go:47.8,47.29 1 1
github.com/bi0dread/figo/v3/adapter_raw.go:47.29,49.29 2 0
github.com/bi0dread/figo/v3/adapter_raw.go:49.29,51.4 1 0
github.com/bi0dread/figo/v3/adapter_raw.go:52.3,52.36 1 0
github.com/bi0dread/figo/v3/adapter_raw.go:56.2,62.19 6 1
github.com/bi0dread/figo/v3/adapter_raw.go:62.19,64.3 1 1
github.com/bi0dread/figo/v3/adapter_raw.go:65.2,65.17 1 1
github.com/bi0dread/figo/v3/adapter_raw.go:65.17,67.3 1 1
github.com/bi0dread/figo/v3/adapter_raw.go:68.2,68.19 1 1
github.com/bi0dread/figo/v3/adapter_raw.go:68.19,70.3 1 1
github.com/bi0dread/figo/v3/adapter_raw.go:71.2,71.23 1 1
github.com/bi0dread/figo/v3/adapter_raw.go:71.23,73.3 1 1
github.com/bi0dread/figo/v3/adapter_raw.go:75.2,77.20 3 1
github.com/bi0dread/figo/v3/adapter_raw.go:82.56,83.21 1 1
github.com/bi0dread/figo/v3/adapter_raw.go:83.21,85.3 1 1
github.com/bi0dread/figo/v3/adapter_raw.go:88.2,90.26 3 1
github.com/bi0dread/figo/v3/adapter_raw.go:90.26,91.15 1 1
github.com/bi0dread/figo/v3/adapter_raw.go:91.15,92.12 1 0
github.com/bi0dread/figo/v3/adapter_raw.go:94.3,95.14 2 1
github.com/bi0dread/figo/v3/adapter_raw.go:95.14,98.4 2 1
github.com/bi0dread/figo/v3/adapter_raw.go:100.2,100.43 1 1
github.com/bi0dread/figo/v3/adapter_raw.go:103.40,104.23 1 1
github.com/bi0dread/figo/v3/adapter_raw.go:105.14,106.68 1 1
github.com/bi0dread/figo/v3/adapter_raw.go:107.15,108.69 1 1
github.com/bi0dread/figo/v3/adapter_raw.go:109.14,110.68 1 1
github.com/bi0dread/figo/v3/adapter_raw.go:111.14,112.68 1 1
github.com/bi0dread/figo/v3/adapter_raw.go:113.15,114.69 1 1
github.com/bi0dread/figo/v3/adapter_raw.go:115.15,116.69 1 1
github.com/bi0dread/figo/v3/adapter_raw.go:117.16,118.71 1 1
github.com/bi0dread/figo/v3/adapter_raw.go:119.17,121.92 1 1
github.com/bi0dread/figo/v3/adapter_raw.go:122.17,123.85 1 1
github.com/bi0dread/figo/v3/adapter_raw.go:124.18,125.61 1 1
github.com/bi0dread/figo/v3/adapter_raw.go:126.19,127.65 1 1
github.com/bi0dread/figo/v3/adapter_raw.go:128.14,129.25 1 1
github.com/bi0dread/figo/v3/adapter_raw.go:129.25,131.4 1 0
github.com/bi0dread/figo/v3/adapter_raw.go:132.3,134.100 3 1
github.com/bi0dread/figo/v3/adapter_raw.go:135.17,136.25 1 1
github.com/bi0dread/figo/v3/adapter_raw.go:136.25,138.4 1 0
github.com/bi0dread/figo/v3/adapter_raw.go:139.3,141.104 3 1
github.com/bi0dread/figo/v3/adapter_raw.go:142.19,143.86 1 1
github.com/bi0dread/figo/v3/adapter_raw.go:144.15,145.38 1 1
github.com/bi0dread/figo/v3/adapter_raw.go:146.14,147.37 1 1
github.com/bi0dread/figo/v3/adapter_raw.go:148.15,149.27 1 1
github.com/bi0dread/figo/v3/adapter_raw.go:149.27,151.4 1 0
github.com/bi0dread/figo/v3/adapter_raw.go:152.3,153.18 2 1
github.com/bi0dread/figo/v3/adapter_raw.go:153.18,155.4 1 0
github.com/bi0dread/figo/v3/adapter_raw.go:156.3,156.46 1 1
github.com/bi0dread/figo/v3/adapter_raw.go:157.15,159.17 1 0
github.com/bi0dread/figo/v3/adapter_raw.go:160.10,161.17 1 0
github.com/bi0dread/figo/v3/adapter_raw.go:165.67,167.36 1 1
github.com/bi0dread/figo/v3/adapter_raw.go:167.36,167.94 1 1
github.com/bi0dread/figo/v3/adapter_raw.go:168.2,168.23 1 1
github.com/bi0dread/figo/v3/adapter_raw.go:169.14,170.62 1 1
github.com/bi0dread/figo/v3/adapter_raw.go:171.15,172.63 1 0
github.com/bi0dread/figo/v3/adapter_raw.go:173.14,174.62 1 1
github.com/bi0dread/figo/v3/adapter_raw.go:175.14,176.62 1 0
github.com/bi0dread/figo/v3/adapter_raw.go:177.15,178.63 1 0
github.com/bi0dread/figo/v3/adapter_raw.go:179.15,180.63 1 0
github.com/bi0dread/figo/v3/adapter_raw.go:181.16,182.65 1 1
github.com/bi0dread/figo/v3/adapter_raw.go:183.17,184.86 1 0
github.com/bi0dread/figo/v3/adapter_raw.go:185.17,186.79 1 0
github.com/bi0dread/figo/v3/adapter_raw.go:187.18,188.55 1 0
github.com/bi0dread/figo/v3/adapter_raw.go:189.19,190.59 1 0
github.com/bi0dread/figo/v3/adapter_raw.go:191.14,192.25 1 0
github.com/bi0dread/figo/v3/adapter_raw.go:192.25,194.4 1 0
github.com/bi0dread/figo/v3/adapter_raw.go:195.3,197.94 3 0
github.com/bi0dread/figo/v3/adapter_raw.go:198.17,199.25 1 0
github.com/bi0dread/figo/v3/adapter_raw.go:199.25,201.4 1 0
github.com/bi0dread/figo/v3/adapter_raw.go:202.3,204.98 3 0
github.com/bi0dread/figo/v3/adapter_raw.go:205.19,206.80 1 0
github.com/bi0dread/figo/v3/adapter_raw.go:207.15,208.58 1 1
github.com/bi0dread/figo/v3/adapter_raw.go:209.14,210.57 1 1
github.com/bi0dread/figo/v3/adapter_raw.go:211.15,212.27 1 0
github.com/bi0dread/figo/v3/adapter_raw.go:212.27,214.4 1 0
github.com/bi0dread/figo/v3/adapter_raw.go:215.3,216.18 2 0
github.com/bi0dread/figo/v3/adapter_raw.go:216.18,218.4 1 0
github.com/bi0dread/figo/v3/adapter_raw.go:219.3,219.46 1 0
github.com/bi0dread/figo/v3/adapter_raw.go:220.15,221.17 1 0
github.com/bi0dread/figo/v3/adapter_raw.go:222.10,223.17 1 0
github.com/bi0dread/figo/v3/adapter_raw.go:227.60,230.29 3 1
github.com/bi0dread/figo/v3/adapter_raw.go:230.29,231.15 1 1
github.com/bi0dread/figo/v3/adapter_raw.go:231.15,232.12 1 1
github.com/bi0dread/figo/v3/adapter_raw.go:234.3,235.14 2 1
github.com/bi0dread/figo/v3/adapter_raw.go:235.14,238.4 2 1
github.com/bi0dread/figo/v3/adapter_raw.go:240.2,240.21 1 1
github.com/bi0dread/figo/v3/adapter_raw.go:240.21,242.3 1 0
github.com/bi0dread/figo/v3/adapter_raw.go:243.2,243.21 1 1
github.com/bi0dread/figo/v3/adapter_raw.go:243.21,245.3 1 1
github.com/bi0dread/figo/v3/adapter_raw.go:246.2,246.58 1 1
github.com/bi0dread/figo/v3/adapter_raw.go:249.87,252.29 3 1
github.com/bi0dread/figo/v3/adapter_raw.go:252.29,253.15 1 1
github.com/bi0dread/figo/v3/adapter_raw.go:253.15,254.12 1 0
github.com/bi0dread/figo/v3/adapter_raw.go:256.3,257.14 2 1
github.com/bi0dread/figo/v3/adapter_raw.go:257.14,260.4 2 1
github.com/bi0dread/figo/v3/adapter_raw.go:262.2,262.21 1 1
github.com/bi0dread/figo/v3/adapter_raw.go:262.21,264.3 1 0
github.com/bi0dread/figo/v3/adapter_raw.go:265.2,265.21 1 1
github.com/bi0dread/figo/v3/adapter_raw.go:265.21,267.3 1 0
github.com/bi0dread/figo/v3/adapter_raw.go:268.2,268.58 1 1
github.com/bi0dread/figo/v3/adapter_raw.go:271.34,272.45 1 1
github.com/bi0dread/figo/v3/adapter_raw.go:272.45,274.36 2 1
github.com/bi0dread/figo/v3/adapter_raw.go:274.36,276.14 2 1
github.com/bi0dread/figo/v3/adapter_raw.go:276.14,278.5 1 1
github.com/bi0dread/figo/v3/adapter_raw.go:279.4,279.70 1 1
github.com/bi0dread/figo/v3/adapter_raw.go:281.3,281.20 1 1
github.com/bi0dread/figo/v3/adapter_raw.go:281.20,283.4 1 1
github.com/bi0dread/figo/v3/adapter_raw.go:285.2,285.11 1 1
github.com/bi0dread/figo/v3/adapter_raw.go:288.38,292.32 2 1
github.com/bi0dread/figo/v3/adapter_raw.go:292.32,294.3 1 0
github.com/bi0dread/figo/v3/adapter_raw.go:295.2,295.30 1 1
github.com/bi0dread/figo/v3/adapter_raw.go:295.30,297.3 1 1
github.com/bi0dread/figo/v3/adapter_raw.go:298.2,298.16 1 1
github.com/bi0dread/figo/v3/adapter_raw.go:298.16,300.3 1 1
github.com/bi0dread/figo/v3/adapter_raw.go:302.2,302.41 1 0
github.com/bi0dread/figo/v3/adapter_raw.go:305.38,308.2 1 1
github.com/bi0dread/figo/v3/adapter_raw.go:316.87,317.25 1 1
github.com/bi0dread/figo/v3/adapter_raw.go:318.14,320.25 2 0
github.com/bi0dread/figo/v3/adapter_raw.go:321.18,323.25 2 1
github.com/bi0dread/figo/v3/adapter_raw.go:324.10,325.24 1 1
github.com/bi0dread/figo/v3/adapter_raw.go:332.89,334.9 2 1
github.com/bi0dread/figo/v3/adapter_raw.go:334.9,336.3 1 1
github.com/bi0dread/figo/v3/adapter_raw.go:337.2,337.44 1 1
github.com/bi0dread/figo/v3/adapter_raw.go:340.84,342.9 2 1
github.com/bi0dread/figo/v3/adapter_raw.go:342.9,344.3 1 1
github.com/bi0dread/figo/v3/adapter_raw.go:345.2,345.45 1 1
github.com/bi0dread/figo/v3/adapter_raw.go:348.87,351.34 2 1
github.com/bi0dread/figo/v3/adapter_raw.go:351.34,353.41 2 1
github.com/bi0dread/figo/v3/adapter_raw.go:353.41,355.4 1 1
github.com/bi0dread/figo/v3/adapter_raw.go:356.3,357.31 2 1
github.com/bi0dread/figo/v3/adapter_raw.go:357.31,359.4 1 1
github.com/bi0dread/figo/v3/adapter_raw.go:360.3,360.36 1 1
github.com/bi0dread/figo/v3/adapter_raw.go:363.2,369.29 5 1
github.com/bi0dread/figo/v3/adapter_raw.go:369.29,371.3 1 0
github.com/bi0dread/figo/v3/adapter_raw.go:374.2,377.35 4 1
github.com/bi0dread/figo/v3/adapter_raw.go:377.35,379.15 2 1
github.com/bi0dread/figo/v3/adapter_raw.go:380.17,381.57 1 1
github.com/bi0dread/figo/v3/adapter_raw.go:382.15,383.68 1 1
github.com/bi0dread/figo/v3/adapter_raw.go:384.24,385.19 1 1
github.com/bi0dread/figo/v3/adapter_raw.go:385.19,388.5 2 1
github.com/bi0dread/figo/v3/adapter_raw.go:389.27,390.21 1 1
github.com/bi0dread/figo/v3/adapter_raw.go:390.21,392.5 1 1
github.com/bi0dread/figo/v3/adapter_raw.go:393.16,394.25 1 0
github.com/bi0dread/figo/v3/adapter_raw.go:394.25,395.49 1 0
github.com/bi0dread/figo/v3/adapter_raw.go:395.49,397.6 1 0
github.com/bi0dread/figo/v3/adapter_raw.go:399.17,400.25 1 0
github.com/bi0dread/figo/v3/adapter_raw.go:400.25,401.50 1 0
github.com/bi0dread/figo/v3/adapter_raw.go:401.50,403.6 1 0
github.com/bi0dread/figo/v3/adapter_raw.go:403.11,403.57 1 0
github.com/bi0dread/figo/v3/adapter_raw.go:403.57,406.6 2 0
github.com/bi0dread/figo/v3/adapter_raw.go:408.15,409.25 1 0
github.com/bi0dread/figo/v3/adapter_raw.go:409.25,411.5 1 0
github.com/bi0dread/figo/v3/adapter_raw.go:412.15,413.35 1 1
github.com/bi0dread/figo/v3/adapter_raw.go:413.35,417.5 3 1
github.com/bi0dread/figo/v3/adapter_raw.go:418.19,418.19 0 0
github.com/bi0dread/figo/v3/adapter_raw.go:423.2,424.22 2 1
github.com/bi0dread/figo/v3/adapter_raw.go:427.46,429.12 2 1
github.com/bi0dread/figo/v3/adapter_raw.go:430.14,431.16 1 1
github.com/bi0dread/figo/v3/adapter_raw.go:432.14,433.16 1 0
github.com/bi0dread/figo/v3/adapter_raw.go:434.49,435.20 1 0
github.com/bi0dread/figo/v3/adapter_raw.go:436.10,437.12 1 1
github.com/bi0dread/figo/v3/adapter_raw.go:444.41,446.19 2 1
github.com/bi0dread/figo/v3/adapter_raw.go:446.19,448.3 1 1
github.com/bi0dread/figo/v3/adapter_raw.go:449.2,451.32 3 1
github.com/bi0dread/figo/v3/adapter_raw.go:451.32,453.18 2 1
github.com/bi0dread/figo/v3/adapter_raw.go:453.18,455.12 2 0
github.com/bi0dread/figo/v3/adapter_raw.go:457.3,458.33 2 1
github.com/bi0dread/figo/v3/adapter_raw.go:460.2,460.39 1 1
github.com/bi0dread/figo/v3/adapter_raw.go:463.83,464.21 1 1
github.com/bi0dread/figo/v3/adapter_raw.go:464.21,466.3 1 0
github.com/bi0dread/figo/v3/adapter_raw.go:467.2,469.26 3 1
github.com/bi0dread/figo/v3/adapter_raw.go:469.26,470.15 1 1
github.com/bi0dread/figo/v3/adapter_raw.go:470.15,471.12 1 0
github.com/bi0dread/figo/v3/adapter_raw.go:473.3,474.14 2 1
github.com/bi0dread/figo/v3/adapter_raw.go:474.14,477.4 2 1
github.com/bi0dread/figo/v3/adapter_raw.go:479.2,479.43 1 1
github.com/bi0dread/figo/v3/adapter_raw.go:484.56,485.20 1 1
github.com/bi0dread/figo/v3/adapter_raw.go:485.20,487.3 1 1
github.com/bi0dread/figo/v3/adapter_raw.go:488.2,494.32 6 1
github.com/bi0dread/figo/v3/adapter_raw.go:494.32,496.30 2 1
github.com/bi0dread/figo/v3/adapter_raw.go:496.30,499.12 3 0
github.com/bi0dread/figo/v3/adapter_raw.go:501.3,501.29 1 1
github.com/bi0dread/figo/v3/adapter_raw.go:501.29,504.12 3 0
github.com/bi0dread/figo/v3/adapter_raw.go:506.3,506.61 1 1
github.com/bi0dread/figo/v3/adapter_raw.go:506.61,509.12 3 1
github.com/bi0dread/figo/v3/adapter_raw.go:511.3,511.18 1 1
github.com/bi0dread/figo/v3/adapter_raw.go:513.2,513.19 1 1
github.com/bi0dread/figo/v3/adapter_raw.go:516.33,517.23 1 1
github.com/bi0dread/figo/v3/adapter_raw.go:518.11,519.16 1 0
github.com/bi0dread/figo/v3/adapter_raw.go:520.38,521.30 1 1
github.com/bi0dread/figo/v3/adapter_raw.go:522.43,523.30 1 0
github.com/bi0dread/figo/v3/adapter_raw.go:524.24,525.30 1 0
github.com/bi0dread/figo/v3/adapter_raw.go:526.12,527.8 1 0
github.com/bi0dread/figo/v3/adapter_raw.go:527.8,529.4 1 0
github.com/bi0dread/figo/v3/adapter_raw.go:530.3,530.17 1 0
github.com/bi0dread/figo/v3/adapter_raw.go:531.14,532.51 1 1
github.com/bi0dread/figo/v3/adapter_raw.go:533.10,535.70 1 0
github.com/bi0dread/figo/v3/adapter_raw.go:539.39,544.2 3 1
github.com/bi0dread/figo/v3/adapter_raw.go:546.54,547.31 1 1
github.com/bi0dread/figo/v3/adapter_raw.go:548.34,549.56 1 1
github.com/bi0dread/figo/v3/adapter_raw.go:550.33,551.14 1 0
github.com/bi0dread/figo/v3/adapter_raw.go:552.10,553.14 1 0
github.com/bi0dread/figo/v3/figo.go:23.37,25.14 2 1
github.com/bi0dread/figo/v3/figo.go:25.14,27.3 1 0
github.com/bi0dread/figo/v3/figo.go:28.2,28.23 1 1
github.com/bi0dread/figo/v3/figo.go:32.35,32.62 1 1
github.com/bi0dread/figo/v3/figo.go:163.62,168.2 1 1
github.com/bi0dread/figo/v3/figo.go:171.92,172.17 1 1
github.com/bi0dread/figo/v3/figo.go:172.17,174.3 1 1
github.com/bi0dread/figo/v3/figo.go:176.2,184.14 7 1
github.com/bi0dread/figo/v3/figo.go:184.14,186.3 1 1
github.com/bi0dread/figo/v3/figo.go:186.8,188.3 1 1
github.com/bi0dread/figo/v3/figo.go:190.2,190.16 1 1
github.com/bi0dread/figo/v3/figo.go:190.16,192.3 1 1
github.com/bi0dread/figo/v3/figo.go:196.52,210.2 3 1
github.com/bi0dread/figo/v3/figo.go:213.39,218.2 3 1
github.com/bi0dread/figo/v3/figo.go:240.40,244.2 1 1
github.com/bi0dread/figo/v3/figo.go:247.62,251.19 3 1
github.com/bi0dread/figo/v3/figo.go:251.19,253.3 1 0
github.com/bi0dread/figo/v3/figo.go:255.2,256.16 2 1
github.com/bi0dread/figo/v3/figo.go:256.16,258.3 1 0
github.com/bi0dread/figo/v3/figo.go:260.2,260.43 1 1
github.com/bi0dread/figo/v3/figo.go:260.43,262.3 1 1
github.com/bi0dread/figo/v3/figo.go:264.2,265.12 2 1
github.com/bi0dread/figo/v3/figo.go:269.62,273.44 3 1
github.com/bi0dread/figo/v3/figo.go:273.44,275.3 1 1
github.com/bi0dread/figo/v3/figo.go:277.2,278.12 2 1
github.com/bi0dread/figo/v3/figo.go:282.64,288.2 4 1
github.com/bi0dread/figo/v3/figo.go:291.49,296.36 4 1
github.com/bi0dread/figo/v3/figo.go:296.36,298.3 1 1
github.com/bi0dread/figo/v3/figo.go:299.2,299.16 1 1
github.com/bi0dread/figo/v3/figo.go:303.68,307.36 3 1
github.com/bi0dread/figo/v3/figo.go:307.36,308.52 1 1
github.com/bi0dread/figo/v3/figo.go:308.52,310.4 1 1
github.com/bi0dread/figo/v3/figo.go:312.2,312.12 1 1
github.com/bi0dread/figo/v3/figo.go:316.87,320.36 3 1
github.com/bi0dread/figo/v3/figo.go:320.36,321.59 1 1
github.com/bi0dread/figo/v3/figo.go:321.59,323.4 1 0
github.com/bi0dread/figo/v3/figo.go:325.2,325.12 1 1
github.com/bi0dread/figo/v3/figo.go:329.81,334.36 4 1
github.com/bi0dread/figo/v3/figo.go:334.36,337.17 3 1
github.com/bi0dread/figo/v3/figo.go:337.17,339.4 1 0
github.com/bi0dread/figo/v3/figo.go:341.2,341.25 1 1
github.com/bi0dread/figo/v3/figo.go:345.70,349.36 3 1
github.com/bi0dread/figo/v3/figo.go:349.36,350.51 1 1
github.com/bi0dread/figo/v3/figo.go:350.51,352.4 1 0
github.com/bi0dread/figo/v3/figo.go:354.2,354.12 1 1
github.com/bi0dread/figo/v3/figo.go:358.99,363.2 1 1
github.com/bi0dread/figo/v3/figo.go:366.86,373.32 4 1
github.com/bi0dread/figo/v3/figo.go:373.32,375.48 2 1
github.com/bi0dread/figo/v3/figo.go:375.48,380.17 3 1
github.com/bi0dread/figo/v3/figo.go:380.17,380.32 1 1
github.com/bi0dread/figo/v3/figo.go:383.4,384.27 2 1
github.com/bi0dread/figo/v3/figo.go:388.2,389.16 2 1
github.com/bi0dread/figo/v3/figo.go:393.96,396.12 2 1
github.com/bi0dread/figo/v3/figo.go:396.12,403.33 4 1
github.com/bi0dread/figo/v3/figo.go:403.33,405.38 2 1
github.com/bi0dread/figo/v3/figo.go:405.38,410.18 3 1
github.com/bi0dread/figo/v3/figo.go:410.18,410.33 1 1
github.com/bi0dread/figo/v3/figo.go:413.5,414.25 2 1
github.com/bi0dread/figo/v3/figo.go:418.3,418.12 1 1
github.com/bi0dread/figo/v3/figo.go:421.2,421.19 1 1
github.com/bi0dread/figo/v3/figo.go:425.90,435.24 4 1
github.com/bi0dread/figo/v3/figo.go:436.13,439.24 3 1
github.com/bi0dread/figo/v3/figo.go:440.15,443.24 3 1
github.com/bi0dread/figo/v3/figo.go:444.20,447.24 3 1
github.com/bi0dread/figo/v3/figo.go:448.22,451.24 3 1
github.com/bi0dread/figo/v3/figo.go:452.10,453.74 1 0
github.com/bi0dread/figo/v3/figo.go:457.2,457.9 1 1
github.com/bi0dread/figo/v3/figo.go:458.20,460.25 2 0
github.com/bi0dread/figo/v3/figo.go:461.10,461.10 0 1
github.com/bi0dread/figo/v3/figo.go:464.2,464.15 1 1
github.com/bi0dread/figo/v3/figo.go:478.58,485.50 2 1
github.com/bi0dread/figo/v3/figo.go:485.50,487.3 1 1
github.com/bi0dread/figo/v3/figo.go:489.2,489.14 1 1
github.com/bi0dread/figo/v3/figo.go:493.61,498.13 4 1
github.com/bi0dread/figo/v3/figo.go:498.13,501.3 2 1
github.com/bi0dread/figo/v3/figo.go:504.2,504.39 1 1
github.com/bi0dread/figo/v3/figo.go:504.39,507.3 2 1
github.com/bi0dread/figo/v3/figo.go:509.2,511.25 3 1
github.com/bi0dread/figo/v3/figo.go:515.79,516.23 1 1
github.com/bi0dread/figo/v3/figo.go:516.23,518.3 1 0
github.com/bi0dread/figo/v3/figo.go:520.2,524.40 3 1
github.com/bi0dread/figo/v3/figo.go:524.40,526.3 1 1
github.com/bi0dread/figo/v3/figo.go:528.2,533.3 1 1
github.com/bi0dread/figo/v3/figo.go:537.44,541.2 3 0
github.com/bi0dread/figo/v3/figo.go:544.33,548.2 3 1
github.com/bi0dread/figo/v3/figo.go:551.44,557.15 5 1
github.com/bi0dread/figo/v3/figo.go:557.15,559.3 1 1
github.com/bi0dread/figo/v3/figo.go:561.2,567.3 1 1
github.com/bi0dread/figo/v3/figo.go:571.36,575.36 3 1
github.com/bi0dread/figo/v3/figo.go:575.36,576.60 1 1
github.com/bi0dread/figo/v3/figo.go:576.60,579.4 2 1
github.com/bi0dread/figo/v3/figo.go:582.2,582.21 1 1
github.com/bi0dread/figo/v3/figo.go:582.21,584.3 1 1
github.com/bi0dread/figo/v3/figo.go:588.35,592.6 3 1
github.com/bi0dread/figo/v3/figo.go:592.6,593.10 1 1
github.com/bi0dread/figo/v3/figo.go:594.19,595.22 1 0
github.com/bi0dread/figo/v3/figo.go:596.21,597.10 1 0
github.com/bi0dread/figo/v3/figo.go:603.42,608.36 4 0
github.com/bi0dread/figo/v3/figo.go:608.36,609.33 1 0
github.com/bi0dread/figo/v3/figo.go:609.33,611.4 1 0
github.com/bi0dread/figo/v3/figo.go:616.32,618.2 1 0
github.com/bi0dread/figo/v3/figo.go:630.37,631.16 1 1
github.com/bi0dread/figo/v3/figo.go:631.16,633.3 1 1
github.com/bi0dread/figo/v3/figo.go:634.2,634.77 1 1
github.com/bi0dread/figo/v3/figo.go:699.28,699.29 0 0
github.com/bi0dread/figo/v3/figo.go:701.28,701.29 0 0
github.com/bi0dread/figo/v3/figo.go:702.28,702.29 0 0
github.com/bi0dread/figo/v3/figo.go:703.28,703.29 0 0
github.com/bi0dread/figo/v3/figo.go:704.28,704.29 0 0
github.com/bi0dread/figo/v3/figo.go:705.28,705.29 0 0
github.com/bi0dread/figo/v3/figo.go:706.28,706.29 0 0
github.com/bi0dread/figo/v3/figo.go:707.28,707.29 0 0
github.com/bi0dread/figo/v3/figo.go:708.28,708.29 0 0
github.com/bi0dread/figo/v3/figo.go:709.28,709.29 0 0
github.com/bi0dread/figo/v3/figo.go:710.28,710.29 0 0
github.com/bi0dread/figo/v3/figo.go:711.28,711.29 0 0
github.com/bi0dread/figo/v3/figo.go:712.28,712.29 0 0
github.com/bi0dread/figo/v3/figo.go:739.30,739.31 0 0
github.com/bi0dread/figo/v3/figo.go:740.30,740.31 0 0
github.com/bi0dread/figo/v3/figo.go:741.30,741.31 0 0
github.com/bi0dread/figo/v3/figo.go:742.30,742.31 0 0
github.com/bi0dread/figo/v3/figo.go:743.30,743.31 0 0
github.com/bi0dread/figo/v3/figo.go:744.30,744.31 0 0
github.com/bi0dread/figo/v3/figo.go:817.48,822.2 1 1
github.com/bi0dread/figo/v3/figo.go:825.59,829.2 3 1
github.com/bi0dread/figo/v3/figo.go:832.69,836.2 3 1
github.com/bi0dread/figo/v3/figo.go:839.70,843.32 3 1
github.com/bi0dread/figo/v3/figo.go:843.32,844.47 1 1
github.com/bi0dread/figo/v3/figo.go:844.47,845.27 1 1
github.com/bi0dread/figo/v3/figo.go:845.27,846.65 1 1
github.com/bi0dread/figo/v3/figo.go:846.65,848.6 1 1
github.com/bi0dread/figo/v3/figo.go:849.10,849.68 1 1
github.com/bi0dread/figo/v3/figo.go:849.68,850.71 1 1
github.com/bi0dread/figo/v3/figo.go:850.71,852.6 1 1
github.com/bi0dread/figo/v3/figo.go:856.2,856.12 1 1
github.com/bi0dread/figo/v3/figo.go:862.74,863.33 1 1
github.com/bi0dread/figo/v3/figo.go:863.33,865.3 1 1
github.com/bi0dread/figo/v3/figo.go:866.2,866.12 1 1
github.com/bi0dread/figo/v3/figo.go:868.49,868.70 1 1
github.com/bi0dread/figo/v3/figo.go:872.75,873.35 1 1
github.com/bi0dread/figo/v3/figo.go:873.35,874.19 1 1
github.com/bi0dread/figo/v3/figo.go:874.19,876.4 1 1
github.com/bi0dread/figo/v3/figo.go:878.2,878.12 1 1
github.com/bi0dread/figo/v3/figo.go:880.50,880.73 1 0
github.com/bi0dread/figo/v3/figo.go:884.71,885.35 1 1
github.com/bi0dread/figo/v3/figo.go:885.35,886.34 1 1
github.com/bi0dread/figo/v3/figo.go:886.34,888.4 1 1
github.com/bi0dread/figo/v3/figo.go:890.2,890.12 1 1
github.com/bi0dread/figo/v3/figo.go:892.46,892.64 1 1
github.com/bi0dread/figo/v3/figo.go:895.37,895.38 0 0
github.com/bi0dread/figo/v3/figo.go:896.37,896.38 0 0
github.com/bi0dread/figo/v3/figo.go:897.37,897.38 0 0
github.com/bi0dread/figo/v3/figo.go:898.37,898.38 0 0
github.com/bi0dread/figo/v3/figo.go:899.37,899.38 0 0
github.com/bi0dread/figo/v3/figo.go:900.37,900.38 0 0
github.com/bi0dread/figo/v3/figo.go:983.32,995.2 3 1
github.com/bi0dread/figo/v3/figo.go:997.27,998.16 1 1
github.com/bi0dread/figo/v3/figo.go:998.16,1000.3 1 1
github.com/bi0dread/figo/v3/figo.go:1001.2,1001.16 1 1
github.com/bi0dread/figo/v3/figo.go:1001.16,1003.3 1 0
github.com/bi0dread/figo/v3/figo.go:1015.44,1020.29 4 1
github.com/bi0dread/figo/v3/figo.go:1020.29,1021.18 1 1
github.com/bi0dread/figo/v3/figo.go:1022.12,1027.7 5 1
github.com/bi0dread/figo/v3/figo.go:1028.12,1029.22 1 1
github.com/bi0dread/figo/v3/figo.go:1029.22,1032.5 2 1
github.com/bi0dread/figo/v3/figo.go:1033.4,1033.7 1 1
github.com/bi0dread/figo/v3/figo.go:1034.12,1035.7 1 1
github.com/bi0dread/figo/v3/figo.go:1036.11,1039.22 3 1
github.com/bi0dread/figo/v3/figo.go:1039.22,1041.35 1 1
github.com/bi0dread/figo/v3/figo.go:1041.35,1044.14 3 1
github.com/bi0dread/figo/v3/figo.go:1046.5,1046.34 1 1
github.com/bi0dread/figo/v3/figo.go:1046.34,1049.11 3 1
github.com/bi0dread/figo/v3/figo.go:1053.5,1053.34 1 1
github.com/bi0dread/figo/v3/figo.go:1053.34,1055.14 2 1
github.com/bi0dread/figo/v3/figo.go:1058.5,1058.35 1 1
github.com/bi0dread/figo/v3/figo.go:1058.35,1059.11 1 1
github.com/bi0dread/figo/v3/figo.go:1062.5,1062.34 1 1
github.com/bi0dread/figo/v3/figo.go:1062.34,1063.11 1 0
github.com/bi0dread/figo/v3/figo.go:1066.5,1066.8 1 1
github.com/bi0dread/figo/v3/figo.go:1068.4,1069.19 2 1
github.com/bi0dread/figo/v3/figo.go:1069.19,1070.158 1 1
github.com/bi0dread/figo/v3/figo.go:1070.158,1072.57 2 1
github.com/bi0dread/figo/v3/figo.go:1072.57,1074.45 2 1
github.com/bi0dread/figo/v3/figo.go:1074.45,1076.23 1 1
github.com/bi0dread/figo/v3/figo.go:1077.17,1078.23 1 0
github.com/bi0dread/figo/v3/figo.go:1079.17,1080.23 1 1
github.com/bi0dread/figo/v3/figo.go:1082.8,1082.11 1 1
github.com/bi0dread/figo/v3/figo.go:1087.7,1091.27 4 1
github.com/bi0dread/figo/v3/figo.go:1091.27,1093.16 2 0
github.com/bi0dread/figo/v3/figo.go:1095.7,1096.24 2 1
github.com/bi0dread/figo/v3/figo.go:1096.24,1098.16 2 1
github.com/bi0dread/figo/v3/figo.go:1101.7,1102.35 2 1
github.com/bi0dread/figo/v3/figo.go:1102.35,1104.28 2 1
github.com/bi0dread/figo/v3/figo.go:1104.28,1105.17 1 1
github.com/bi0dread/figo/v3/figo.go:1107.8,1114.27 7 1
github.com/bi0dread/figo/v3/figo.go:1114.27,1116.9 1 1
github.com/bi0dread/figo/v3/figo.go:1119.7,1120.15 2 1
github.com/bi0dread/figo/v3/figo.go:1122.12,1122.64 1 1
github.com/bi0dread/figo/v3/figo.go:1122.64,1129.37 4 1
github.com/bi0dread/figo/v3/figo.go:1129.37,1131.31 2 1
github.com/bi0dread/figo/v3/figo.go:1131.31,1132.17 1 0
github.com/bi0dread/figo/v3/figo.go:1135.8,1139.26 4 1
github.com/bi0dread/figo/v3/figo.go:1139.26,1141.22 1 1
github.com/bi0dread/figo/v3/figo.go:1142.21,1143.37 1 1
github.com/bi0dread/figo/v3/figo.go:1144.21,1145.37 1 1
github.com/bi0dread/figo/v3/figo.go:1148.9,1148.26 1 1
github.com/bi0dread/figo/v3/figo.go:1153.12,1153.64 1 1
github.com/bi0dread/figo/v3/figo.go:1153.64,1162.37 5 1
github.com/bi0dread/figo/v3/figo.go:1162.37,1164.31 2 1
github.com/bi0dread/figo/v3/figo.go:1164.31,1165.17 1 0
github.com/bi0dread/figo/v3/figo.go:1168.8,1174.10 3 1
github.com/bi0dread/figo/v3/figo.go:1178.7,1181.25 2 1
github.com/bi0dread/figo/v3/figo.go:1183.12,1184.79 1 0
github.com/bi0dread/figo/v3/figo.go:1184.79,1186.8 1 0
github.com/bi0dread/figo/v3/figo.go:1189.6,1189.11 1 1
github.com/bi0dread/figo/v3/figo.go:1190.11,1196.34 2 1
github.com/bi0dread/figo/v3/figo.go:1196.34,1199.59 2 1
github.com/bi0dread/figo/v3/figo.go:1199.59,1201.8 1 1
github.com/bi0dread/figo/v3/figo.go:1202.7,1202.32 1 1
github.com/bi0dread/figo/v3/figo.go:1202.32,1205.32 3 1
github.com/bi0dread/figo/v3/figo.go:1205.32,1206.49 1 1
github.com/bi0dread/figo/v3/figo.go:1206.49,1209.18 3 0
github.com/bi0dread/figo/v3/figo.go:1211.9,1211.48 1 1
github.com/bi0dread/figo/v3/figo.go:1211.48,1214.15 3 0
github.com/bi0dread/figo/v3/figo.go:1216.9,1216.48 1 1
github.com/bi0dread/figo/v3/figo.go:1216.48,1218.18 2 0
github.com/bi0dread/figo/v3/figo.go:1220.9,1220.49 1 1
github.com/bi0dread/figo/v3/figo.go:1220.49,1221.15 1 1
github.com/bi0dread/figo/v3/figo.go:1223.9,1223.48 1 1
github.com/bi0dread/figo/v3/figo.go:1223.48,1224.15 1 0
github.com/bi0dread/figo/v3/figo.go:1226.9,1226.18 1 1
github.com/bi0dread/figo/v3/figo.go:1228.8,1230.363 2 1
github.com/bi0dread/figo/v3/figo.go:1230.363,1235.80 3 1
github.com/bi0dread/figo/v3/figo.go:1235.80,1237.64 2 1
github.com/bi0dread/figo/v3/figo.go:1237.64,1239.11 1 1
github.com/bi0dread/figo/v3/figo.go:1240.10,1240.36 1 1
github.com/bi0dread/figo/v3/figo.go:1240.36,1244.36 4 1
github.com/bi0dread/figo/v3/figo.go:1244.36,1245.54 1 1
github.com/bi0dread/figo/v3/figo.go:1245.54,1248.21 3 1
github.com/bi0dread/figo/v3/figo.go:1250.12,1250.53 1 1
github.com/bi0dread/figo/v3/figo.go:1250.53,1253.18 3 1
github.com/bi0dread/figo/v3/figo.go:1255.12,1255.53 1 1
github.com/bi0dread/figo/v3/figo.go:1255.53,1257.21 2 1
github.com/bi0dread/figo/v3/figo.go:1260.12,1260.54 1 1
github.com/bi0dread/figo/v3/figo.go:1260.54,1262.13 1 1
github.com/bi0dread/figo/v3/figo.go:1263.12,1263.54 1 1
github.com/bi0dread/figo/v3/figo.go:1263.54,1265.32 2 1
github.com/bi0dread/figo/v3/figo.go:1265.32,1267.19 2 1
github.com/bi0dread/figo/v3/figo.go:1271.12,1271.125 1 1
github.com/bi0dread/figo/v3/figo.go:1271.125,1272.18 1 1
github.com/bi0dread/figo/v3/figo.go:1274.12,1274.72 1 1
github.com/bi0dread/figo/v3/figo.go:1274.72,1275.18 1 0
github.com/bi0dread/figo/v3/figo.go:1277.12,1277.22 1 1
github.com/bi0dread/figo/v3/figo.go:1279.11,1280.377 2 1
github.com/bi0dread/figo/v3/figo.go:1280.377,1283.12 2 1
github.com/bi0dread/figo/v3/figo.go:1285.15,1288.64 2 1
github.com/bi0dread/figo/v3/figo.go:1288.64,1290.11 1 1
github.com/bi0dread/figo/v3/figo.go:1291.10,1291.36 1 1
github.com/bi0dread/figo/v3/figo.go:1291.36,1294.36 3 1
github.com/bi0dread/figo/v3/figo.go:1294.36,1295.54 1 1
github.com/bi0dread/figo/v3/figo.go:1295.54,1298.21 3 1
github.com/bi0dread/figo/v3/figo.go:1300.12,1300.53 1 1
github.com/bi0dread/figo/v3/figo.go:1300.53,1303.18 3 1
github.com/bi0dread/figo/v3/figo.go:1305.12,1305.53 1 1
github.com/bi0dread/figo/v3/figo.go:1305.53,1307.21 2 1
github.com/bi0dread/figo/v3/figo.go:1310.12,1310.106 1 1
github.com/bi0dread/figo/v3/figo.go:1310.106,1311.18 1 1
github.com/bi0dread/figo/v3/figo.go:1313.12,1313.53 1 1
github.com/bi0dread/figo/v3/figo.go:1313.53,1314.18 1 0
github.com/bi0dread/figo/v3/figo.go:1316.12,1316.22 1 1
github.com/bi0dread/figo/v3/figo.go:1318.11,1319.377 2 1
github.com/bi0dread/figo/v3/figo.go:1319.377,1322.12 2 1
github.com/bi0dread/figo/v3/figo.go:1329.6,1334.155 4 1
github.com/bi0dread/figo/v3/figo.go:1334.155,1336.15 2 1
github.com/bi0dread/figo/v3/figo.go:1337.12,1340.47 1 1
github.com/bi0dread/figo/v3/figo.go:1340.47,1341.32 1 1
github.com/bi0dread/figo/v3/figo.go:1341.32,1343.27 2 1
github.com/bi0dread/figo/v3/figo.go:1352.6,1354.137 3 1
github.com/bi0dread/figo/v3/figo.go:1354.137,1356.7 1 1
github.com/bi0dread/figo/v3/figo.go:1356.12,1359.7 1 1
github.com/bi0dread/figo/v3/figo.go:1360.6,1361.11 2 1
github.com/bi0dread/figo/v3/figo.go:1363.10,1365.5 1 0
github.com/bi0dread/figo/v3/figo.go:1369.2,1369.13 1 1
github.com/bi0dread/figo/v3/figo.go:1372.50,1373.26 1 1
github.com/bi0dread/figo/v3/figo.go:1374.33,1375.13 1 0
github.com/bi0dread/figo/v3/figo.go:1376.34,1377.55 1 1
github.com/bi0dread/figo/v3/figo.go:1378.10,1379.12 1 0
github.com/bi0dread/figo/v3/figo.go:1383.48,1387.54 2 1
github.com/bi0dread/figo/v3/figo.go:1387.54,1391.55 2 1
github.com/bi0dread/figo/v3/figo.go:1391.55,1393.4 1 1
github.com/bi0dread/figo/v3/figo.go:1395.3,1395.19 1 1
github.com/bi0dread/figo/v3/figo.go:1399.2,1399.17 1 1
github.com/bi0dread/figo/v3/figo.go:1399.17,1401.3 1 1
github.com/bi0dread/figo/v3/figo.go:1402.2,1402.18 1 1
github.com/bi0dread/figo/v3/figo.go:1402.18,1404.3 1 1
github.com/bi0dread/figo/v3/figo.go:1407.2,1407.32 1 1
github.com/bi0dread/figo/v3/figo.go:1407.32,1409.3 1 1
github.com/bi0dread/figo/v3/figo.go:1412.2,1412.13 1 1
github.com/bi0dread/figo/v3/figo.go:1412.13,1414.61 1 1
github.com/bi0dread/figo/v3/figo.go:1414.61,1416.4 1 1
github.com/bi0dread/figo/v3/figo.go:1418.3,1418.61 1 1
github.com/bi0dread/figo/v3/figo.go:1418.61,1420.4 1 1
github.com/bi0dread/figo/v3/figo.go:1423.3,1423.47 1 1
github.com/bi0dread/figo/v3/figo.go:1423.47,1425.4 1 0
github.com/bi0dread/figo/v3/figo.go:1429.2,1429.10 1 1
github.com/bi0dread/figo/v3/figo.go:1433.45,1449.33 2 1
github.com/bi0dread/figo/v3/figo.go:1449.33,1450.50 1 1
github.com/bi0dread/figo/v3/figo.go:1450.50,1452.4 1 1
github.com/bi0dread/figo/v3/figo.go:1455.2,1455.63 1 1
github.com/bi0dread/figo/v3/figo.go:1459.43,1461.17 1 1
github.com/bi0dread/figo/v3/figo.go:1461.17,1463.3 1 0
github.com/bi0dread/figo/v3/figo.go:1466.2,1468.108 1 1
github.com/bi0dread/figo/v3/figo.go:1468.108,1470.3 1 1
github.com/bi0dread/figo/v3/figo.go:1473.2,1473.55 1 1
github.com/bi0dread/figo/v3/figo.go:1473.55,1475.3 1 1
github.com/bi0dread/figo/v3/figo.go:1478.2,1478.101 1 1
github.com/bi0dread/figo/v3/figo.go:1478.101,1480.3 1 0
github.com/bi0dread/figo/v3/figo.go:1483.2,1483.29 1 1
github.com/bi0dread/figo/v3/figo.go:1483.29,1485.49 1 1
github.com/bi0dread/figo/v3/figo.go:1485.49,1487.4 1 1
github.com/bi0dread/figo/v3/figo.go:1490.2,1490.13 1 1
github.com/bi0dread/figo/v3/figo.go:1493.59,1509.31 2 1
github.com/bi0dread/figo/v3/figo.go:1509.31,1510.42 1 1
github.com/bi0dread/figo/v3/figo.go:1510.42,1513.22 3 1
github.com/bi0dread/figo/v3/figo.go:1513.22,1515.5 1 1
github.com/bi0dread/figo/v3/figo.go:1516.4,1517.27 2 1
github.com/bi0dread/figo/v3/figo.go:1520.2,1520.22 1 1
github.com/bi0dread/figo/v3/figo.go:1523.73,1525.43 1 1
github.com/bi0dread/figo/v3/figo.go:1525.43,1527.78 2 1
github.com/bi0dread/figo/v3/figo.go:1527.78,1529.4 1 0
github.com/bi0dread/figo/v3/figo.go:1530.3,1530.56 1 1
github.com/bi0dread/figo/v3/figo.go:1530.56,1532.4 1 1
github.com/bi0dread/figo/v3/figo.go:1533.3,1533.56 1 1
github.com/bi0dread/figo/v3/figo.go:1533.56,1535.4 1 1
github.com/bi0dread/figo/v3/figo.go:1536.3,1536.11 1 1
github.com/bi0dread/figo/v3/figo.go:1540.2,1540.43 1 1
github.com/bi0dread/figo/v3/figo.go:1540.43,1542.61 2 1
github.com/bi0dread/figo/v3/figo.go:1542.61,1545.4 2 1
github.com/bi0dread/figo/v3/figo.go:1546.3,1546.14 1 1
github.com/bi0dread/figo/v3/figo.go:1546.14,1548.4 1 0
github.com/bi0dread/figo/v3/figo.go:1549.3,1551.27 3 1
github.com/bi0dread/figo/v3/figo.go:1551.27,1553.4 1 1
github.com/bi0dread/figo/v3/figo.go:1554.3,1554.14 1 1
github.com/bi0dread/figo/v3/figo.go:1558.2,1558.44 1 1
github.com/bi0dread/figo/v3/figo.go:1558.44,1560.78 2 1
github.com/bi0dread/figo/v3/figo.go:1560.78,1562.4 1 0
github.com/bi0dread/figo/v3/figo.go:1563.3,1563.11 1 1
github.com/bi0dread/figo/v3/figo.go:1566.2,1566.11 1 1
github.com/bi0dread/figo/v3/figo.go:1567.19,1568.81 1 1
github.com/bi0dread/figo/v3/figo.go:1569.20,1570.82 1 1
github.com/bi0dread/figo/v3/figo.go:1571.19,1572.81 1 1
github.com/bi0dread/figo/v3/figo.go:1573.19,1574.81 1 1
github.com/bi0dread/figo/v3/figo.go:1575.20,1576.82 1 1
github.com/bi0dread/figo/v3/figo.go:1577.20,1578.82 1 1
github.com/bi0dread/figo/v3/figo.go:1579.21,1580.81 1 1
github.com/bi0dread/figo/v3/figo.go:1581.24,1582.108 1 0
github.com/bi0dread/figo/v3/figo.go:1583.22,1584.82 1 1
github.com/bi0dread/figo/v3/figo.go:1585.25,1586.109 1 1
github.com/bi0dread/figo/v3/figo.go:1587.19,1589.44 2 1
github.com/bi0dread/figo/v3/figo.go:1590.22,1592.47 2 1
github.com/bi0dread/figo/v3/figo.go:1593.24,1596.61 2 1
github.com/bi0dread/figo/v3/figo.go:1596.61,1599.4 2 1
github.com/bi0dread/figo/v3/figo.go:1600.3,1600.45 1 1
github.com/bi0dread/figo/v3/figo.go:1600.45,1604.4 3 1
github.com/bi0dread/figo/v3/figo.go:1605.3,1605.13 1 1
github.com/bi0dread/figo/v3/figo.go:1606.22,1607.82 1 1
github.com/bi0dread/figo/v3/figo.go:1608.23,1609.34 1 1
github.com/bi0dread/figo/v3/figo.go:1610.24,1611.35 1 1
github.com/bi0dread/figo/v3/figo.go:1612.10,1613.13 1 0
github.com/bi0dread/figo/v3/figo.go:1617.35,1619.37 1 1
github.com/bi0dread/figo/v3/figo.go:1619.37,1621.30 1 1
github.com/bi0dread/figo/v3/figo.go:1621.30,1623.4 1 1
github.com/bi0dread/figo/v3/figo.go:1625.3,1627.39 2 1
github.com/bi0dread/figo/v3/figo.go:1627.39,1628.38 1 1
github.com/bi0dread/figo/v3/figo.go:1628.38,1630.26 1 1
github.com/bi0dread/figo/v3/figo.go:1630.26,1631.57 1 1
github.com/bi0dread/figo/v3/figo.go:1631.57,1633.7 1 1
github.com/bi0dread/figo/v3/figo.go:1633.12,1634.15 1 0
github.com/bi0dread/figo/v3/figo.go:1638.5,1641.33 3 1
github.com/bi0dread/figo/v3/figo.go:1641.33,1642.55 1 1
github.com/bi0dread/figo/v3/figo.go:1642.55,1644.7 1 1
github.com/bi0dread/figo/v3/figo.go:1646.6,1646.49 1 1
github.com/bi0dread/figo/v3/figo.go:1646.49,1647.15 1 0
github.com/bi0dread/figo/v3/figo.go:1649.6,1649.88 1 1
github.com/bi0dread/figo/v3/figo.go:1650.11,1651.14 1 0
github.com/bi0dread/figo/v3/figo.go:1654.5,1659.67 4 1
github.com/bi0dread/figo/v3/figo.go:1661.10,1661.44 1 1
github.com/bi0dread/figo/v3/figo.go:1661.44,1662.26 1 1
github.com/bi0dread/figo/v3/figo.go:1662.26,1663.57 1 1
github.com/bi0dread/figo/v3/figo.go:1663.57,1665.7 1 1
github.com/bi0dread/figo/v3/figo.go:1665.12,1666.15 1 0
github.com/bi0dread/figo/v3/figo.go:1670.5,1673.33 3 1
github.com/bi0dread/figo/v3/figo.go:1673.33,1674.55 1 1
github.com/bi0dread/figo/v3/figo.go:1674.55,1676.7 1 1
github.com/bi0dread/figo/v3/figo.go:1678.6,1678.88 1 1
github.com/bi0dread/figo/v3/figo.go:1679.11,1680.14 1 0
github.com/bi0dread/figo/v3/figo.go:1683.5,1688.67 4 1
github.com/bi0dread/figo/v3/figo.go:1689.10,1689.45 1 1
github.com/bi0dread/figo/v3/figo.go:1689.45,1691.26 1 0
github.com/bi0dread/figo/v3/figo.go:1691.26,1692.57 1 0
github.com/bi0dread/figo/v3/figo.go:1692.57,1694.7 1 0
github.com/bi0dread/figo/v3/figo.go:1694.12,1695.15 1 0
github.com/bi0dread/figo/v3/figo.go:1699.5,1707.67 6 0
github.com/bi0dread/figo/v3/figo.go:1709.10,1709.47 1 1
github.com/bi0dread/figo/v3/figo.go:1709.47,1711.5 1 1
github.com/bi0dread/figo/v3/figo.go:1713.8,1715.39 2 1
github.com/bi0dread/figo/v3/figo.go:1715.39,1717.38 1 1
github.com/bi0dread/figo/v3/figo.go:1717.38,1719.26 1 1
github.com/bi0dread/figo/v3/figo.go:1719.26,1720.57 1 1
github.com/bi0dread/figo/v3/figo.go:1720.57,1722.7 1 1
github.com/bi0dread/figo/v3/figo.go:1722.12,1723.15 1 1
github.com/bi0dread/figo/v3/figo.go:1727.5,1730.33 3 1
github.com/bi0dread/figo/v3/figo.go:1730.33,1731.55 1 1
github.com/bi0dread/figo/v3/figo.go:1731.55,1733.7 1 1
github.com/bi0dread/figo/v3/figo.go:1735.6,1735.49 1 1
github.com/bi0dread/figo/v3/figo.go:1735.49,1736.15 1 1
github.com/bi0dread/figo/v3/figo.go:1738.6,1738.88 1 1
github.com/bi0dread/figo/v3/figo.go:1739.11,1740.14 1 1
github.com/bi0dread/figo/v3/figo.go:1743.5,1746.53 3 1
github.com/bi0dread/figo/v3/figo.go:1748.10,1748.44 1 1
github.com/bi0dread/figo/v3/figo.go:1748.44,1749.26 1 1
github.com/bi0dread/figo/v3/figo.go:1749.26,1750.57 1 1
github.com/bi0dread/figo/v3/figo.go:1750.57,1752.7 1 1
github.com/bi0dread/figo/v3/figo.go:1752.12,1753.15 1 0
github.com/bi0dread/figo/v3/figo.go:1757.5,1760.33 3 1
github.com/bi0dread/figo/v3/figo.go:1760.33,1761.55 1 1
github.com/bi0dread/figo/v3/figo.go:1761.55,1763.7 1 1
github.com/bi0dread/figo/v3/figo.go:1765.6,1765.88 1 1
github.com/bi0dread/figo/v3/figo.go:1766.11,1767.14 1 0
github.com/bi0dread/figo/v3/figo.go:1770.5,1773.53 3 1
github.com/bi0dread/figo/v3/figo.go:1774.10,1774.45 1 1
github.com/bi0dread/figo/v3/figo.go:1774.45,1776.26 1 1
github.com/bi0dread/figo/v3/figo.go:1776.26,1777.57 1 0
github.com/bi0dread/figo/v3/figo.go:1777.57,1779.7 1 0
github.com/bi0dread/figo/v3/figo.go:1779.12,1780.15 1 0
github.com/bi0dread/figo/v3/figo.go:1784.5,1790.53 5 1
github.com/bi0dread/figo/v3/figo.go:1791.10,1791.47 1 1
github.com/bi0dread/figo/v3/figo.go:1791.47,1793.5 1 1
github.com/bi0dread/figo/v3/figo.go:1799.35,1801.29 1 1
github.com/bi0dread/figo/v3/figo.go:1801.29,1803.3 1 1
github.com/bi0dread/figo/v3/figo.go:1803.8,1803.36 1 1
github.com/bi0dread/figo/v3/figo.go:1803.36,1805.44 1 1
github.com/bi0dread/figo/v3/figo.go:1805.44,1807.4 1 1
github.com/bi0dread/figo/v3/figo.go:1808.3,1808.62 1 1
github.com/bi0dread/figo/v3/figo.go:1808.62,1810.185 1 1
github.com/bi0dread/figo/v3/figo.go:1810.185,1814.5 1 1
github.com/bi0dread/figo/v3/figo.go:1817.8,1818.48 1 1
github.com/bi0dread/figo/v3/figo.go:1818.48,1819.185 1 1
github.com/bi0dread/figo/v3/figo.go:1819.185,1820.52 1 1
github.com/bi0dread/figo/v3/figo.go:1820.52,1821.14 1 1
github.com/bi0dread/figo/v3/figo.go:1823.5,1823.46 1 1
github.com/bi0dread/figo/v3/figo.go:1823.46,1824.14 1 1
github.com/bi0dread/figo/v3/figo.go:1826.5,1826.75 1 1
github.com/bi0dread/figo/v3/figo.go:1831.2,1831.12 1 1
github.com/bi0dread/figo/v3/figo.go:1835.51,1838.2 1 1
github.com/bi0dread/figo/v3/figo.go:1840.36,1842.2 1 1
github.com/bi0dread/figo/v3/figo.go:1844.50,1846.31 1 1
github.com/bi0dread/figo/v3/figo.go:1846.31,1848.3 1 1
github.com/bi0dread/figo/v3/figo.go:1851.50,1853.31 1 1
github.com/bi0dread/figo/v3/figo.go:1853.31,1855.3 1 1
github.com/bi0dread/figo/v3/figo.go:1858.50,1861.2 1 1
github.com/bi0dread/figo/v3/figo.go:1863.36,1866.2 1 1
github.com/bi0dread/figo/v3/figo.go:1868.48,1871.2 1 1
github.com/bi0dread/figo/v3/figo.go:1873.31,1876.2 1 1
github.com/bi0dread/figo/v3/figo.go:1878.40,1883.2 3 0
github.com/bi0dread/figo/v3/figo.go:1885.40,1888.32 2 0
github.com/bi0dread/figo/v3/figo.go:1888.32,1890.26 2 0
github.com/bi0dread/figo/v3/figo.go:1890.26,1891.12 1 0
github.com/bi0dread/figo/v3/figo.go:1894.3,1898.21 4 0
github.com/bi0dread/figo/v3/figo.go:1898.21,1899.17 1 0
github.com/bi0dread/figo/v3/figo.go:1900.16,1901.32 1 0
github.com/bi0dread/figo/v3/figo.go:1902.16,1903.32 1 0
github.com/bi0dread/figo/v3/figo.go:1906.4,1906.21 1 0
github.com/bi0dread/figo/v3/figo.go:1912.50,1915.2 1 1
github.com/bi0dread/figo/v3/figo.go:1917.59,1919.2 1 0
github.com/bi0dread/figo/v3/figo.go:1921.51,1924.2 1 1
github.com/bi0dread/figo/v3/figo.go:1926.50,1928.2 1 1
github.com/bi0dread/figo/v3/figo.go:1930.43,1932.2 1 1
github.com/bi0dread/figo/v3/figo.go:1937.70,1938.25 1 1
github.com/bi0dread/figo/v3/figo.go:1938.25,1939.73 1 1
github.com/bi0dread/figo/v3/figo.go:1939.73,1941.4 1 1
github.com/bi0dread/figo/v3/figo.go:1942.3,1942.12 1 1
github.com/bi0dread/figo/v3/figo.go:1944.2,1944.11 1 0
github.com/bi0dread/figo/v3/figo.go:1948.79,1949.25 1 0
github.com/bi0dread/figo/v3/figo.go:1949.25,1950.73 1 0
github.com/bi0dread/figo/v3/figo.go:1950.73,1952.4 1 0
github.com/bi0dread/figo/v3/figo.go:1953.3,1953.12 1 0
github.com/bi0dread/figo/v3/figo.go:1955.2,1955.11 1 0
github.com/bi0dread/figo/v3/figo.go:1959.65,1960.25 1 1
github.com/bi0dread/figo/v3/figo.go:1960.25,1961.67 1 1
github.com/bi0dread/figo/v3/figo.go:1961.67,1963.4 1 1
github.com/bi0dread/figo/v3/figo.go:1964.3,1964.13 1 1
github.com/bi0dread/figo/v3/figo.go:1966.2,1966.12 1 0
github.com/bi0dread/figo/v3/figo.go:1972.51,1974.31 2 1
github.com/bi0dread/figo/v3/figo.go:1974.31,1976.3 1 1
github.com/bi0dread/figo/v3/figo.go:1980.39,1982.2 1 1
github.com/bi0dread/figo/v3/figo.go:1985.40,1987.2 1 1
github.com/bi0dread/figo/v3/figo.go:1990.50,1991.23 1 1
github.com/bi0dread/figo/v3/figo.go:1991.23,1993.3 1 1
github.com/bi0dread/figo/v3/figo.go:1994.2,1994.31 1 1
github.com/bi0dread/figo/v3/figo.go:1998.51,2000.2 1 0
github.com/bi0dread/figo/v3/figo.go:2003.51,2005.2 1 1
github.com/bi0dread/figo/v3/figo.go:2008.45,2010.2 1 1
github.com/bi0dread/figo/v3/figo.go:2013.49,2015.2 1 1
github.com/bi0dread/figo/v3/figo.go:2018.47,2020.2 1 0
github.com/bi0dread/figo/v3/figo.go:2023.32,2025.2 1 0
github.com/bi0dread/figo/v3/figo.go:2027.24,2028.17 1 1
github.com/bi0dread/figo/v3/figo.go:2028.17,2030.3 1 1
github.com/bi0dread/figo/v3/figo.go:2031.2,2036.22 4 1
github.com/bi0dread/figo/v3/figo.go:2036.22,2038.23 1 1
github.com/bi0dread/figo/v3/figo.go:2038.23,2040.27 2 1
github.com/bi0dread/figo/v3/figo.go:2040.27,2042.5 1 1
github.com/bi0dread/figo/v3/figo.go:2043.9,2045.4 1 1
github.com/bi0dread/figo/v3/figo.go:2050.52,2051.26 1 1
github.com/bi0dread/figo/v3/figo.go:2052.14,2053.32 1 1
github.com/bi0dread/figo/v3/figo.go:2053.32,2055.4 1 1
github.com/bi0dread/figo/v3/figo.go:2056.3,2056.13 1 1
github.com/bi0dread/figo/v3/figo.go:2057.15,2058.32 1 0
github.com/bi0dread/figo/v3/figo.go:2058.32,2060.4 1 0
github.com/bi0dread/figo/v3/figo.go:2061.3,2061.13 1 0
github.com/bi0dread/figo/v3/figo.go:2062.14,2063.32 1 1
github.com/bi0dread/figo/v3/figo.go:2063.32,2065.4 1 1
github.com/bi0dread/figo/v3/figo.go:2066.3,2066.13 1 0
github.com/bi0dread/figo/v3/figo.go:2067.14,2068.32 1 0
github.com/bi0dread/figo/v3/figo.go:2068.32,2070.4 1 0
github.com/bi0dread/figo/v3/figo.go:2071.3,2071.13 1 0
github.com/bi0dread/figo/v3/figo.go:2072.15,2073.32 1 0
github.com/bi0dread/figo/v3/figo.go:2073.32,2075.4 1 0
github.com/bi0dread/figo/v3/figo.go:2076.3,2076.13 1 0
github.com/bi0dread/figo/v3/figo.go:2077.15,2078.32 1 0
github.com/bi0dread/figo/v3/figo.go:2078.32,2080.4 1 0
github.com/bi0dread/figo/v3/figo.go:2081.3,2081.13 1 0
github.com/bi0dread/figo/v3/figo.go:2082.16,2083.32 1 1
github.com/bi0dread/figo/v3/figo.go:2083.32,2085.4 1 1
github.com/bi0dread/figo/v3/figo.go:2086.3,2086.13 1 0
github.com/bi0dread/figo/v3/figo.go:2087.17,2088.32 1 0
github.com/bi0dread/figo/v3/figo.go:2088.32,2090.4 1 0
github.com/bi0dread/figo/v3/figo.go:2091.3,2091.13 1 0
github.com/bi0dread/figo/v3/figo.go:2092.17,2093.32 1 0
github.com/bi0dread/figo/v3/figo.go:2093.32,2095.4 1 0
github.com/bi0dread/figo/v3/figo.go:2096.3,2096.13 1 0
github.com/bi0dread/figo/v3/figo.go:2097.14,2098.32 1 0
github.com/bi0dread/figo/v3/figo.go:2098.32,2100.4 1 0
github.com/bi0dread/figo/v3/figo.go:2101.3,2101.13 1 0
github.com/bi0dread/figo/v3/figo.go:2102.17,2103.32 1 0
github.com/bi0dread/figo/v3/figo.go:2103.32,2105.4 1 0
github.com/bi0dread/figo/v3/figo.go:2106.3,2106.13 1 0
github.com/bi0dread/figo/v3/figo.go:2107.19,2108.32 1 0
github.com/bi0dread/figo/v3/figo.go:2108.32,2110.4 1 0
github.com/bi0dread/figo/v3/figo.go:2111.3,2111.13 1 0
github.com/bi0dread/figo/v3/figo.go:2112.18,2113.32 1 0
github.com/bi0dread/figo/v3/figo.go:2113.32,2115.4 1 0
github.com/bi0dread/figo/v3/figo.go:2116.3,2116.13 1 0
github.com/bi0dread/figo/v3/figo.go:2117.19,2118.32 1 0
github.com/bi0dread/figo/v3/figo.go:2118.32,2120.4 1 0
github.com/bi0dread/figo/v3/figo.go:2121.3,2121.13 1 0
github.com/bi0dread/figo/v3/figo.go:2122.15,2124.38 2 1
github.com/bi0dread/figo/v3/figo.go:2124.38,2125.67 1 1
github.com/bi0dread/figo/v3/figo.go:2125.67,2127.5 1 1
github.com/bi0dread/figo/v3/figo.go:2129.3,2129.33 1 1
github.com/bi0dread/figo/v3/figo.go:2129.33,2131.4 1 0
github.com/bi0dread/figo/v3/figo.go:2132.3,2132.33 1 1
github.com/bi0dread/figo/v3/figo.go:2132.33,2134.4 1 1
github.com/bi0dread/figo/v3/figo.go:2135.3,2135.45 1 1
github.com/bi0dread/figo/v3/figo.go:2136.14,2138.38 2 0
github.com/bi0dread/figo/v3/figo.go:2138.38,2139.67 1 0
github.com/bi0dread/figo/v3/figo.go:2139.67,2141.5 1 0
github.com/bi0dread/figo/v3/figo.go:2143.3,2143.33 1 0
github.com/bi0dread/figo/v3/figo.go:2143.33,2145.4 1 0
github.com/bi0dread/figo/v3/figo.go:2146.3,2146.33 1 0
github.com/bi0dread/figo/v3/figo.go:2146.33,2148.4 1 0
github.com/bi0dread/figo/v3/figo.go:2149.3,2149.44 1 0
github.com/bi0dread/figo/v3/figo.go:2150.15,2152.38 2 0
github.com/bi0dread/figo/v3/figo.go:2152.38,2153.67 1 0
github.com/bi0dread/figo/v3/figo.go:2153.67,2155.5 1 0
github.com/bi0dread/figo/v3/figo.go:2157.3,2157.33 1 0
github.com/bi0dread/figo/v3/figo.go:2157.33,2159.4 1 0
github.com/bi0dread/figo/v3/figo.go:2160.3,2160.45 1 0
github.com/bi0dread/figo/v3/figo.go:2161.10,2162.11 1 0
github.com/bi0dread/figo/v3/figo.go:2169.43,2171.2 1 0
github.com/bi0dread/figo/v3/figo.go:2174.38,2176.2 1 0
github.com/bi0dread/figo/v3/figo.go:2179.51,2181.38 2 1
github.com/bi0dread/figo/v3/figo.go:2181.38,2183.3 1 1
github.com/bi0dread/figo/v3/figo.go:2187.45,2189.2 1 1
github.com/bi0dread/figo/v3/figo.go:2192.43,2193.20 1 1
github.com/bi0dread/figo/v3/figo.go:2193.20,2195.3 1 0
github.com/bi0dread/figo/v3/figo.go:2196.2,2196.24 1 1
github.com/bi0dread/figo/v3/figo.go:2200.29,2201.20 1 0
github.com/bi0dread/figo/v3/figo.go:2201.20,2203.3 1 0
github.com/bi0dread/figo/v3/figo.go:2207.74,2227.2 4 1
github.com/bi0dread/figo/v3/figo.go:2230.76,2235.15 4 1
github.com/bi0dread/figo/v3/figo.go:2235.15,2238.3 2 1
github.com/bi0dread/figo/v3/figo.go:2240.2,2240.46 1 1
github.com/bi0dread/figo/v3/figo.go:2240.46,2242.3 1 1
github.com/bi0dread/figo/v3/figo.go:2244.2,2247.46 2 1
github.com/bi0dread/figo/v3/figo.go:2247.46,2248.37 1 1
github.com/bi0dread/figo/v3/figo.go:2248.37,2251.4 2 1
github.com/bi0dread/figo/v3/figo.go:2255.2,2259.12 4 1
github.com/bi0dread/figo/v3/figo.go:2263.71,2268.15 4 1
github.com/bi0dread/figo/v3/figo.go:2268.15,2271.3 2 1
github.com/bi0dread/figo/v3/figo.go:2273.2,2273.46 1 1
github.com/bi0dread/figo/v3/figo.go:2273.46,2275.3 1 1
github.com/bi0dread/figo/v3/figo.go:2277.2,2280.46 2 0
github.com/bi0dread/figo/v3/figo.go:2280.46,2281.38 1 0
github.com/bi0dread/figo/v3/figo.go:2281.38,2284.4 2 0
github.com/bi0dread/figo/v3/figo.go:2288.2,2289.18 2 0
github.com/bi0dread/figo/v3/figo.go:2289.18,2291.3 1 0
github.com/bi0dread/figo/v3/figo.go:2292.2,2294.14 2 0
github.com/bi0dread/figo/v3/figo.go:2300.67,2302.2 1 1
github.com/bi0dread/figo/v3/figo.go:2305.60,2307.2 1 1
github.com/bi0dread/figo/v3/figo.go:2310.37,2311.22 1 1
github.com/bi0dread/figo/v3/figo.go:2311.22,2313.3 1 0
github.com/bi0dread/figo/v3/figo.go:2314.2,2314.31 1 1
github.com/bi0dread/figo/v3/figo.go:2318.31,2319.22 1 1
github.com/bi0dread/figo/v3/figo.go:2319.22,2321.3 1 1
github.com/bi0dread/figo/v3/figo.go:2325.86,2326.22 1 1
github.com/bi0dread/figo/v3/figo.go:2326.22,2328.3 1 1
github.com/bi0dread/figo/v3/figo.go:2334.57,2336.2 1 1
github.com/bi0dread/figo/v3/figo.go:2339.50,2341.2 1 1
github.com/bi0dread/figo/v3/figo.go:2344.52,2345.28 1 1
github.com/bi0dread/figo/v3/figo.go:2345.28,2347.3 1 1
github.com/bi0dread/figo/v3/figo.go:2349.2,2349.63 1 1
github.com/bi0dread/figo/v3/figo.go:2349.63,2351.3 1 0
github.com/bi0dread/figo/v3/figo.go:2354.2,2354.29 1 1
github.com/bi0dread/figo/v3/figo.go:2358.52,2359.28 1 0
github.com/bi0dread/figo/v3/figo.go:2359.28,2361.3 1 0
github.com/bi0dread/figo/v3/figo.go:2362.2,2362.47 1 0
github.com/bi0dread/figo/v3/figo.go:2368.65,2370.2 1 1
github.com/bi0dread/figo/v3/figo.go:2373.58,2375.2 1 0
github.com/bi0dread/figo/v3/figo.go:2378.55,2379.32 1 1
github.com/bi0dread/figo/v3/figo.go:2379.32,2381.3 1 0
github.com/bi0dread/figo/v3/figo.go:2382.2,2382.35 1 1
github.com/bi0dread/figo/v3/figo.go:2386.55,2387.32 1 0
github.com/bi0dread/figo/v3/figo.go:2387.32,2389.3 1 0
github.com/bi0dread/figo/v3/figo.go:2390.2,2390.50 1 0
github.com/bi0dread/figo/v3/figo.go:2394.61,2395.32 1 1
github.com/bi0dread/figo/v3/figo.go:2395.32,2397.3 1 0
github.com/bi0dread/figo/v3/figo.go:2398.2,2398.51 1 1
