mode: set
github.com/bi0dread/figo/v3/adapter_elasticsearch.go:13.101,16.16 3 0
github.com/bi0dread/figo/v3/adapter_elasticsearch.go:16.16,18.3 1 0
github.com/bi0dread/figo/v3/adapter_elasticsearch.go:19.2,19.32 1 0
github.com/bi0dread/figo/v3/adapter_elasticsearch.go:23.96,26.2 2 0
github.com/bi0dread/figo/v3/adapter_elasticsearch.go:34.47,34.48 0 0
github.com/bi0dread/figo/v3/adapter_elasticsearch.go:37.52,40.2 2 0
github.com/bi0dread/figo/v3/adapter_elasticsearch.go:43.52,45.2 1 0
github.com/bi0dread/figo/v3/adapter_elasticsearch.go:57.57,64.16 3 1
github.com/bi0dread/figo/v3/adapter_elasticsearch.go:64.16,66.3 1 1
github.com/bi0dread/figo/v3/adapter_elasticsearch.go:67.2,67.16 1 1
github.com/bi0dread/figo/v3/adapter_elasticsearch.go:67.16,69.3 1 1
github.com/bi0dread/figo/v3/adapter_elasticsearch.go:72.2,72.45 1 1
github.com/bi0dread/figo/v3/adapter_elasticsearch.go:72.45,73.36 1 1
github.com/bi0dread/figo/v3/adapter_elasticsearch.go:73.36,79.14 2 1
github.com/bi0dread/figo/v3/adapter_elasticsearch.go:79.14,83.5 1 1
github.com/bi0dread/figo/v3/adapter_elasticsearch.go:84.4,84.46 1 1
github.com/bi0dread/figo/v3/adapter_elasticsearch.go:89.2,89.34 1 1
github.com/bi0dread/figo/v3/adapter_elasticsearch.go:89.34,90.42 1 1
github.com/bi0dread/figo/v3/adapter_elasticsearch.go:90.42,92.4 1 1
github.com/bi0dread/figo/v3/adapter_elasticsearch.go:95.2,95.14 1 1
github.com/bi0dread/figo/v3/adapter_elasticsearch.go:99.76,100.21 1 1
github.com/bi0dread/figo/v3/adapter_elasticsearch.go:100.21,104.3 1 0
github.com/bi0dread/figo/v3/adapter_elasticsearch.go:106.2,106.21 1 1
github.com/bi0dread/figo/v3/adapter_elasticsearch.go:106.21,108.3 1 1
github.com/bi0dread/figo/v3/adapter_elasticsearch.go:111.2,117.29 2 0
github.com/bi0dread/figo/v3/adapter_elasticsearch.go:117.29,123.3 2 0
github.com/bi0dread/figo/v3/adapter_elasticsearch.go:125.2,125.18 1 0
github.com/bi0dread/figo/v3/adapter_elasticsearch.go:129.72,130.26 1 1
github.com/bi0dread/figo/v3/adapter_elasticsearch.go:131.14,136.4 1 1
github.com/bi0dread/figo/v3/adapter_elasticsearch.go:137.15,144.4 1 1
github.com/bi0dread/figo/v3/adapter_elasticsearch.go:145.14,152.4 1 1
github.com/bi0dread/figo/v3/adapter_elasticsearch.go:153.14,160.4 1 0
github.com/bi0dread/figo/v3/adapter_elasticsearch.go:161.15,168.4 1 1
github.com/bi0dread/figo/v3/adapter_elasticsearch.go:169.15,178.4 1 1
github.com/bi0dread/figo/v3/adapter_elasticsearch.go:179.16,182.38 2 1
github.com/bi0dread/figo/v3/adapter_elasticsearch.go:182.38,184.4 1 1
github.com/bi0dread/figo/v3/adapter_elasticsearch.go:184.9,186.4 1 0
github.com/bi0dread/figo/v3/adapter_elasticsearch.go:187.3,191.4 1 1
github.com/bi0dread/figo/v3/adapter_elasticsearch.go:192.17,195.38 2 0
github.com/bi0dread/figo/v3/adapter_elasticsearch.go:195.38,197.4 1 0
github.com/bi0dread/figo/v3/adapter_elasticsearch.go:197.9,199.4 1 0
github.com/bi0dread/figo/v3/adapter_elasticsearch.go:200.3,207.4 1 0
github.com/bi0dread/figo/v3/adapter_elasticsearch.go:208.17,213.4 1 1
github.com/bi0dread/figo/v3/adapter_elasticsearch.go:214.18,223.4 1 1
github.com/bi0dread/figo/v3/adapter_elasticsearch.go:224.19,229.4 1 1
github.com/bi0dread/figo/v3/adapter_elasticsearch.go:230.14,235.4 1 1
github.com/bi0dread/figo/v3/adapter_elasticsearch.go:236.17,245.4 1 0
github.com/bi0dread/figo/v3/adapter_elasticsearch.go:246.19,254.4 1 1
github.com/bi0dread/figo/v3/adapter_elasticsearch.go:255.15,261.33 2 1
github.com/bi0dread/figo/v3/adapter_elasticsearch.go:261.33,262.17 1 1
github.com/bi0dread/figo/v3/adapter_elasticsearch.go:262.17,268.5 2 1
github.com/bi0dread/figo/v3/adapter_elasticsearch.go:270.3,270.19 1 1
github.com/bi0dread/figo/v3/adapter_elasticsearch.go:271.14,277.33 2 1
github.com/bi0dread/figo/v3/adapter_elasticsearch.go:277.33,278.17 1 1
github.com/bi0dread/figo/v3/adapter_elasticsearch.go:278.17,284.5 2 1
github.com/bi0dread/figo/v3/adapter_elasticsearch.go:287.3,288.19 2 1
github.com/bi0dread/figo/v3/adapter_elasticsearch.go:289.15,290.50 1 0
github.com/bi0dread/figo/v3/adapter_elasticsearch.go:290.50,296.4 1 0
github.com/bi0dread/figo/v3/adapter_elasticsearch.go:297.3,299.4 1 0
github.com/bi0dread/figo/v3/adapter_elasticsearch.go:300.10,303.4 1 0
github.com/bi0dread/figo/v3/adapter_elasticsearch.go:308.58,311.16 3 1
github.com/bi0dread/figo/v3/adapter_elasticsearch.go:311.16,313.3 1 0
github.com/bi0dread/figo/v3/adapter_elasticsearch.go:314.2,314.31 1 1
github.com/bi0dread/figo/v3/adapter_elasticsearch.go:318.65,321.16 3 0
github.com/bi0dread/figo/v3/adapter_elasticsearch.go:321.16,323.3 1 0
github.com/bi0dread/figo/v3/adapter_elasticsearch.go:324.2,324.31 1 0
github.com/bi0dread/figo/v3/adapter_elasticsearch.go:333.64,341.2 1 1
github.com/bi0dread/figo/v3/adapter_elasticsearch.go:344.81,347.2 2 1
github.com/bi0dread/figo/v3/adapter_elasticsearch.go:350.102,352.16 2 1
github.com/bi0dread/figo/v3/adapter_elasticsearch.go:352.16,354.3 1 1
github.com/bi0dread/figo/v3/adapter_elasticsearch.go:356.2,363.10 3 1
github.com/bi0dread/figo/v3/adapter_elasticsearch.go:367.94,371.2 3 1
github.com/bi0dread/figo/v3/adapter_elasticsearch.go:374.92,377.2 2 1
github.com/bi0dread/figo/v3/adapter_elasticsearch.go:380.64,382.2 1 1
github.com/bi0dread/figo/v3/adapter_elasticsearch.go:385.62,387.16 2 1
github.com/bi0dread/figo/v3/adapter_elasticsearch.go:387.16,389.3 1 0
github.com/bi0dread/figo/v3/adapter_elasticsearch.go:390.2,390.31 1 1
github.com/bi0dread/figo/v3/adapter_elasticsearch.go:394.69,396.16 2 0
github.com/bi0dread/figo/v3/adapter_elasticsearch.go:396.16,398.3 1 0
github.com/bi0dread/figo/v3/adapter_elasticsearch.go:399.2,399.31 1 0
github.com/bi0dread/figo/v3/adapter_gorm.go:12.45,13.23 1 1
github.com/bi0dread/figo/v3/adapter_gorm.go:14.14,15.52 1 1
github.com/bi0dread/figo/v3/adapter_gorm.go:16.15,17.53 1 0
github.com/bi0dread/figo/v3/adapter_gorm.go:18.14,19.52 1 1
github.com/bi0dread/figo/v3/adapter_gorm.go:20.14,21.52 1 1
github.com/bi0dread/figo/v3/adapter_gorm.go:22.15,23.53 1 0
github.com/bi0dread/figo/v3/adapter_gorm.go:24.15,25.53 1 0
github.com/bi0dread/figo/v3/adapter_gorm.go:26.16,27.54 1 1
github.com/bi0dread/figo/v3/adapter_gorm.go:28.17,30.124 1 1
github.com/bi0dread/figo/v3/adapter_gorm.go:31.17,33.104 1 1
github.com/bi0dread/figo/v3/adapter_gorm.go:34.18,35.48 1 1
github.com/bi0dread/figo/v3/adapter_gorm.go:36.19,37.49 1 1
github.com/bi0dread/figo/v3/adapter_gorm.go:38.14,39.54 1 1
github.com/bi0dread/figo/v3/adapter_gorm.go:40.17,41.66 1 1
github.com/bi0dread/figo/v3/adapter_gorm.go:42.19,43.105 1 1
github.com/bi0dread/figo/v3/adapter_gorm.go:44.15,46.33 2 1
github.com/bi0dread/figo/v3/adapter_gorm.go:46.33,47.17 1 1
github.com/bi0dread/figo/v3/adapter_gorm.go:47.17,48.13 1 0
github.com/bi0dread/figo/v3/adapter_gorm.go:50.4,50.43 1 1
github.com/bi0dread/figo/v3/adapter_gorm.go:52.3,52.30 1 1
github.com/bi0dread/figo/v3/adapter_gorm.go:53.14,55.33 2 1
github.com/bi0dread/figo/v3/adapter_gorm.go:55.33,56.17 1 1
github.com/bi0dread/figo/v3/adapter_gorm.go:56.17,57.13 1 0
github.com/bi0dread/figo/v3/adapter_gorm.go:59.4,59.43 1 1
github.com/bi0dread/figo/v3/adapter_gorm.go:61.3,61.29 1 1
github.com/bi0dread/figo/v3/adapter_gorm.go:62.15,64.33 2 0
github.com/bi0dread/figo/v3/adapter_gorm.go:64.33,65.17 1 0
github.com/bi0dread/figo/v3/adapter_gorm.go:65.17,66.13 1 0
github.com/bi0dread/figo/v3/adapter_gorm.go:68.4,68.43 1 0
github.com/bi0dread/figo/v3/adapter_gorm.go:70.3,70.30 1 0
github.com/bi0dread/figo/v3/adapter_gorm.go:71.15,73.31 2 1
github.com/bi0dread/figo/v3/adapter_gorm.go:73.31,75.4 1 1
github.com/bi0dread/figo/v3/adapter_gorm.go:76.3,76.39 1 1
github.com/bi0dread/figo/v3/adapter_gorm.go:77.10,78.13 1 0
github.com/bi0dread/figo/v3/adapter_gorm.go:83.47,88.34 3 1
github.com/bi0dread/figo/v3/adapter_gorm.go:88.34,90.41 2 1
github.com/bi0dread/figo/v3/adapter_gorm.go:90.41,92.4 1 1
github.com/bi0dread/figo/v3/adapter_gorm.go:93.3,93.27 1 1
github.com/bi0dread/figo/v3/adapter_gorm.go:96.2,96.36 1 1
github.com/bi0dread/figo/v3/adapter_gorm.go:96.36,98.23 2 1
github.com/bi0dread/figo/v3/adapter_gorm.go:98.23,99.16 1 1
github.com/bi0dread/figo/v3/adapter_gorm.go:99.16,100.13 1 0
github.com/bi0dread/figo/v3/adapter_gorm.go:102.4,102.40 1 1
github.com/bi0dread/figo/v3/adapter_gorm.go:104.3,104.29 1 1
github.com/bi0dread/figo/v3/adapter_gorm.go:107.2,107.49 1 1
github.com/bi0dread/figo/v3/adapter_gorm.go:107.49,109.29 2 1
github.com/bi0dread/figo/v3/adapter_gorm.go:109.29,110.16 1 1
github.com/bi0dread/figo/v3/adapter_gorm.go:110.16,111.13 1 0
github.com/bi0dread/figo/v3/adapter_gorm.go:113.4,113.40 1 1
github.com/bi0dread/figo/v3/adapter_gorm.go:115.3,115.29 1 1
github.com/bi0dread/figo/v3/adapter_gorm.go:119.2,119.45 1 1
github.com/bi0dread/figo/v3/adapter_gorm.go:119.45,121.3 1 1
github.com/bi0dread/figo/v3/adapter_gorm.go:123.2,123.12 1 1
github.com/bi0dread/figo/v3/adapter_gorm.go:127.69,144.2 11 1
github.com/bi0dread/figo/v3/adapter_gorm.go:147.81,149.22 2 1
github.com/bi0dread/figo/v3/adapter_gorm.go:149.22,151.3 1 0
github.com/bi0dread/figo/v3/adapter_gorm.go:152.2,152.53 1 1
github.com/bi0dread/figo/v3/adapter_gorm.go:158.90,160.2 1 1
github.com/bi0dread/figo/v3/adapter_gorm.go:162.85,164.22 2 1
github.com/bi0dread/figo/v3/adapter_gorm.go:164.22,166.3 1 0
github.com/bi0dread/figo/v3/adapter_gorm.go:167.2,168.44 2 1
github.com/bi0dread/figo/v3/adapter_mongo.go:22.38,24.2 1 1
github.com/bi0dread/figo/v3/adapter_mongo.go:27.57,31.16 3 1
github.com/bi0dread/figo/v3/adapter_mongo.go:31.16,34.3 2 1
github.com/bi0dread/figo/v3/adapter_mongo.go:35.2,35.16 1 1
github.com/bi0dread/figo/v3/adapter_mongo.go:35.16,38.3 2 0
github.com/bi0dread/figo/v3/adapter_mongo.go:40.2,40.45 1 1
github.com/bi0dread/figo/v3/adapter_mongo.go:40.45,42.36 2 1
github.com/bi0dread/figo/v3/adapter_mongo.go:42.36,44.14 2 1
github.com/bi0dread/figo/v3/adapter_mongo.go:44.14,46.5 1 1
github.com/bi0dread/figo/v3/adapter_mongo.go:47.4,47.54 1 1
github.com/bi0dread/figo/v3/adapter_mongo.go:49.3,49.18 1 1
github.com/bi0dread/figo/v3/adapter_mongo.go:49.18,51.4 1 1
github.com/bi0dread/figo/v3/adapter_mongo.go:53.2,53.13 1 1
github.com/bi0dread/figo/v3/adapter_mongo.go:59.85,64.24 3 1
github.com/bi0dread/figo/v3/adapter_mongo.go:64.24,66.3 1 0
github.com/bi0dread/figo/v3/adapter_mongo.go:69.2,69.46 1 1
github.com/bi0dread/figo/v3/adapter_mongo.go:69.46,71.10 2 1
github.com/bi0dread/figo/v3/adapter_mongo.go:71.10,74.4 1 0
github.com/bi0dread/figo/v3/adapter_mongo.go:75.3,84.21 3 1
github.com/bi0dread/figo/v3/adapter_mongo.go:84.21,86.18 2 1
github.com/bi0dread/figo/v3/adapter_mongo.go:86.18,88.5 1 1
github.com/bi0dread/figo/v3/adapter_mongo.go:92.2,92.17 1 1
github.com/bi0dread/figo/v3/adapter_mongo.go:96.53,97.21 1 1
github.com/bi0dread/figo/v3/adapter_mongo.go:97.21,99.3 1 1
github.com/bi0dread/figo/v3/adapter_mongo.go:101.2,102.26 2 1
github.com/bi0dread/figo/v3/adapter_mongo.go:102.26,103.15 1 1
github.com/bi0dread/figo/v3/adapter_mongo.go:103.15,104.12 1 0
github.com/bi0dread/figo/v3/adapter_mongo.go:106.3,106.36 1 1
github.com/bi0dread/figo/v3/adapter_mongo.go:106.36,108.4 1 1
github.com/bi0dread/figo/v3/adapter_mongo.go:110.2,110.21 1 1
github.com/bi0dread/figo/v3/adapter_mongo.go:110.21,112.3 1 1
github.com/bi0dread/figo/v3/adapter_mongo.go:113.2,113.30 1 1
github.com/bi0dread/figo/v3/adapter_mongo.go:116.80,117.21 1 1
github.com/bi0dread/figo/v3/adapter_mongo.go:117.21,119.3 1 0
github.com/bi0dread/figo/v3/adapter_mongo.go:120.2,121.26 2 1
github.com/bi0dread/figo/v3/adapter_mongo.go:121.26,122.15 1 1
github.com/bi0dread/figo/v3/adapter_mongo.go:122.15,123.12 1 0
github.com/bi0dread/figo/v3/adapter_mongo.go:125.3,125.56 1 1
github.com/bi0dread/figo/v3/adapter_mongo.go:125.56,127.4 1 1
github.com/bi0dread/figo/v3/adapter_mongo.go:129.2,129.21 1 1
github.com/bi0dread/figo/v3/adapter_mongo.go:129.21,131.3 1 1
github.com/bi0dread/figo/v3/adapter_mongo.go:132.2,132.30 1 0
github.com/bi0dread/figo/v3/adapter_mongo.go:136.31,137.23 1 1
github.com/bi0dread/figo/v3/adapter_mongo.go:138.14,139.34 1 1
github.com/bi0dread/figo/v3/adapter_mongo.go:140.15,141.50 1 1
github.com/bi0dread/figo/v3/adapter_mongo.go:142.14,143.49 1 1
github.com/bi0dread/figo/v3/adapter_mongo.go:144.14,145.49 1 1
github.com/bi0dread/figo/v3/adapter_mongo.go:146.15,147.50 1 1
github.com/bi0dread/figo/v3/adapter_mongo.go:148.15,149.49 1 0
github.com/bi0dread/figo/v3/adapter_mongo.go:150.16,151.65 1 1
github.com/bi0dread/figo/v3/adapter_mongo.go:152.17,154.30 1 0
github.com/bi0dread/figo/v3/adapter_mongo.go:155.23,156.47 1 0
github.com/bi0dread/figo/v3/adapter_mongo.go:157.15,159.67 1 0
github.com/bi0dread/figo/v3/adapter_mongo.go:160.11,161.19 1 0
github.com/bi0dread/figo/v3/adapter_mongo.go:163.17,164.82 1 1
github.com/bi0dread/figo/v3/adapter_mongo.go:165.18,166.51 1 1
github.com/bi0dread/figo/v3/adapter_mongo.go:167.19,168.50 1 1
github.com/bi0dread/figo/v3/adapter_mongo.go:169.14,170.50 1 1
github.com/bi0dread/figo/v3/adapter_mongo.go:171.17,172.51 1 1
github.com/bi0dread/figo/v3/adapter_mongo.go:173.19,174.64 1 1
github.com/bi0dread/figo/v3/adapter_mongo.go:175.15,177.33 2 1
github.com/bi0dread/figo/v3/adapter_mongo.go:177.33,178.38 1 1
github.com/bi0dread/figo/v3/adapter_mongo.go:178.38,180.5 1 1
github.com/bi0dread/figo/v3/adapter_mongo.go:182.3,182.31 1 1
github.com/bi0dread/figo/v3/adapter_mongo.go:183.14,185.33 2 1
github.com/bi0dread/figo/v3/adapter_mongo.go:185.33,186.38 1 1
github.com/bi0dread/figo/v3/adapter_mongo.go:186.38,188.5 1 1
github.com/bi0dread/figo/v3/adapter_mongo.go:190.3,190.30 1 1
github.com/bi0dread/figo/v3/adapter_mongo.go:191.15,193.33 2 0
github.com/bi0dread/figo/v3/adapter_mongo.go:193.33,194.38 1 0
github.com/bi0dread/figo/v3/adapter_mongo.go:194.38,196.5 1 0
github.com/bi0dread/figo/v3/adapter_mongo.go:198.3,198.31 1 0
github.com/bi0dread/figo/v3/adapter_mongo.go:199.15,200.18 1 0
github.com/bi0dread/figo/v3/adapter_mongo.go:201.10,202.18 1 0
github.com/bi0dread/figo/v3/adapter_mongo.go:206.58,207.33 1 1
github.com/bi0dread/figo/v3/adapter_mongo.go:207.33,207.67 1 1
github.com/bi0dread/figo/v3/adapter_mongo.go:208.2,208.23 1 1
github.com/bi0dread/figo/v3/adapter_mongo.go:209.14,210.37 1 1
github.com/bi0dread/figo/v3/adapter_mongo.go:211.15,212.53 1 0
github.com/bi0dread/figo/v3/adapter_mongo.go:213.14,214.52 1 0
github.com/bi0dread/figo/v3/adapter_mongo.go:215.14,216.52 1 0
github.com/bi0dread/figo/v3/adapter_mongo.go:217.15,218.53 1 0
github.com/bi0dread/figo/v3/adapter_mongo.go:219.15,220.52 1 0
github.com/bi0dread/figo/v3/adapter_mongo.go:221.16,222.68 1 0
github.com/bi0dread/figo/v3/adapter_mongo.go:223.17,224.30 1 0
github.com/bi0dread/figo/v3/adapter_mongo.go:225.23,226.50 1 0
github.com/bi0dread/figo/v3/adapter_mongo.go:227.15,228.70 1 0
github.com/bi0dread/figo/v3/adapter_mongo.go:229.11,230.19 1 0
github.com/bi0dread/figo/v3/adapter_mongo.go:232.17,233.85 1 0
github.com/bi0dread/figo/v3/adapter_mongo.go:234.18,235.54 1 0
github.com/bi0dread/figo/v3/adapter_mongo.go:236.19,237.53 1 0
github.com/bi0dread/figo/v3/adapter_mongo.go:238.14,239.53 1 0
github.com/bi0dread/figo/v3/adapter_mongo.go:240.17,241.54 1 0
github.com/bi0dread/figo/v3/adapter_mongo.go:242.19,243.67 1 0
github.com/bi0dread/figo/v3/adapter_mongo.go:244.15,246.33 2 0
github.com/bi0dread/figo/v3/adapter_mongo.go:246.33,247.58 1 0
github.com/bi0dread/figo/v3/adapter_mongo.go:247.58,249.5 1 0
github.com/bi0dread/figo/v3/adapter_mongo.go:251.3,251.31 1 0
github.com/bi0dread/figo/v3/adapter_mongo.go:252.14,254.33 2 1
github.com/bi0dread/figo/v3/adapter_mongo.go:254.33,255.58 1 1
github.com/bi0dread/figo/v3/adapter_mongo.go:255.58,257.5 1 1
github.com/bi0dread/figo/v3/adapter_mongo.go:259.3,259.30 1 1
github.com/bi0dread/figo/v3/adapter_mongo.go:260.15,262.33 2 0
github.com/bi0dread/figo/v3/adapter_mongo.go:262.33,263.58 1 0
github.com/bi0dread/figo/v3/adapter_mongo.go:263.58,265.5 1 0
github.com/bi0dread/figo/v3/adapter_mongo.go:267.3,267.31 1 0
github.com/bi0dread/figo/v3/adapter_mongo.go:268.15,269.18 1 0
github.com/bi0dread/figo/v3/adapter_mongo.go:270.10,271.18 1 0
github.com/bi0dread/figo/v3/adapter_mongo.go:275.40,278.23 2 1
github.com/bi0dread/figo/v3/adapter_mongo.go:279.14,280.8 1 1
github.com/bi0dread/figo/v3/adapter_mongo.go:281.10,282.20 1 0
github.com/bi0dread/figo/v3/adapter_mongo.go:285.2,289.36 4 1
github.com/bi0dread/figo/v3/adapter_mongo.go:293.65,295.2 1 1
github.com/bi0dread/figo/v3/adapter_mongo.go:298.111,302.2 3 1
github.com/bi0dread/figo/v3/adapter_mongo.go:307.91,310.2 1 0
github.com/bi0dread/figo/v3/adapter_mongo.go:320.34,320.35 0 0
github.com/bi0dread/figo/v3/adapter_mongo.go:327.39,327.40 0 0
github.com/bi0dread/figo/v3/adapter_mongo.go:329.86,332.35 2 1
github.com/bi0dread/figo/v3/adapter_mongo.go:332.35,334.59 2 1
github.com/bi0dread/figo/v3/adapter_mongo.go:334.59,336.9 2 1
github.com/bi0dread/figo/v3/adapter_mongo.go:339.2,339.11 1 1
github.com/bi0dread/figo/v3/adapter_mongo.go:339.11,341.46 2 1
github.com/bi0dread/figo/v3/adapter_mongo.go:341.46,343.4 1 1
github.com/bi0dread/figo/v3/adapter_mongo.go:344.3,345.66 2 1
github.com/bi0dread/figo/v3/adapter_mongo.go:347.2,348.60 2 1
github.com/bi0dread/figo/v3/adapter_raw.go:17.53,19.42 2 0
github.com/bi0dread/figo/v3/adapter_raw.go:19.42,22.3 2 0
github.com/bi0dread/figo/v3/adapter_raw.go:23.2,23.15 1 0
github.com/bi0dread/figo/v3/adapter_raw.go:27.44,29.2 1 1
github.com/bi0dread/figo/v3/adapter_raw.go:34.78,37.34 2 1
github.com/bi0dread/figo/v3/adapter_raw.go:37.34,39.41 2 0
github.com/bi0dread/figo/v3/adapter_raw.go:39.41,41.4 1 0
github.com/bi0dread/figo/v3/adapter_raw.go:42.3,43.31 2 0
github.com/bi0dread/figo/v3/adapter_raw.go:43.31,45.4 1 0
github.com/bi0dread/figo/v3/adapter_raw.go:46.3,46.36 1 0
github.com/bi0dread/figo/v3/adapter_raw.go:47.8,47.29 1 1
github.com/bi0dread/figo/v3/adapter_raw.go:47.29,49.29 2 0
github.com/bi0dread/figo/v3/adapter_raw.go:49.29,51.4 1 0
github.com/bi0dread/figo/v3/adapter_raw.go:52.3,52.36 1 0
github.com/bi0dread/figo/v3/adapter_raw.go:56.2,62.19 6 1
github.com/bi0dread/figo/v3/adapter_raw.go:62.19,64.3 1 1
github.com/bi0dread/figo/v3/adapter_raw.go:65.2,65.17 1 1
github.com/bi0dread/figo/v3/adapter_raw.go:65.17,67.3 1 1
github.com/bi0dread/figo/v3/adapter_raw.go:68.2,68.19 1 1
github.com/bi0dread/figo/v3/adapter_raw.go:68.19,70.3 1 1
github.com/bi0dread/figo/v3/adapter_raw.go:71.2,71.23 1 1
github.com/bi0dread/figo/v3/adapter_raw.go:71.23,73.3 1 1
github.com/bi0dread/figo/v3/adapter_raw.go:75.2,77.20 3 1
github.com/bi0dread/figo/v3/adapter_raw.go:82.56,83.21 1 1
github.com/bi0dread/figo/v3/adapter_raw.go:83.21,85.3 1 1
github.com/bi0dread/figo/v3/adapter_raw.go:88.2,90.26 3 1
github.com/bi0dread/figo/v3/adapter_raw.go:90.26,91.15 1 1
github.com/bi0dread/figo/v3/adapter_raw.go:91.15,92.12 1 0
github.com/bi0dread/figo/v3/adapter_raw.go:94.3,95.14 2 1
github.com/bi0dread/figo/v3/adapter_raw.go:95.14,98.4 2 1
github.com/bi0dread/figo/v3/adapter_raw.go:100.2,100.43 1 1
github.com/bi0dread/figo/v3/adapter_raw.go:103.40,104.23 1 1
github.com/bi0dread/figo/v3/adapter_raw.go:105.14,106.68 1 1
github.com/bi0dread/figo/v3/adapter_raw.go:107.15,108.69 1 1
github.com/bi0dread/figo/v3/adapter_raw.go:109.14,110.68 1 1
github.com/bi0dread/figo/v3/adapter_raw.go:111.14,112.68 1 1
github.com/bi0dread/figo/v3/adapter_raw.go:113.15,114.69 1 1
github.com/bi0dread/figo/v3/adapter_raw.go:115.15,116.69 1 1
github.com/bi0dread/figo/v3/adapter_raw.go:117.16,118.71 1 1
github.com/bi0dread/figo/v3/adapter_raw.go:119.17,121.92 1 1
github.com/bi0dread/figo/v3/adapter_raw.go:122.17,123.85 1 1
github.com/bi0dread/figo/v3/adapter_raw.go:124.18,125.61 1 1
github.com/bi0dread/figo/v3/adapter_raw.go:126.19,127.65 1 1
github.com/bi0dread/figo/v3/adapter_raw.go:128.14,129.25 1 1
github.com/bi0dread/figo/v3/adapter_raw.go:129.25,131.4 1 0
github.com/bi0dread/figo/v3/adapter_raw.go:132.3,134.100 3 1
github.com/bi0dread/figo/v3/adapter_raw.go:135.17,136.25 1 1
github.com/bi0dread/figo/v3/adapter_raw.go:136.25,138.4 1 0
github.com/bi0dread/figo/v3/adapter_raw.go:139.3,141.104 3 1
github.com/bi0dread/figo/v3/adapter_raw.go:142.19,143.86 1 1
github.com/bi0dread/figo/v3/adapter_raw.go:144.15,145.38 1 1
github.com/bi0dread/figo/v3/adapter_raw.go:146.14,147.37 1 1
github.com/bi0dread/figo/v3/adapter_raw.go:148.15,149.27 1 1
github.com/bi0dread/figo/v3/adapter_raw.go:149.27,151.4 1 0
github.com/bi0dread/figo/v3/adapter_raw.go:152.3,153.18 2 1
github.com/bi0dread/figo/v3/adapter_raw.go:153.18,155.4 1 0
github.com/bi0dread/figo/v3/adapter_raw.go:156.3,156.46 1 1
github.com/bi0dread/figo/v3/adapter_raw.go:157.15,159.17 1 0
github.com/bi0dread/figo/v3/adapter_raw.go:160.10,161.17 1 0
github.com/bi0dread/figo/v3/adapter_raw.go:165.67,167.36 1 1
github.com/bi0dread/figo/v3/adapter_raw.go:167.36,167.94 1 1
github.com/bi0dread/figo/v3/adapter_raw.go:168.2,168.23 1 1
github.com/bi0dread/figo/v3/adapter_raw.go:169.14,170.62 1 1
github.com/bi0dread/figo/v3/adapter_raw.go:171.15,172.63 1 0
github.com/bi0dread/figo/v3/adapter_raw.go:173.14,174.62 1 1
github.com/bi0dread/figo/v3/adapter_raw.go:175.14,176.62 1 0
github.com/bi0dread/figo/v3/adapter_raw.go:177.15,178.63 1 0
github.com/bi0dread/figo/v3/adapter_raw.go:179.15,180.63 1 0
github.com/bi0dread/figo/v3/adapter_raw.go:181.16,182.65 1 1
github.com/bi0dread/figo/v3/adapter_raw.go:183.17,184.86 1 0
github.com/bi0dread/figo/v3/adapter_raw.go:185.17,186.79 1 0
github.com/bi0dread/figo/v3/adapter_raw.go:187.18,188.55 1 0
github.com/bi0dread/figo/v3/adapter_raw.go:189.19,190.59 1 0
github.com/bi0dread/figo/v3/adapter_raw.go:191.14,192.25 1 0
github.com/bi0dread/figo/v3/adapter_raw.go:192.25,194.4 1 0
github.com/bi0dread/figo/v3/adapter_raw.go:195.3,197.94 3 0
github.com/bi0dread/figo/v3/adapter_raw.go:198.17,199.25 1 0
github.com/bi0dread/figo/v3/adapter_raw.go:199.25,201.4 1 0
github.com/bi0dread/figo/v3/adapter_raw.go:202.3,204.98 3 0
github.com/bi0dread/figo/v3/adapter_raw.go:205.19,206.80 1 0
github.com/bi0dread/figo/v3/adapter_raw.go:207.15,208.58 1 1
github.com/bi0dread/figo/v3/adapter_raw.go:209.14,210.57 1 1
github.com/bi0dread/figo/v3/adapter_raw.go:211.15,212.27 1 0
github.com/bi0dread/figo/v3/adapter_raw.go:212.27,214.4 1 0
github.com/bi0dread/figo/v3/adapter_raw.go:215.3,216.18 2 0
github.com/bi0dread/figo/v3/adapter_raw.go:216.18,218.4 1 0
github.com/bi0dread/figo/v3/adapter_raw.go:219.3,219.46 1 0
github.com/bi0dread/figo/v3/adapter_raw.go:220.15,221.17 1 0
github.com/bi0dread/figo/v3/adapter_raw.go:222.10,223.17 1 0
github.com/bi0dread/figo/v3/adapter_raw.go:227.60,230.29 3 1
github.com/bi0dread/figo/v3/adapter_raw.go:230.29,231.15 1 1
github.com/bi0dread/figo/v3/adapter_raw.go:231.15,232.12 1 0
github.com/bi0dread/figo/v3/adapter_raw.go:234.3,235.14 2 1
github.com/bi0dread/figo/v3/adapter_raw.go:235.14,238.4 2 1
github.com/bi0dread/figo/v3/adapter_raw.go:240.2,240.21 1 1
github.com/bi0dread/figo/v3/adapter_raw.go:240.21,242.3 1 0
github.com/bi0dread/figo/v3/adapter_raw.go:243.2,243.21 1 1
github.com/bi0dread/figo/v3/adapter_raw.go:243.21,245.3 1 1
github.com/bi0dread/figo/v3/adapter_raw.go:246.2,246.58 1 1
github.com/bi0dread/figo/v3/adapter_raw.go:249.87,252.29 3 1
github.com/bi0dread/figo/v3/adapter_raw.go:252.29,253.15 1 1
github.com/bi0dread/figo/v3/adapter_raw.go:253.15,254.12 1 0
github.com/bi0dread/figo/v3/adapter_raw.go:256.3,257.14 2 1
github.com/bi0dread/figo/v3/adapter_raw.go:257.14,260.4 2 1
github.com/bi0dread/figo/v3/adapter_raw.go:262.2,262.21 1 1
github.com/bi0dread/figo/v3/adapter_raw.go:262.21,264.3 1 0
github.com/bi0dread/figo/v3/adapter_raw.go:265.2,265.21 1 1
github.com/bi0dread/figo/v3/adapter_raw.go:265.21,267.3 1 0
github.com/bi0dread/figo/v3/adapter_raw.go:268.2,268.58 1 1
github.com/bi0dread/figo/v3/adapter_raw.go:271.34,272.45 1 1
github.com/bi0dread/figo/v3/adapter_raw.go:272.45,274.36 2 1
github.com/bi0dread/figo/v3/adapter_raw.go:274.36,276.14 2 1
github.com/bi0dread/figo/v3/adapter_raw.go:276.14,278.5 1 1
github.com/bi0dread/figo/v3/adapter_raw.go:279.4,279.70 1 1
github.com/bi0dread/figo/v3/adapter_raw.go:281.3,281.20 1 1
github.com/bi0dread/figo/v3/adapter_raw.go:281.20,283.4 1 1
github.com/bi0dread/figo/v3/adapter_raw.go:285.2,285.11 1 1
github.com/bi0dread/figo/v3/adapter_raw.go:288.38,292.32 2 1
github.com/bi0dread/figo/v3/adapter_raw.go:292.32,294.3 1 0
github.com/bi0dread/figo/v3/adapter_raw.go:295.2,295.30 1 1
github.com/bi0dread/figo/v3/adapter_raw.go:295.30,297.3 1 1
github.com/bi0dread/figo/v3/adapter_raw.go:298.2,298.16 1 1
github.com/bi0dread/figo/v3/adapter_raw.go:298.16,300.3 1 1
github.com/bi0dread/figo/v3/adapter_raw.go:302.2,302.41 1 0
github.com/bi0dread/figo/v3/adapter_raw.go:305.38,308.2 1 1
github.com/bi0dread/figo/v3/adapter_raw.go:316.87,317.25 1 1
github.com/bi0dread/figo/v3/adapter_raw.go:318.14,320.25 2 0
github.com/bi0dread/figo/v3/adapter_raw.go:321.18,323.25 2 1
github.com/bi0dread/figo/v3/adapter_raw.go:324.10,325.24 1 1
github.com/bi0dread/figo/v3/adapter_raw.go:332.89,334.9 2 1
github.com/bi0dread/figo/v3/adapter_raw.go:334.9,336.3 1 1
github.com/bi0dread/figo/v3/adapter_raw.go:337.2,337.44 1 1
github.com/bi0dread/figo/v3/adapter_raw.go:340.84,342.9 2 1
github.com/bi0dread/figo/v3/adapter_raw.go:342.9,344.3 1 1
github.com/bi0dread/figo/v3/adapter_raw.go:345.2,345.45 1 1
github.com/bi0dread/figo/v3/adapter_raw.go:348.87,351.34 2 1
github.com/bi0dread/figo/v3/adapter_raw.go:351.34,353.41 2 1
github.com/bi0dread/figo/v3/adapter_raw.go:353.41,355.4 1 1
github.com/bi0dread/figo/v3/adapter_raw.go:356.3,357.31 2 1
github.com/bi0dread/figo/v3/adapter_raw.go:357.31,359.4 1 1
github.com/bi0dread/figo/v3/adapter_raw.go:360.3,360.36 1 1
github.com/bi0dread/figo/v3/adapter_raw.go:363.2,369.29 5 1
github.com/bi0dread/figo/v3/adapter_raw.go:369.29,371.3 1 1
github.com/bi0dread/figo/v3/adapter_raw.go:374.2,377.35 4 1
github.com/bi0dread/figo/v3/adapter_raw.go:377.35,379.15 2 1
github.com/bi0dread/figo/v3/adapter_raw.go:380.17,381.57 1 1
github.com/bi0dread/figo/v3/adapter_raw.go:382.15,383.68 1 1
github.com/bi0dread/figo/v3/adapter_raw.go:384.24,385.19 1 1
github.com/bi0dread/figo/v3/adapter_raw.go:385.19,388.5 2 1
github.com/bi0dread/figo/v3/adapter_raw.go:389.27,390.21 1 1
github.com/bi0dread/figo/v3/adapter_raw.go:390.21,392.5 1 1
github.com/bi0dread/figo/v3/adapter_raw.go:393.16,394.25 1 0
github.com/bi0dread/figo/v3/adapter_raw.go:394.25,395.49 1 0
github.com/bi0dread/figo/v3/adapter_raw.go:395.49,397.6 1 0
github.com/bi0dread/figo/v3/adapter_raw.go:399.17,400.25 1 0
github.com/bi0dread/figo/v3/adapter_raw.go:400.25,401.50 1 0
github.com/bi0dread/figo/v3/adapter_raw.go:401.50,403.6 1 0
github.com/bi0dread/figo/v3/adapter_raw.go:403.11,403.57 1 0
github.com/bi0dread/figo/v3/adapter_raw.go:403.57,406.6 2 0
github.com/bi0dread/figo/v3/adapter_raw.go:408.15,409.25 1 0
github.com/bi0dread/figo/v3/adapter_raw.go:409.25,411.5 1 0
github.com/bi0dread/figo/v3/adapter_raw.go:412.15,413.35 1 1
github.com/bi0dread/figo/v3/adapter_raw.go:413.35,417.5 3 1
github.com/bi0dread/figo/v3/adapter_raw.go:418.19,418.19 0 0
github.com/bi0dread/figo/v3/adapter_raw.go:423.2,424.22 2 1
github.com/bi0dread/figo/v3/adapter_raw.go:427.46,429.12 2 1
github.com/bi0dread/figo/v3/adapter_raw.go:430.14,431.16 1 1
github.com/bi0dread/figo/v3/adapter_raw.go:432.14,433.16 1 0
github.com/bi0dread/figo/v3/adapter_raw.go:434.49,435.20 1 0
github.com/bi0dread/figo/v3/adapter_raw.go:436.10,437.12 1 1
github.com/bi0dread/figo/v3/adapter_raw.go:444.41,446.19 2 1
github.com/bi0dread/figo/v3/adapter_raw.go:446.19,448.3 1 1
github.com/bi0dread/figo/v3/adapter_raw.go:449.2,451.32 3 1
github.com/bi0dread/figo/v3/adapter_raw.go:451.32,453.18 2 1
github.com/bi0dread/figo/v3/adapter_raw.go:453.18,455.12 2 0
github.com/bi0dread/figo/v3/adapter_raw.go:457.3,458.33 2 1
github.com/bi0dread/figo/v3/adapter_raw.go:460.2,460.39 1 1
github.com/bi0dread/figo/v3/adapter_raw.go:463.83,464.21 1 1
github.com/bi0dread/figo/v3/adapter_raw.go:464.21,466.3 1 0
github.com/bi0dread/figo/v3/adapter_raw.go:467.2,469.26 3 1
github.com/bi0dread/figo/v3/adapter_raw.go:469.26,470.15 1 1
github.com/bi0dread/figo/v3/adapter_raw.go:470.15,471.12 1 0
github.com/bi0dread/figo/v3/adapter_raw.go:473.3,474.14 2 1
github.com/bi0dread/figo/v3/adapter_raw.go:474.14,477.4 2 1
github.com/bi0dread/figo/v3/adapter_raw.go:479.2,479.43 1 1
github.com/bi0dread/figo/v3/adapter_raw.go:484.56,485.20 1 1
github.com/bi0dread/figo/v3/adapter_raw.go:485.20,487.3 1 1
github.com/bi0dread/figo/v3/adapter_raw.go:488.2,494.32 6 1
github.com/bi0dread/figo/v3/adapter_raw.go:494.32,496.30 2 1
github.com/bi0dread/figo/v3/adapter_raw.go:496.30,499.12 3 0
github.com/bi0dread/figo/v3/adapter_raw.go:501.3,501.29 1 1
github.com/bi0dread/figo/v3/adapter_raw.go:501.29,504.12 3 0
github.com/bi0dread/figo/v3/adapter_raw.go:506.3,506.61 1 1
github.com/bi0dread/figo/v3/adapter_raw.go:506.61,509.12 3 1
github.com/bi0dread/figo/v3/adapter_raw.go:511.3,511.18 1 1
github.com/bi0dread/figo/v3/adapter_raw.go:513.2,513.19 1 1
github.com/bi0dread/figo/v3/adapter_raw.go:516.33,517.23 1 1
github.com/bi0dread/figo/v3/adapter_raw.go:518.11,519.16 1 0
github.com/bi0dread/figo/v3/adapter_raw.go:520.38,521.30 1 1
github.com/bi0dread/figo/v3/adapter_raw.go:522.43,523.30 1 0
github.com/bi0dread/figo/v3/adapter_raw.go:524.24,525.30 1 0
github.com/bi0dread/figo/v3/adapter_raw.go:526.12,527.8 1 0
github.com/bi0dread/figo/v3/adapter_raw.go:527.8,529.4 1 0
github.com/bi0dread/figo/v3/adapter_raw.go:530.3,530.17 1 0
github.com/bi0dread/figo/v3/adapter_raw.go:531.14,532.51 1 1
github.com/bi0dread/figo/v3/adapter_raw.go:533.10,535.70 1 0
github.com/bi0dread/figo/v3/adapter_raw.go:539.39,544.2 3 1
github.com/bi0dread/figo/v3/adapter_raw.go:546.54,547.31 1 1
github.com/bi0dread/figo/v3/adapter_raw.go:548.34,549.56 1 1
github.com/bi0dread/figo/v3/adapter_raw.go:550.33,551.14 1 0
github.com/bi0dread/figo/v3/adapter_raw.go:552.10,553.14 1 0
github.com/bi0dread/figo/v3/figo.go:24.37,26.14 2 1
github.com/bi0dread/figo/v3/figo.go:26.14,28.3 1 0
github.com/bi0dread/figo/v3/figo.go:29.2,29.23 1 1
github.com/bi0dread/figo/v3/figo.go:33.35,33.62 1 1
github.com/bi0dread/figo/v3/figo.go:164.62,169.2 1 1
github.com/bi0dread/figo/v3/figo.go:172.92,173.17 1 1
github.com/bi0dread/figo/v3/figo.go:173.17,175.3 1 1
github.com/bi0dread/figo/v3/figo.go:177.2,185.14 7 1
github.com/bi0dread/figo/v3/figo.go:185.14,187.3 1 1
github.com/bi0dread/figo/v3/figo.go:187.8,189.3 1 1
github.com/bi0dread/figo/v3/figo.go:191.2,191.16 1 1
github.com/bi0dread/figo/v3/figo.go:191.16,193.3 1 1
github.com/bi0dread/figo/v3/figo.go:197.52,211.2 3 1
github.com/bi0dread/figo/v3/figo.go:214.39,219.2 3 1
github.com/bi0dread/figo/v3/figo.go:241.40,245.2 1 1
github.com/bi0dread/figo/v3/figo.go:248.62,252.19 3 1
github.com/bi0dread/figo/v3/figo.go:252.19,254.3 1 0
github.com/bi0dread/figo/v3/figo.go:256.2,257.16 2 1
github.com/bi0dread/figo/v3/figo.go:257.16,259.3 1 0
github.com/bi0dread/figo/v3/figo.go:261.2,261.43 1 1
github.com/bi0dread/figo/v3/figo.go:261.43,263.3 1 1
github.com/bi0dread/figo/v3/figo.go:265.2,266.12 2 1
github.com/bi0dread/figo/v3/figo.go:270.62,274.44 3 1
github.com/bi0dread/figo/v3/figo.go:274.44,276.3 1 1
github.com/bi0dread/figo/v3/figo.go:278.2,279.12 2 1
github.com/bi0dread/figo/v3/figo.go:283.64,289.2 4 1
github.com/bi0dread/figo/v3/figo.go:292.49,297.36 4 1
github.com/bi0dread/figo/v3/figo.go:297.36,299.3 1 1
github.com/bi0dread/figo/v3/figo.go:300.2,300.16 1 1
github.com/bi0dread/figo/v3/figo.go:304.68,308.36 3 1
github.com/bi0dread/figo/v3/figo.go:308.36,309.52 1 1
github.com/bi0dread/figo/v3/figo.go:309.52,311.4 1 1
github.com/bi0dread/figo/v3/figo.go:313.2,313.12 1 1
github.com/bi0dread/figo/v3/figo.go:317.87,321.36 3 1
github.com/bi0dread/figo/v3/figo.go:321.36,322.59 1 1
github.com/bi0dread/figo/v3/figo.go:322.59,324.4 1 0
github.com/bi0dread/figo/v3/figo.go:326.2,326.12 1 1
github.com/bi0dread/figo/v3/figo.go:330.81,335.36 4 1
github.com/bi0dread/figo/v3/figo.go:335.36,338.17 3 1
github.com/bi0dread/figo/v3/figo.go:338.17,340.4 1 0
github.com/bi0dread/figo/v3/figo.go:342.2,342.25 1 1
github.com/bi0dread/figo/v3/figo.go:346.70,350.36 3 1
github.com/bi0dread/figo/v3/figo.go:350.36,351.51 1 1
github.com/bi0dread/figo/v3/figo.go:351.51,353.4 1 0
github.com/bi0dread/figo/v3/figo.go:355.2,355.12 1 1
github.com/bi0dread/figo/v3/figo.go:359.99,364.2 1 1
github.com/bi0dread/figo/v3/figo.go:367.86,374.32 4 1
github.com/bi0dread/figo/v3/figo.go:374.32,376.48 2 1
github.com/bi0dread/figo/v3/figo.go:376.48,381.17 3 1
github.com/bi0dread/figo/v3/figo.go:381.17,381.32 1 1
github.com/bi0dread/figo/v3/figo.go:384.4,385.27 2 1
github.com/bi0dread/figo/v3/figo.go:389.2,390.16 2 1
github.com/bi0dread/figo/v3/figo.go:394.96,397.12 2 1
github.com/bi0dread/figo/v3/figo.go:397.12,404.33 4 1
github.com/bi0dread/figo/v3/figo.go:404.33,406.38 2 1
github.com/bi0dread/figo/v3/figo.go:406.38,411.18 3 1
github.com/bi0dread/figo/v3/figo.go:411.18,411.33 1 1
github.com/bi0dread/figo/v3/figo.go:414.5,415.25 2 1
github.com/bi0dread/figo/v3/figo.go:419.3,419.12 1 1
github.com/bi0dread/figo/v3/figo.go:422.2,422.19 1 1
github.com/bi0dread/figo/v3/figo.go:426.90,436.24 4 1
github.com/bi0dread/figo/v3/figo.go:437.13,440.24 3 1
github.com/bi0dread/figo/v3/figo.go:441.15,444.24 3 1
github.com/bi0dread/figo/v3/figo.go:445.20,448.24 3 1
github.com/bi0dread/figo/v3/figo.go:449.22,452.24 3 1
github.com/bi0dread/figo/v3/figo.go:453.10,454.74 1 0
github.com/bi0dread/figo/v3/figo.go:458.2,458.9 1 1
github.com/bi0dread/figo/v3/figo.go:459.20,461.25 2 0
github.com/bi0dread/figo/v3/figo.go:462.10,462.10 0 1
github.com/bi0dread/figo/v3/figo.go:465.2,465.15 1 1
github.com/bi0dread/figo/v3/figo.go:479.58,486.50 2 1
github.com/bi0dread/figo/v3/figo.go:486.50,488.3 1 1
github.com/bi0dread/figo/v3/figo.go:490.2,490.14 1 1
github.com/bi0dread/figo/v3/figo.go:494.33,496.2 1 1
github.com/bi0dread/figo/v3/figo.go:499.61,504.13 4 1
github.com/bi0dread/figo/v3/figo.go:504.13,507.3 2 1
github.com/bi0dread/figo/v3/figo.go:510.2,510.39 1 1
github.com/bi0dread/figo/v3/figo.go:510.39,513.3 2 1
github.com/bi0dread/figo/v3/figo.go:515.2,517.25 3 1
github.com/bi0dread/figo/v3/figo.go:521.79,522.23 1 1
github.com/bi0dread/figo/v3/figo.go:522.23,524.3 1 1
github.com/bi0dread/figo/v3/figo.go:526.2,530.40 3 1
github.com/bi0dread/figo/v3/figo.go:530.40,532.3 1 1
github.com/bi0dread/figo/v3/figo.go:534.2,539.3 1 1
github.com/bi0dread/figo/v3/figo.go:543.44,547.2 3 0
github.com/bi0dread/figo/v3/figo.go:550.33,554.2 3 1
github.com/bi0dread/figo/v3/figo.go:557.44,563.15 5 1
github.com/bi0dread/figo/v3/figo.go:563.15,565.3 1 1
github.com/bi0dread/figo/v3/figo.go:567.2,573.3 1 1
github.com/bi0dread/figo/v3/figo.go:577.36,581.36 3 1
github.com/bi0dread/figo/v3/figo.go:581.36,582.60 1 1
github.com/bi0dread/figo/v3/figo.go:582.60,585.4 2 1
github.com/bi0dread/figo/v3/figo.go:588.2,588.21 1 1
github.com/bi0dread/figo/v3/figo.go:588.21,590.3 1 1
github.com/bi0dread/figo/v3/figo.go:594.35,598.6 3 1
github.com/bi0dread/figo/v3/figo.go:598.6,599.10 1 1
github.com/bi0dread/figo/v3/figo.go:600.19,601.22 1 0
github.com/bi0dread/figo/v3/figo.go:602.21,603.10 1 1
github.com/bi0dread/figo/v3/figo.go:609.42,614.36 4 0
github.com/bi0dread/figo/v3/figo.go:614.36,615.33 1 0
github.com/bi0dread/figo/v3/figo.go:615.33,617.4 1 0
github.com/bi0dread/figo/v3/figo.go:622.32,624.2 1 1
github.com/bi0dread/figo/v3/figo.go:636.37,637.16 1 1
github.com/bi0dread/figo/v3/figo.go:637.16,639.3 1 1
github.com/bi0dread/figo/v3/figo.go:640.2,640.77 1 1
github.com/bi0dread/figo/v3/figo.go:705.28,705.29 0 0
github.com/bi0dread/figo/v3/figo.go:707.28,707.29 0 0
github.com/bi0dread/figo/v3/figo.go:708.28,708.29 0 0
github.com/bi0dread/figo/v3/figo.go:709.28,709.29 0 0
github.com/bi0dread/figo/v3/figo.go:710.28,710.29 0 0
github.com/bi0dread/figo/v3/figo.go:711.28,711.29 0 0
github.com/bi0dread/figo/v3/figo.go:712.28,712.29 0 0
github.com/bi0dread/figo/v3/figo.go:713.28,713.29 0 0
github.com/bi0dread/figo/v3/figo.go:714.28,714.29 0 0
github.com/bi0dread/figo/v3/figo.go:715.28,715.29 0 0
github.com/bi0dread/figo/v3/figo.go:716.28,716.29 0 0
github.com/bi0dread/figo/v3/figo.go:717.28,717.29 0 0
github.com/bi0dread/figo/v3/figo.go:718.28,718.29 0 0
github.com/bi0dread/figo/v3/figo.go:745.30,745.31 0 0
github.com/bi0dread/figo/v3/figo.go:746.30,746.31 0 0
github.com/bi0dread/figo/v3/figo.go:747.30,747.31 0 0
github.com/bi0dread/figo/v3/figo.go:748.30,748.31 0 0
github.com/bi0dread/figo/v3/figo.go:749.30,749.31 0 0
github.com/bi0dread/figo/v3/figo.go:750.30,750.31 0 0
github.com/bi0dread/figo/v3/figo.go:823.48,828.2 1 1
github.com/bi0dread/figo/v3/figo.go:831.59,835.2 3 1
github.com/bi0dread/figo/v3/figo.go:838.69,842.2 3 1
github.com/bi0dread/figo/v3/figo.go:845.70,849.32 3 1
github.com/bi0dread/figo/v3/figo.go:849.32,850.47 1 1
github.com/bi0dread/figo/v3/figo.go:850.47,851.27 1 1
github.com/bi0dread/figo/v3/figo.go:851.27,852.65 1 1
github.com/bi0dread/figo/v3/figo.go:852.65,854.6 1 1
github.com/bi0dread/figo/v3/figo.go:855.10,855.68 1 1
github.com/bi0dread/figo/v3/figo.go:855.68,856.71 1 1
github.com/bi0dread/figo/v3/figo.go:856.71,858.6 1 1
github.com/bi0dread/figo/v3/figo.go:862.2,862.12 1 1
github.com/bi0dread/figo/v3/figo.go:868.74,869.33 1 1
github.com/bi0dread/figo/v3/figo.go:869.33,871.3 1 1
github.com/bi0dread/figo/v3/figo.go:872.2,872.12 1 1
github.com/bi0dread/figo/v3/figo.go:874.49,874.70 1 1
github.com/bi0dread/figo/v3/figo.go:878.75,879.35 1 1
github.com/bi0dread/figo/v3/figo.go:879.35,880.19 1 1
github.com/bi0dread/figo/v3/figo.go:880.19,882.4 1 1
github.com/bi0dread/figo/v3/figo.go:884.2,884.12 1 1
github.com/bi0dread/figo/v3/figo.go:886.50,886.73 1 0
github.com/bi0dread/figo/v3/figo.go:890.71,891.35 1 1
github.com/bi0dread/figo/v3/figo.go:891.35,892.34 1 1
github.com/bi0dread/figo/v3/figo.go:892.34,894.4 1 1
github.com/bi0dread/figo/v3/figo.go:896.2,896.12 1 1
github.com/bi0dread/figo/v3/figo.go:898.46,898.64 1 1
github.com/bi0dread/figo/v3/figo.go:901.37,901.38 0 0
github.com/bi0dread/figo/v3/figo.go:902.37,902.38 0 0
github.com/bi0dread/figo/v3/figo.go:903.37,903.38 0 0
github.com/bi0dread/figo/v3/figo.go:904.37,904.38 0 0
github.com/bi0dread/figo/v3/figo.go:905.37,905.38 0 0
github.com/bi0dread/figo/v3/figo.go:906.37,906.38 0 0
github.com/bi0dread/figo/v3/figo.go:991.32,1003.2 3 1
github.com/bi0dread/figo/v3/figo.go:1005.27,1006.16 1 1
github.com/bi0dread/figo/v3/figo.go:1006.16,1008.3 1 1
github.com/bi0dread/figo/v3/figo.go:1009.2,1009.16 1 1
github.com/bi0dread/figo/v3/figo.go:1009.16,1011.3 1 0
github.com/bi0dread/figo/v3/figo.go:1024.54,1026.28 2 0
github.com/bi0dread/figo/v3/figo.go:1026.28,1027.18 1 0
github.com/bi0dread/figo/v3/figo.go:1027.18,1029.4 1 0
github.com/bi0dread/figo/v3/figo.go:1029.9,1029.25 1 0
github.com/bi0dread/figo/v3/figo.go:1029.25,1031.17 2 0
github.com/bi0dread/figo/v3/figo.go:1031.17,1033.5 1 0
github.com/bi0dread/figo/v3/figo.go:1036.2,1036.19 1 0
github.com/bi0dread/figo/v3/figo.go:1040.67,1046.28 5 1
github.com/bi0dread/figo/v3/figo.go:1046.28,1047.19 1 1
github.com/bi0dread/figo/v3/figo.go:1047.19,1050.4 2 0
github.com/bi0dread/figo/v3/figo.go:1050.9,1052.4 1 1
github.com/bi0dread/figo/v3/figo.go:1054.3,1054.18 1 1
github.com/bi0dread/figo/v3/figo.go:1054.18,1057.4 2 1
github.com/bi0dread/figo/v3/figo.go:1057.9,1057.25 1 1
github.com/bi0dread/figo/v3/figo.go:1057.25,1059.17 2 0
github.com/bi0dread/figo/v3/figo.go:1059.17,1068.5 1 0
github.com/bi0dread/figo/v3/figo.go:1072.2,1072.15 1 1
github.com/bi0dread/figo/v3/figo.go:1072.15,1081.3 1 1
github.com/bi0dread/figo/v3/figo.go:1083.2,1083.12 1 1
github.com/bi0dread/figo/v3/figo.go:1087.49,1091.28 3 0
github.com/bi0dread/figo/v3/figo.go:1091.28,1092.34 1 0
github.com/bi0dread/figo/v3/figo.go:1092.34,1093.17 1 0
github.com/bi0dread/figo/v3/figo.go:1093.17,1096.5 2 0
github.com/bi0dread/figo/v3/figo.go:1096.10,1096.32 1 0
github.com/bi0dread/figo/v3/figo.go:1096.32,1099.5 2 0
github.com/bi0dread/figo/v3/figo.go:1103.2,1103.18 1 0
github.com/bi0dread/figo/v3/figo.go:1107.62,1114.28 6 1
github.com/bi0dread/figo/v3/figo.go:1114.28,1115.19 1 1
github.com/bi0dread/figo/v3/figo.go:1115.19,1118.4 2 0
github.com/bi0dread/figo/v3/figo.go:1118.9,1120.4 1 1
github.com/bi0dread/figo/v3/figo.go:1122.3,1122.34 1 1
github.com/bi0dread/figo/v3/figo.go:1122.34,1123.17 1 1
github.com/bi0dread/figo/v3/figo.go:1123.17,1127.5 3 1
github.com/bi0dread/figo/v3/figo.go:1127.10,1127.32 1 1
github.com/bi0dread/figo/v3/figo.go:1127.32,1130.5 2 1
github.com/bi0dread/figo/v3/figo.go:1134.2,1134.14 1 1
github.com/bi0dread/figo/v3/figo.go:1134.14,1143.3 1 1
github.com/bi0dread/figo/v3/figo.go:1145.2,1145.12 1 0
github.com/bi0dread/figo/v3/figo.go:1149.52,1155.28 5 0
github.com/bi0dread/figo/v3/figo.go:1155.28,1156.19 1 0
github.com/bi0dread/figo/v3/figo.go:1156.19,1159.4 2 0
github.com/bi0dread/figo/v3/figo.go:1159.9,1161.4 1 0
github.com/bi0dread/figo/v3/figo.go:1163.3,1163.18 1 0
github.com/bi0dread/figo/v3/figo.go:1163.18,1166.4 2 0
github.com/bi0dread/figo/v3/figo.go:1166.9,1166.25 1 0
github.com/bi0dread/figo/v3/figo.go:1166.25,1168.17 2 0
github.com/bi0dread/figo/v3/figo.go:1168.17,1177.5 1 0
github.com/bi0dread/figo/v3/figo.go:1181.2,1181.15 1 0
github.com/bi0dread/figo/v3/figo.go:1181.15,1190.3 1 0
github.com/bi0dread/figo/v3/figo.go:1192.2,1192.12 1 0
github.com/bi0dread/figo/v3/figo.go:1196.55,1224.29 2 0
github.com/bi0dread/figo/v3/figo.go:1224.29,1225.65 1 0
github.com/bi0dread/figo/v3/figo.go:1225.65,1234.4 1 0
github.com/bi0dread/figo/v3/figo.go:1237.2,1237.12 1 0
github.com/bi0dread/figo/v3/figo.go:1240.44,1245.29 4 1
github.com/bi0dread/figo/v3/figo.go:1245.29,1246.18 1 1
github.com/bi0dread/figo/v3/figo.go:1247.12,1252.7 5 1
github.com/bi0dread/figo/v3/figo.go:1253.12,1254.22 1 1
github.com/bi0dread/figo/v3/figo.go:1254.22,1257.5 2 1
github.com/bi0dread/figo/v3/figo.go:1258.4,1258.7 1 1
github.com/bi0dread/figo/v3/figo.go:1259.12,1260.7 1 1
github.com/bi0dread/figo/v3/figo.go:1261.11,1264.22 3 1
github.com/bi0dread/figo/v3/figo.go:1264.22,1266.35 1 1
github.com/bi0dread/figo/v3/figo.go:1266.35,1269.14 3 1
github.com/bi0dread/figo/v3/figo.go:1271.5,1271.34 1 1
github.com/bi0dread/figo/v3/figo.go:1271.34,1274.11 3 1
github.com/bi0dread/figo/v3/figo.go:1278.5,1278.34 1 1
github.com/bi0dread/figo/v3/figo.go:1278.34,1280.14 2 1
github.com/bi0dread/figo/v3/figo.go:1283.5,1283.35 1 1
github.com/bi0dread/figo/v3/figo.go:1283.35,1284.11 1 1
github.com/bi0dread/figo/v3/figo.go:1287.5,1287.34 1 1
github.com/bi0dread/figo/v3/figo.go:1287.34,1288.11 1 0
github.com/bi0dread/figo/v3/figo.go:1291.5,1291.8 1 1
github.com/bi0dread/figo/v3/figo.go:1293.4,1294.19 2 1
github.com/bi0dread/figo/v3/figo.go:1294.19,1296.58 1 1
github.com/bi0dread/figo/v3/figo.go:1296.58,1299.19 2 1
github.com/bi0dread/figo/v3/figo.go:1300.17,1301.24 1 1
github.com/bi0dread/figo/v3/figo.go:1302.17,1303.24 1 1
github.com/bi0dread/figo/v3/figo.go:1304.16,1305.23 1 1
github.com/bi0dread/figo/v3/figo.go:1309.6,1312.14 4 1
github.com/bi0dread/figo/v3/figo.go:1315.5,1315.158 1 1
github.com/bi0dread/figo/v3/figo.go:1315.158,1317.57 2 1
github.com/bi0dread/figo/v3/figo.go:1317.57,1319.45 2 1
github.com/bi0dread/figo/v3/figo.go:1319.45,1321.23 1 1
github.com/bi0dread/figo/v3/figo.go:1322.17,1323.23 1 0
github.com/bi0dread/figo/v3/figo.go:1324.17,1325.23 1 1
github.com/bi0dread/figo/v3/figo.go:1327.8,1327.11 1 1
github.com/bi0dread/figo/v3/figo.go:1332.7,1336.27 4 1
github.com/bi0dread/figo/v3/figo.go:1336.27,1338.16 2 0
github.com/bi0dread/figo/v3/figo.go:1340.7,1341.24 2 1
github.com/bi0dread/figo/v3/figo.go:1341.24,1343.16 2 1
github.com/bi0dread/figo/v3/figo.go:1346.7,1347.35 2 1
github.com/bi0dread/figo/v3/figo.go:1347.35,1349.28 2 1
github.com/bi0dread/figo/v3/figo.go:1349.28,1350.17 1 1
github.com/bi0dread/figo/v3/figo.go:1352.8,1359.27 7 1
github.com/bi0dread/figo/v3/figo.go:1359.27,1361.9 1 1
github.com/bi0dread/figo/v3/figo.go:1364.7,1365.15 2 1
github.com/bi0dread/figo/v3/figo.go:1367.12,1367.64 1 1
github.com/bi0dread/figo/v3/figo.go:1367.64,1374.37 4 1
github.com/bi0dread/figo/v3/figo.go:1374.37,1376.31 2 1
github.com/bi0dread/figo/v3/figo.go:1376.31,1377.17 1 0
github.com/bi0dread/figo/v3/figo.go:1380.8,1384.26 4 1
github.com/bi0dread/figo/v3/figo.go:1384.26,1386.22 1 1
github.com/bi0dread/figo/v3/figo.go:1387.21,1388.37 1 1
github.com/bi0dread/figo/v3/figo.go:1389.21,1390.37 1 1
github.com/bi0dread/figo/v3/figo.go:1393.9,1393.26 1 1
github.com/bi0dread/figo/v3/figo.go:1398.12,1398.64 1 1
github.com/bi0dread/figo/v3/figo.go:1398.64,1407.37 5 1
github.com/bi0dread/figo/v3/figo.go:1407.37,1409.31 2 1
github.com/bi0dread/figo/v3/figo.go:1409.31,1410.17 1 0
github.com/bi0dread/figo/v3/figo.go:1413.8,1419.10 3 1
github.com/bi0dread/figo/v3/figo.go:1423.7,1426.25 2 1
github.com/bi0dread/figo/v3/figo.go:1428.12,1429.79 1 0
github.com/bi0dread/figo/v3/figo.go:1429.79,1431.8 1 0
github.com/bi0dread/figo/v3/figo.go:1434.6,1434.11 1 1
github.com/bi0dread/figo/v3/figo.go:1435.11,1441.34 2 1
github.com/bi0dread/figo/v3/figo.go:1441.34,1444.59 2 1
github.com/bi0dread/figo/v3/figo.go:1444.59,1446.8 1 1
github.com/bi0dread/figo/v3/figo.go:1447.7,1447.32 1 1
github.com/bi0dread/figo/v3/figo.go:1447.32,1450.32 3 1
github.com/bi0dread/figo/v3/figo.go:1450.32,1451.49 1 1
github.com/bi0dread/figo/v3/figo.go:1451.49,1454.18 3 0
github.com/bi0dread/figo/v3/figo.go:1456.9,1456.48 1 1
github.com/bi0dread/figo/v3/figo.go:1456.48,1459.15 3 0
github.com/bi0dread/figo/v3/figo.go:1461.9,1461.48 1 1
github.com/bi0dread/figo/v3/figo.go:1461.48,1463.18 2 0
github.com/bi0dread/figo/v3/figo.go:1465.9,1465.49 1 1
github.com/bi0dread/figo/v3/figo.go:1465.49,1466.15 1 1
github.com/bi0dread/figo/v3/figo.go:1468.9,1468.48 1 1
github.com/bi0dread/figo/v3/figo.go:1468.48,1469.15 1 0
github.com/bi0dread/figo/v3/figo.go:1471.9,1471.18 1 1
github.com/bi0dread/figo/v3/figo.go:1473.8,1475.363 2 1
github.com/bi0dread/figo/v3/figo.go:1475.363,1480.80 3 1
github.com/bi0dread/figo/v3/figo.go:1480.80,1482.64 2 1
github.com/bi0dread/figo/v3/figo.go:1482.64,1484.11 1 1
github.com/bi0dread/figo/v3/figo.go:1485.10,1485.36 1 1
github.com/bi0dread/figo/v3/figo.go:1485.36,1489.36 4 1
github.com/bi0dread/figo/v3/figo.go:1489.36,1490.54 1 1
github.com/bi0dread/figo/v3/figo.go:1490.54,1493.21 3 1
github.com/bi0dread/figo/v3/figo.go:1495.12,1495.53 1 1
github.com/bi0dread/figo/v3/figo.go:1495.53,1498.18 3 1
github.com/bi0dread/figo/v3/figo.go:1500.12,1500.53 1 1
github.com/bi0dread/figo/v3/figo.go:1500.53,1502.21 2 1
github.com/bi0dread/figo/v3/figo.go:1505.12,1505.54 1 1
github.com/bi0dread/figo/v3/figo.go:1505.54,1507.13 1 1
github.com/bi0dread/figo/v3/figo.go:1508.12,1508.54 1 1
github.com/bi0dread/figo/v3/figo.go:1508.54,1510.32 2 1
github.com/bi0dread/figo/v3/figo.go:1510.32,1512.19 2 1
github.com/bi0dread/figo/v3/figo.go:1516.12,1516.125 1 1
github.com/bi0dread/figo/v3/figo.go:1516.125,1517.18 1 1
github.com/bi0dread/figo/v3/figo.go:1519.12,1519.72 1 1
github.com/bi0dread/figo/v3/figo.go:1519.72,1520.18 1 0
github.com/bi0dread/figo/v3/figo.go:1522.12,1522.22 1 1
github.com/bi0dread/figo/v3/figo.go:1524.11,1525.377 2 1
github.com/bi0dread/figo/v3/figo.go:1525.377,1528.12 2 1
github.com/bi0dread/figo/v3/figo.go:1530.15,1533.64 2 1
github.com/bi0dread/figo/v3/figo.go:1533.64,1535.11 1 1
github.com/bi0dread/figo/v3/figo.go:1536.10,1536.36 1 1
github.com/bi0dread/figo/v3/figo.go:1536.36,1539.36 3 1
github.com/bi0dread/figo/v3/figo.go:1539.36,1540.54 1 1
github.com/bi0dread/figo/v3/figo.go:1540.54,1543.21 3 1
github.com/bi0dread/figo/v3/figo.go:1545.12,1545.53 1 1
github.com/bi0dread/figo/v3/figo.go:1545.53,1548.18 3 1
github.com/bi0dread/figo/v3/figo.go:1550.12,1550.53 1 1
github.com/bi0dread/figo/v3/figo.go:1550.53,1552.21 2 1
github.com/bi0dread/figo/v3/figo.go:1555.12,1555.106 1 1
github.com/bi0dread/figo/v3/figo.go:1555.106,1556.18 1 1
github.com/bi0dread/figo/v3/figo.go:1558.12,1558.53 1 1
github.com/bi0dread/figo/v3/figo.go:1558.53,1559.18 1 0
github.com/bi0dread/figo/v3/figo.go:1561.12,1561.22 1 1
github.com/bi0dread/figo/v3/figo.go:1563.11,1564.377 2 1
github.com/bi0dread/figo/v3/figo.go:1564.377,1567.12 2 1
github.com/bi0dread/figo/v3/figo.go:1574.6,1579.155 4 1
github.com/bi0dread/figo/v3/figo.go:1579.155,1581.15 2 1
github.com/bi0dread/figo/v3/figo.go:1582.12,1585.47 1 1
github.com/bi0dread/figo/v3/figo.go:1585.47,1586.32 1 1
github.com/bi0dread/figo/v3/figo.go:1586.32,1588.27 2 1
github.com/bi0dread/figo/v3/figo.go:1597.6,1599.137 3 1
github.com/bi0dread/figo/v3/figo.go:1599.137,1601.7 1 0
github.com/bi0dread/figo/v3/figo.go:1601.12,1604.7 1 1
github.com/bi0dread/figo/v3/figo.go:1605.6,1606.11 2 1
github.com/bi0dread/figo/v3/figo.go:1608.10,1610.5 1 0
github.com/bi0dread/figo/v3/figo.go:1614.2,1614.13 1 1
github.com/bi0dread/figo/v3/figo.go:1617.50,1618.26 1 1
github.com/bi0dread/figo/v3/figo.go:1619.33,1620.13 1 0
github.com/bi0dread/figo/v3/figo.go:1621.34,1622.55 1 1
github.com/bi0dread/figo/v3/figo.go:1623.10,1624.12 1 0
github.com/bi0dread/figo/v3/figo.go:1628.48,1632.54 2 1
github.com/bi0dread/figo/v3/figo.go:1632.54,1636.55 2 1
github.com/bi0dread/figo/v3/figo.go:1636.55,1638.4 1 1
github.com/bi0dread/figo/v3/figo.go:1640.3,1640.19 1 1
github.com/bi0dread/figo/v3/figo.go:1644.2,1644.17 1 1
github.com/bi0dread/figo/v3/figo.go:1644.17,1646.3 1 1
github.com/bi0dread/figo/v3/figo.go:1647.2,1647.18 1 1
github.com/bi0dread/figo/v3/figo.go:1647.18,1649.3 1 1
github.com/bi0dread/figo/v3/figo.go:1652.2,1652.32 1 1
github.com/bi0dread/figo/v3/figo.go:1652.32,1654.3 1 1
github.com/bi0dread/figo/v3/figo.go:1657.2,1657.13 1 1
github.com/bi0dread/figo/v3/figo.go:1657.13,1659.61 1 1
github.com/bi0dread/figo/v3/figo.go:1659.61,1661.4 1 1
github.com/bi0dread/figo/v3/figo.go:1663.3,1663.61 1 1
github.com/bi0dread/figo/v3/figo.go:1663.61,1665.4 1 1
github.com/bi0dread/figo/v3/figo.go:1668.3,1668.47 1 1
github.com/bi0dread/figo/v3/figo.go:1668.47,1670.4 1 0
github.com/bi0dread/figo/v3/figo.go:1674.2,1674.10 1 1
github.com/bi0dread/figo/v3/figo.go:1678.45,1694.33 2 1
github.com/bi0dread/figo/v3/figo.go:1694.33,1695.50 1 1
github.com/bi0dread/figo/v3/figo.go:1695.50,1697.4 1 1
github.com/bi0dread/figo/v3/figo.go:1700.2,1700.63 1 1
github.com/bi0dread/figo/v3/figo.go:1704.43,1706.17 1 1
github.com/bi0dread/figo/v3/figo.go:1706.17,1708.3 1 0
github.com/bi0dread/figo/v3/figo.go:1711.2,1713.108 1 1
github.com/bi0dread/figo/v3/figo.go:1713.108,1715.3 1 1
github.com/bi0dread/figo/v3/figo.go:1718.2,1718.55 1 1
github.com/bi0dread/figo/v3/figo.go:1718.55,1720.3 1 0
github.com/bi0dread/figo/v3/figo.go:1723.2,1723.101 1 1
github.com/bi0dread/figo/v3/figo.go:1723.101,1725.3 1 0
github.com/bi0dread/figo/v3/figo.go:1728.2,1728.29 1 1
github.com/bi0dread/figo/v3/figo.go:1728.29,1730.49 1 1
github.com/bi0dread/figo/v3/figo.go:1730.49,1732.4 1 1
github.com/bi0dread/figo/v3/figo.go:1735.2,1735.13 1 1
github.com/bi0dread/figo/v3/figo.go:1738.59,1754.31 2 1
github.com/bi0dread/figo/v3/figo.go:1754.31,1755.42 1 1
github.com/bi0dread/figo/v3/figo.go:1755.42,1758.22 3 1
github.com/bi0dread/figo/v3/figo.go:1758.22,1760.5 1 1
github.com/bi0dread/figo/v3/figo.go:1761.4,1762.27 2 1
github.com/bi0dread/figo/v3/figo.go:1765.2,1765.22 1 1
github.com/bi0dread/figo/v3/figo.go:1768.73,1770.43 1 1
github.com/bi0dread/figo/v3/figo.go:1770.43,1772.78 2 1
github.com/bi0dread/figo/v3/figo.go:1772.78,1774.4 1 0
github.com/bi0dread/figo/v3/figo.go:1775.3,1775.56 1 1
github.com/bi0dread/figo/v3/figo.go:1775.56,1777.4 1 1
github.com/bi0dread/figo/v3/figo.go:1778.3,1778.56 1 1
github.com/bi0dread/figo/v3/figo.go:1778.56,1780.4 1 1
github.com/bi0dread/figo/v3/figo.go:1781.3,1781.11 1 1
github.com/bi0dread/figo/v3/figo.go:1785.2,1785.43 1 1
github.com/bi0dread/figo/v3/figo.go:1785.43,1787.61 2 1
github.com/bi0dread/figo/v3/figo.go:1787.61,1790.4 2 1
github.com/bi0dread/figo/v3/figo.go:1791.3,1791.14 1 1
github.com/bi0dread/figo/v3/figo.go:1791.14,1793.4 1 0
github.com/bi0dread/figo/v3/figo.go:1794.3,1796.27 3 1
github.com/bi0dread/figo/v3/figo.go:1796.27,1798.4 1 1
github.com/bi0dread/figo/v3/figo.go:1799.3,1799.14 1 1
github.com/bi0dread/figo/v3/figo.go:1803.2,1803.44 1 1
github.com/bi0dread/figo/v3/figo.go:1803.44,1805.78 2 1
github.com/bi0dread/figo/v3/figo.go:1805.78,1807.4 1 0
github.com/bi0dread/figo/v3/figo.go:1808.3,1808.11 1 1
github.com/bi0dread/figo/v3/figo.go:1811.2,1811.11 1 1
github.com/bi0dread/figo/v3/figo.go:1812.19,1813.81 1 1
github.com/bi0dread/figo/v3/figo.go:1814.20,1815.82 1 1
github.com/bi0dread/figo/v3/figo.go:1816.19,1817.81 1 1
github.com/bi0dread/figo/v3/figo.go:1818.19,1819.81 1 1
github.com/bi0dread/figo/v3/figo.go:1820.20,1821.82 1 1
github.com/bi0dread/figo/v3/figo.go:1822.20,1823.82 1 1
github.com/bi0dread/figo/v3/figo.go:1824.21,1825.81 1 1
github.com/bi0dread/figo/v3/figo.go:1826.24,1827.108 1 0
github.com/bi0dread/figo/v3/figo.go:1828.22,1829.82 1 1
github.com/bi0dread/figo/v3/figo.go:1830.25,1831.109 1 1
github.com/bi0dread/figo/v3/figo.go:1832.19,1834.44 2 1
github.com/bi0dread/figo/v3/figo.go:1835.22,1837.47 2 1
github.com/bi0dread/figo/v3/figo.go:1838.24,1841.61 2 1
github.com/bi0dread/figo/v3/figo.go:1841.61,1844.4 2 1
github.com/bi0dread/figo/v3/figo.go:1845.3,1845.45 1 1
github.com/bi0dread/figo/v3/figo.go:1845.45,1849.4 3 1
github.com/bi0dread/figo/v3/figo.go:1850.3,1850.13 1 1
github.com/bi0dread/figo/v3/figo.go:1851.22,1852.82 1 1
github.com/bi0dread/figo/v3/figo.go:1853.23,1854.34 1 1
github.com/bi0dread/figo/v3/figo.go:1855.24,1856.35 1 1
github.com/bi0dread/figo/v3/figo.go:1857.10,1858.13 1 0
github.com/bi0dread/figo/v3/figo.go:1862.35,1864.38 1 1
github.com/bi0dread/figo/v3/figo.go:1864.38,1865.39 1 1
github.com/bi0dread/figo/v3/figo.go:1865.39,1867.4 1 1
github.com/bi0dread/figo/v3/figo.go:1870.2,1870.37 1 1
github.com/bi0dread/figo/v3/figo.go:1870.37,1871.30 1 1
github.com/bi0dread/figo/v3/figo.go:1871.30,1874.4 2 1
github.com/bi0dread/figo/v3/figo.go:1877.3,1878.18 2 1
github.com/bi0dread/figo/v3/figo.go:1878.18,1880.4 1 1
github.com/bi0dread/figo/v3/figo.go:1881.8,1883.39 1 1
github.com/bi0dread/figo/v3/figo.go:1883.39,1884.40 1 1
github.com/bi0dread/figo/v3/figo.go:1884.40,1886.5 1 1
github.com/bi0dread/figo/v3/figo.go:1890.3,1891.18 2 1
github.com/bi0dread/figo/v3/figo.go:1891.18,1893.4 1 1
github.com/bi0dread/figo/v3/figo.go:1898.49,1899.24 1 0
github.com/bi0dread/figo/v3/figo.go:1899.24,1901.3 1 0
github.com/bi0dread/figo/v3/figo.go:1904.2,1904.24 1 0
github.com/bi0dread/figo/v3/figo.go:1904.24,1906.32 2 0
github.com/bi0dread/figo/v3/figo.go:1906.32,1908.4 1 0
github.com/bi0dread/figo/v3/figo.go:1909.3,1909.13 1 0
github.com/bi0dread/figo/v3/figo.go:1917.2,1917.42 1 0
github.com/bi0dread/figo/v3/figo.go:1917.42,1921.39 2 0
github.com/bi0dread/figo/v3/figo.go:1921.39,1922.12 1 0
github.com/bi0dread/figo/v3/figo.go:1926.3,1927.30 1 0
github.com/bi0dread/figo/v3/figo.go:1927.30,1930.4 1 0
github.com/bi0dread/figo/v3/figo.go:1934.2,1934.12 1 0
github.com/bi0dread/figo/v3/figo.go:1938.63,1939.24 1 1
github.com/bi0dread/figo/v3/figo.go:1939.24,1941.3 1 1
github.com/bi0dread/figo/v3/figo.go:1944.2,1946.33 2 1
github.com/bi0dread/figo/v3/figo.go:1946.33,1948.32 1 1
github.com/bi0dread/figo/v3/figo.go:1948.32,1950.4 1 1
github.com/bi0dread/figo/v3/figo.go:1952.3,1952.104 1 1
github.com/bi0dread/figo/v3/figo.go:1952.104,1954.4 1 1
github.com/bi0dread/figo/v3/figo.go:1957.2,1957.21 1 1
github.com/bi0dread/figo/v3/figo.go:1957.21,1959.3 1 1
github.com/bi0dread/figo/v3/figo.go:1962.2,1962.21 1 1
github.com/bi0dread/figo/v3/figo.go:1962.21,1963.38 1 1
github.com/bi0dread/figo/v3/figo.go:1963.38,1965.4 1 1
github.com/bi0dread/figo/v3/figo.go:1966.3,1966.13 1 0
github.com/bi0dread/figo/v3/figo.go:1970.2,1970.37 1 1
github.com/bi0dread/figo/v3/figo.go:1974.54,1975.21 1 1
github.com/bi0dread/figo/v3/figo.go:1975.21,1977.3 1 0
github.com/bi0dread/figo/v3/figo.go:1980.2,1983.29 3 1
github.com/bi0dread/figo/v3/figo.go:1983.29,1984.27 1 1
github.com/bi0dread/figo/v3/figo.go:1985.13,1986.40 1 1
github.com/bi0dread/figo/v3/figo.go:1987.18,1988.36 1 1
github.com/bi0dread/figo/v3/figo.go:1992.2,1992.27 1 1
github.com/bi0dread/figo/v3/figo.go:1992.27,1994.3 1 0
github.com/bi0dread/figo/v3/figo.go:1997.2,1997.27 1 1
github.com/bi0dread/figo/v3/figo.go:1997.27,1999.3 1 1
github.com/bi0dread/figo/v3/figo.go:2006.2,2006.38 1 1
github.com/bi0dread/figo/v3/figo.go:2006.38,2007.35 1 1
github.com/bi0dread/figo/v3/figo.go:2007.35,2009.28 1 1
github.com/bi0dread/figo/v3/figo.go:2009.28,2014.5 3 1
github.com/bi0dread/figo/v3/figo.go:2020.2,2020.38 1 1
github.com/bi0dread/figo/v3/figo.go:2020.38,2021.35 1 1
github.com/bi0dread/figo/v3/figo.go:2021.35,2026.59 3 1
github.com/bi0dread/figo/v3/figo.go:2026.59,2036.5 4 1
github.com/bi0dread/figo/v3/figo.go:2042.2,2042.38 1 1
github.com/bi0dread/figo/v3/figo.go:2042.38,2043.34 1 1
github.com/bi0dread/figo/v3/figo.go:2043.34,2048.59 3 1
github.com/bi0dread/figo/v3/figo.go:2048.59,2058.5 4 1
github.com/bi0dread/figo/v3/figo.go:2063.2,2063.26 1 1
github.com/bi0dread/figo/v3/figo.go:2063.26,2065.3 1 1
github.com/bi0dread/figo/v3/figo.go:2066.2,2066.12 1 0
github.com/bi0dread/figo/v3/figo.go:2069.35,2071.30 1 1
github.com/bi0dread/figo/v3/figo.go:2071.30,2073.3 1 1
github.com/bi0dread/figo/v3/figo.go:2076.2,2076.29 1 1
github.com/bi0dread/figo/v3/figo.go:2076.29,2078.3 1 1
github.com/bi0dread/figo/v3/figo.go:2081.2,2081.29 1 1
github.com/bi0dread/figo/v3/figo.go:2081.29,2083.32 2 1
github.com/bi0dread/figo/v3/figo.go:2083.32,2086.4 1 0
github.com/bi0dread/figo/v3/figo.go:2087.3,2087.13 1 1
github.com/bi0dread/figo/v3/figo.go:2095.2,2095.47 1 0
github.com/bi0dread/figo/v3/figo.go:2095.47,2099.39 2 0
github.com/bi0dread/figo/v3/figo.go:2099.39,2100.12 1 0
github.com/bi0dread/figo/v3/figo.go:2104.3,2105.30 1 0
github.com/bi0dread/figo/v3/figo.go:2105.30,2108.4 1 0
github.com/bi0dread/figo/v3/figo.go:2112.2,2112.12 1 0
github.com/bi0dread/figo/v3/figo.go:2116.50,2118.65 1 1
github.com/bi0dread/figo/v3/figo.go:2118.65,2120.3 1 1
github.com/bi0dread/figo/v3/figo.go:2123.2,2123.60 1 1
github.com/bi0dread/figo/v3/figo.go:2123.60,2125.3 1 1
github.com/bi0dread/figo/v3/figo.go:2128.2,2128.50 1 0
github.com/bi0dread/figo/v3/figo.go:2128.50,2130.3 1 0
github.com/bi0dread/figo/v3/figo.go:2133.2,2133.53 1 0
github.com/bi0dread/figo/v3/figo.go:2133.53,2135.3 1 0
github.com/bi0dread/figo/v3/figo.go:2137.2,2137.12 1 0
github.com/bi0dread/figo/v3/figo.go:2141.65,2160.33 4 0
github.com/bi0dread/figo/v3/figo.go:2160.33,2161.40 1 0
github.com/bi0dread/figo/v3/figo.go:2161.40,2163.4 1 0
github.com/bi0dread/figo/v3/figo.go:2167.2,2167.35 1 0
github.com/bi0dread/figo/v3/figo.go:2167.35,2169.3 1 0
github.com/bi0dread/figo/v3/figo.go:2172.2,2172.30 1 0
github.com/bi0dread/figo/v3/figo.go:2172.30,2174.3 1 0
github.com/bi0dread/figo/v3/figo.go:2177.2,2177.50 1 0
github.com/bi0dread/figo/v3/figo.go:2177.50,2179.3 1 0
github.com/bi0dread/figo/v3/figo.go:2182.2,2182.23 1 0
github.com/bi0dread/figo/v3/figo.go:2182.23,2184.3 1 0
github.com/bi0dread/figo/v3/figo.go:2187.2,2187.47 1 0
github.com/bi0dread/figo/v3/figo.go:2187.47,2189.3 1 0
github.com/bi0dread/figo/v3/figo.go:2191.2,2191.19 1 0
github.com/bi0dread/figo/v3/figo.go:2195.61,2199.29 3 0
github.com/bi0dread/figo/v3/figo.go:2199.29,2200.18 1 0
github.com/bi0dread/figo/v3/figo.go:2200.18,2203.4 2 0
github.com/bi0dread/figo/v3/figo.go:2203.9,2203.25 1 0
github.com/bi0dread/figo/v3/figo.go:2203.25,2204.17 1 0
github.com/bi0dread/figo/v3/figo.go:2204.17,2207.5 2 0
github.com/bi0dread/figo/v3/figo.go:2209.9,2211.4 1 0
github.com/bi0dread/figo/v3/figo.go:2215.2,2215.29 1 0
github.com/bi0dread/figo/v3/figo.go:2215.29,2217.3 1 0
github.com/bi0dread/figo/v3/figo.go:2219.2,2219.24 1 0
github.com/bi0dread/figo/v3/figo.go:2223.56,2228.29 4 0
github.com/bi0dread/figo/v3/figo.go:2228.29,2229.34 1 0
github.com/bi0dread/figo/v3/figo.go:2229.34,2230.17 1 0
github.com/bi0dread/figo/v3/figo.go:2230.17,2234.5 3 0
github.com/bi0dread/figo/v3/figo.go:2234.10,2234.32 1 0
github.com/bi0dread/figo/v3/figo.go:2234.32,2238.5 3 0
github.com/bi0dread/figo/v3/figo.go:2238.10,2240.5 1 0
github.com/bi0dread/figo/v3/figo.go:2241.9,2243.4 1 0
github.com/bi0dread/figo/v3/figo.go:2247.2,2247.14 1 0
github.com/bi0dread/figo/v3/figo.go:2247.14,2249.3 1 0
github.com/bi0dread/figo/v3/figo.go:2251.2,2251.24 1 0
github.com/bi0dread/figo/v3/figo.go:2255.58,2259.29 3 0
github.com/bi0dread/figo/v3/figo.go:2259.29,2260.18 1 0
github.com/bi0dread/figo/v3/figo.go:2260.18,2263.4 2 0
github.com/bi0dread/figo/v3/figo.go:2263.9,2263.25 1 0
github.com/bi0dread/figo/v3/figo.go:2263.25,2264.17 1 0
github.com/bi0dread/figo/v3/figo.go:2264.17,2267.5 2 0
github.com/bi0dread/figo/v3/figo.go:2269.9,2271.4 1 0
github.com/bi0dread/figo/v3/figo.go:2275.2,2275.29 1 0
github.com/bi0dread/figo/v3/figo.go:2275.29,2277.3 1 0
github.com/bi0dread/figo/v3/figo.go:2279.2,2279.24 1 0
github.com/bi0dread/figo/v3/figo.go:2282.57,2284.36 1 1
github.com/bi0dread/figo/v3/figo.go:2284.36,2286.3 1 1
github.com/bi0dread/figo/v3/figo.go:2289.2,2289.28 1 1
github.com/bi0dread/figo/v3/figo.go:2289.28,2292.17 3 1
github.com/bi0dread/figo/v3/figo.go:2292.17,2294.4 1 0
github.com/bi0dread/figo/v3/figo.go:2298.2,2301.28 2 1
github.com/bi0dread/figo/v3/figo.go:2301.28,2303.17 2 1
github.com/bi0dread/figo/v3/figo.go:2303.17,2305.4 1 0
github.com/bi0dread/figo/v3/figo.go:2308.2,2308.12 1 1
github.com/bi0dread/figo/v3/figo.go:2312.83,2314.36 1 1
github.com/bi0dread/figo/v3/figo.go:2314.36,2316.3 1 0
github.com/bi0dread/figo/v3/figo.go:2318.2,2321.15 3 1
github.com/bi0dread/figo/v3/figo.go:2321.15,2324.17 2 0
github.com/bi0dread/figo/v3/figo.go:2324.17,2326.69 1 0
github.com/bi0dread/figo/v3/figo.go:2326.69,2328.5 1 0
github.com/bi0dread/figo/v3/figo.go:2329.4,2329.22 1 0
github.com/bi0dread/figo/v3/figo.go:2331.8,2333.48 1 1
github.com/bi0dread/figo/v3/figo.go:2333.48,2335.4 1 1
github.com/bi0dread/figo/v3/figo.go:2336.3,2336.21 1 0
github.com/bi0dread/figo/v3/figo.go:2340.2,2340.28 1 0
github.com/bi0dread/figo/v3/figo.go:2340.28,2343.17 3 0
github.com/bi0dread/figo/v3/figo.go:2343.17,2345.4 1 0
github.com/bi0dread/figo/v3/figo.go:2349.2,2352.28 2 0
github.com/bi0dread/figo/v3/figo.go:2352.28,2354.17 2 0
github.com/bi0dread/figo/v3/figo.go:2354.17,2356.4 1 0
github.com/bi0dread/figo/v3/figo.go:2359.2,2359.12 1 0
github.com/bi0dread/figo/v3/figo.go:2362.36,2367.2 3 1
github.com/bi0dread/figo/v3/figo.go:2369.50,2373.31 3 1
github.com/bi0dread/figo/v3/figo.go:2373.31,2375.3 1 1
github.com/bi0dread/figo/v3/figo.go:2378.50,2382.31 3 1
github.com/bi0dread/figo/v3/figo.go:2382.31,2384.3 1 1
github.com/bi0dread/figo/v3/figo.go:2387.50,2393.35 4 1
github.com/bi0dread/figo/v3/figo.go:2393.35,2395.3 1 1
github.com/bi0dread/figo/v3/figo.go:2396.2,2396.15 1 1
github.com/bi0dread/figo/v3/figo.go:2399.36,2407.2 5 1
github.com/bi0dread/figo/v3/figo.go:2409.48,2412.2 1 1
github.com/bi0dread/figo/v3/figo.go:2414.31,2417.2 1 1
github.com/bi0dread/figo/v3/figo.go:2419.40,2424.2 3 0
github.com/bi0dread/figo/v3/figo.go:2426.40,2429.32 2 0
github.com/bi0dread/figo/v3/figo.go:2429.32,2431.26 2 0
github.com/bi0dread/figo/v3/figo.go:2431.26,2432.12 1 0
github.com/bi0dread/figo/v3/figo.go:2435.3,2439.21 4 0
github.com/bi0dread/figo/v3/figo.go:2439.21,2440.17 1 0
github.com/bi0dread/figo/v3/figo.go:2441.16,2442.32 1 0
github.com/bi0dread/figo/v3/figo.go:2443.16,2444.32 1 0
github.com/bi0dread/figo/v3/figo.go:2447.4,2447.21 1 0
github.com/bi0dread/figo/v3/figo.go:2453.50,2459.35 4 1
github.com/bi0dread/figo/v3/figo.go:2459.35,2461.3 1 1
github.com/bi0dread/figo/v3/figo.go:2462.2,2462.15 1 1
github.com/bi0dread/figo/v3/figo.go:2465.59,2467.2 1 0
github.com/bi0dread/figo/v3/figo.go:2469.51,2472.2 1 1
github.com/bi0dread/figo/v3/figo.go:2474.50,2476.2 1 1
github.com/bi0dread/figo/v3/figo.go:2478.43,2480.2 1 1
github.com/bi0dread/figo/v3/figo.go:2485.70,2486.25 1 1
github.com/bi0dread/figo/v3/figo.go:2486.25,2487.73 1 1
github.com/bi0dread/figo/v3/figo.go:2487.73,2489.4 1 1
github.com/bi0dread/figo/v3/figo.go:2490.3,2490.12 1 1
github.com/bi0dread/figo/v3/figo.go:2492.2,2492.11 1 0
github.com/bi0dread/figo/v3/figo.go:2496.79,2497.25 1 0
github.com/bi0dread/figo/v3/figo.go:2497.25,2498.73 1 0
github.com/bi0dread/figo/v3/figo.go:2498.73,2500.4 1 0
github.com/bi0dread/figo/v3/figo.go:2501.3,2501.12 1 0
github.com/bi0dread/figo/v3/figo.go:2503.2,2503.11 1 0
github.com/bi0dread/figo/v3/figo.go:2507.65,2508.25 1 1
github.com/bi0dread/figo/v3/figo.go:2508.25,2509.67 1 1
github.com/bi0dread/figo/v3/figo.go:2509.67,2511.4 1 1
github.com/bi0dread/figo/v3/figo.go:2512.3,2512.13 1 1
github.com/bi0dread/figo/v3/figo.go:2514.2,2514.12 1 0
github.com/bi0dread/figo/v3/figo.go:2520.51,2525.31 4 1
github.com/bi0dread/figo/v3/figo.go:2525.31,2527.3 1 1
github.com/bi0dread/figo/v3/figo.go:2531.39,2533.2 1 1
github.com/bi0dread/figo/v3/figo.go:2536.40,2538.2 1 1
github.com/bi0dread/figo/v3/figo.go:2541.50,2546.2 3 1
github.com/bi0dread/figo/v3/figo.go:2550.56,2551.23 1 1
github.com/bi0dread/figo/v3/figo.go:2551.23,2553.3 1 1
github.com/bi0dread/figo/v3/figo.go:2554.2,2554.31 1 1
github.com/bi0dread/figo/v3/figo.go:2558.51,2564.36 4 1
github.com/bi0dread/figo/v3/figo.go:2564.36,2566.3 1 1
github.com/bi0dread/figo/v3/figo.go:2567.2,2567.15 1 1
github.com/bi0dread/figo/v3/figo.go:2571.51,2573.2 1 1
github.com/bi0dread/figo/v3/figo.go:2576.45,2578.2 1 1
github.com/bi0dread/figo/v3/figo.go:2581.49,2583.2 1 1
github.com/bi0dread/figo/v3/figo.go:2586.47,2588.2 1 0
github.com/bi0dread/figo/v3/figo.go:2591.32,2593.2 1 1
github.com/bi0dread/figo/v3/figo.go:2595.24,2599.17 3 1
github.com/bi0dread/figo/v3/figo.go:2599.17,2601.3 1 1
github.com/bi0dread/figo/v3/figo.go:2604.2,2611.22 5 1
github.com/bi0dread/figo/v3/figo.go:2611.22,2613.23 1 1
github.com/bi0dread/figo/v3/figo.go:2613.23,2615.27 2 1
github.com/bi0dread/figo/v3/figo.go:2615.27,2617.5 1 1
github.com/bi0dread/figo/v3/figo.go:2618.9,2620.4 1 1
github.com/bi0dread/figo/v3/figo.go:2625.52,2626.26 1 1
github.com/bi0dread/figo/v3/figo.go:2627.14,2628.38 1 1
github.com/bi0dread/figo/v3/figo.go:2628.38,2630.4 1 1
github.com/bi0dread/figo/v3/figo.go:2631.3,2631.13 1 1
github.com/bi0dread/figo/v3/figo.go:2632.15,2633.38 1 0
github.com/bi0dread/figo/v3/figo.go:2633.38,2635.4 1 0
github.com/bi0dread/figo/v3/figo.go:2636.3,2636.13 1 0
github.com/bi0dread/figo/v3/figo.go:2637.14,2638.38 1 1
github.com/bi0dread/figo/v3/figo.go:2638.38,2640.4 1 1
github.com/bi0dread/figo/v3/figo.go:2641.3,2641.13 1 0
github.com/bi0dread/figo/v3/figo.go:2642.14,2643.38 1 0
github.com/bi0dread/figo/v3/figo.go:2643.38,2645.4 1 0
github.com/bi0dread/figo/v3/figo.go:2646.3,2646.13 1 0
github.com/bi0dread/figo/v3/figo.go:2647.15,2648.38 1 0
github.com/bi0dread/figo/v3/figo.go:2648.38,2650.4 1 0
github.com/bi0dread/figo/v3/figo.go:2651.3,2651.13 1 0
github.com/bi0dread/figo/v3/figo.go:2652.15,2653.38 1 0
github.com/bi0dread/figo/v3/figo.go:2653.38,2655.4 1 0
github.com/bi0dread/figo/v3/figo.go:2656.3,2656.13 1 0
github.com/bi0dread/figo/v3/figo.go:2657.16,2658.38 1 1
github.com/bi0dread/figo/v3/figo.go:2658.38,2660.4 1 1
github.com/bi0dread/figo/v3/figo.go:2661.3,2661.13 1 0
github.com/bi0dread/figo/v3/figo.go:2662.17,2663.38 1 0
github.com/bi0dread/figo/v3/figo.go:2663.38,2665.4 1 0
github.com/bi0dread/figo/v3/figo.go:2666.3,2666.13 1 0
github.com/bi0dread/figo/v3/figo.go:2667.17,2668.38 1 0
github.com/bi0dread/figo/v3/figo.go:2668.38,2670.4 1 0
github.com/bi0dread/figo/v3/figo.go:2671.3,2671.13 1 0
github.com/bi0dread/figo/v3/figo.go:2672.14,2673.38 1 0
github.com/bi0dread/figo/v3/figo.go:2673.38,2675.4 1 0
github.com/bi0dread/figo/v3/figo.go:2676.3,2676.13 1 0
github.com/bi0dread/figo/v3/figo.go:2677.17,2678.38 1 0
github.com/bi0dread/figo/v3/figo.go:2678.38,2680.4 1 0
github.com/bi0dread/figo/v3/figo.go:2681.3,2681.13 1 0
github.com/bi0dread/figo/v3/figo.go:2682.19,2683.38 1 0
github.com/bi0dread/figo/v3/figo.go:2683.38,2685.4 1 0
github.com/bi0dread/figo/v3/figo.go:2686.3,2686.13 1 0
github.com/bi0dread/figo/v3/figo.go:2687.18,2688.38 1 0
github.com/bi0dread/figo/v3/figo.go:2688.38,2690.4 1 0
github.com/bi0dread/figo/v3/figo.go:2691.3,2691.13 1 0
github.com/bi0dread/figo/v3/figo.go:2692.19,2693.38 1 0
github.com/bi0dread/figo/v3/figo.go:2693.38,2695.4 1 0
github.com/bi0dread/figo/v3/figo.go:2696.3,2696.13 1 0
github.com/bi0dread/figo/v3/figo.go:2697.15,2699.38 2 1
github.com/bi0dread/figo/v3/figo.go:2699.38,2700.67 1 1
github.com/bi0dread/figo/v3/figo.go:2700.67,2702.5 1 1
github.com/bi0dread/figo/v3/figo.go:2704.3,2704.33 1 1
github.com/bi0dread/figo/v3/figo.go:2704.33,2706.4 1 0
github.com/bi0dread/figo/v3/figo.go:2707.3,2707.33 1 1
github.com/bi0dread/figo/v3/figo.go:2707.33,2709.4 1 1
github.com/bi0dread/figo/v3/figo.go:2710.3,2710.45 1 1
github.com/bi0dread/figo/v3/figo.go:2711.14,2713.38 2 0
github.com/bi0dread/figo/v3/figo.go:2713.38,2714.67 1 0
github.com/bi0dread/figo/v3/figo.go:2714.67,2716.5 1 0
github.com/bi0dread/figo/v3/figo.go:2718.3,2718.33 1 0
github.com/bi0dread/figo/v3/figo.go:2718.33,2720.4 1 0
github.com/bi0dread/figo/v3/figo.go:2721.3,2721.33 1 0
github.com/bi0dread/figo/v3/figo.go:2721.33,2723.4 1 0
github.com/bi0dread/figo/v3/figo.go:2724.3,2724.44 1 0
github.com/bi0dread/figo/v3/figo.go:2725.15,2727.38 2 0
github.com/bi0dread/figo/v3/figo.go:2727.38,2728.67 1 0
github.com/bi0dread/figo/v3/figo.go:2728.67,2730.5 1 0
github.com/bi0dread/figo/v3/figo.go:2732.3,2732.33 1 0
github.com/bi0dread/figo/v3/figo.go:2732.33,2734.4 1 0
github.com/bi0dread/figo/v3/figo.go:2735.3,2735.45 1 0
github.com/bi0dread/figo/v3/figo.go:2736.10,2737.11 1 0
github.com/bi0dread/figo/v3/figo.go:2744.43,2746.2 1 0
github.com/bi0dread/figo/v3/figo.go:2749.38,2751.2 1 0
github.com/bi0dread/figo/v3/figo.go:2754.51,2756.38 2 1
github.com/bi0dread/figo/v3/figo.go:2756.38,2758.3 1 1
github.com/bi0dread/figo/v3/figo.go:2762.45,2764.2 1 1
github.com/bi0dread/figo/v3/figo.go:2767.43,2768.20 1 1
github.com/bi0dread/figo/v3/figo.go:2768.20,2770.3 1 0
github.com/bi0dread/figo/v3/figo.go:2771.2,2771.24 1 1
github.com/bi0dread/figo/v3/figo.go:2775.29,2776.20 1 0
github.com/bi0dread/figo/v3/figo.go:2776.20,2778.3 1 0
github.com/bi0dread/figo/v3/figo.go:2782.74,2802.2 4 1
github.com/bi0dread/figo/v3/figo.go:2805.76,2810.15 4 1
github.com/bi0dread/figo/v3/figo.go:2810.15,2813.3 2 1
github.com/bi0dread/figo/v3/figo.go:2815.2,2815.46 1 1
github.com/bi0dread/figo/v3/figo.go:2815.46,2817.3 1 1
github.com/bi0dread/figo/v3/figo.go:2819.2,2822.46 2 1
github.com/bi0dread/figo/v3/figo.go:2822.46,2823.37 1 1
github.com/bi0dread/figo/v3/figo.go:2823.37,2826.4 2 1
github.com/bi0dread/figo/v3/figo.go:2830.2,2834.12 4 1
github.com/bi0dread/figo/v3/figo.go:2838.71,2843.15 4 1
github.com/bi0dread/figo/v3/figo.go:2843.15,2846.3 2 1
github.com/bi0dread/figo/v3/figo.go:2848.2,2848.46 1 1
github.com/bi0dread/figo/v3/figo.go:2848.46,2850.3 1 1
github.com/bi0dread/figo/v3/figo.go:2852.2,2855.46 2 0
github.com/bi0dread/figo/v3/figo.go:2855.46,2856.38 1 0
github.com/bi0dread/figo/v3/figo.go:2856.38,2859.4 2 0
github.com/bi0dread/figo/v3/figo.go:2863.2,2864.18 2 0
github.com/bi0dread/figo/v3/figo.go:2864.18,2866.3 1 0
github.com/bi0dread/figo/v3/figo.go:2867.2,2869.14 2 0
github.com/bi0dread/figo/v3/figo.go:2875.67,2877.2 1 1
github.com/bi0dread/figo/v3/figo.go:2880.60,2882.2 1 1
github.com/bi0dread/figo/v3/figo.go:2885.37,2886.22 1 1
github.com/bi0dread/figo/v3/figo.go:2886.22,2888.3 1 0
github.com/bi0dread/figo/v3/figo.go:2889.2,2889.31 1 1
github.com/bi0dread/figo/v3/figo.go:2893.31,2894.22 1 1
github.com/bi0dread/figo/v3/figo.go:2894.22,2896.3 1 1
github.com/bi0dread/figo/v3/figo.go:2900.86,2901.22 1 1
github.com/bi0dread/figo/v3/figo.go:2901.22,2903.3 1 1
github.com/bi0dread/figo/v3/figo.go:2909.57,2911.2 1 1
github.com/bi0dread/figo/v3/figo.go:2914.50,2916.2 1 1
github.com/bi0dread/figo/v3/figo.go:2919.52,2920.28 1 1
github.com/bi0dread/figo/v3/figo.go:2920.28,2922.3 1 1
github.com/bi0dread/figo/v3/figo.go:2924.2,2924.63 1 1
github.com/bi0dread/figo/v3/figo.go:2924.63,2926.3 1 1
github.com/bi0dread/figo/v3/figo.go:2929.2,2929.29 1 1
github.com/bi0dread/figo/v3/figo.go:2933.52,2934.28 1 1
github.com/bi0dread/figo/v3/figo.go:2934.28,2936.3 1 0
github.com/bi0dread/figo/v3/figo.go:2937.2,2937.47 1 1
github.com/bi0dread/figo/v3/figo.go:2943.65,2945.2 1 1
github.com/bi0dread/figo/v3/figo.go:2948.58,2950.2 1 0
github.com/bi0dread/figo/v3/figo.go:2953.55,2954.32 1 1
github.com/bi0dread/figo/v3/figo.go:2954.32,2956.3 1 0
github.com/bi0dread/figo/v3/figo.go:2957.2,2957.35 1 1
github.com/bi0dread/figo/v3/figo.go:2961.55,2962.32 1 0
github.com/bi0dread/figo/v3/figo.go:2962.32,2964.3 1 0
github.com/bi0dread/figo/v3/figo.go:2965.2,2965.50 1 0
github.com/bi0dread/figo/v3/figo.go:2969.61,2970.32 1 1
github.com/bi0dread/figo/v3/figo.go:2970.32,2972.3 1 0
github.com/bi0dread/figo/v3/figo.go:2973.2,2973.51 1 1
github.com/bi0dread/figo/v3/test_getFinalExpr.go:7.25,36.31 2 0
github.com/bi0dread/figo/v3/test_getFinalExpr.go:36.31,43.17 6 0
github.com/bi0dread/figo/v3/test_getFinalExpr.go:43.17,45.12 2 0
github.com/bi0dread/figo/v3/test_getFinalExpr.go:48.3,52.34 4 0
github.com/bi0dread/figo/v3/test_getFinalExpr.go:52.34,54.4 1 0
